-- The C compiler identification is GNU 11.4.0
-- The CXX compiler identification is GNU 11.4.0
-- Detecting C compiler ABI info
-- Detecting C compiler ABI info - done
-- Check for working C compiler: /usr/bin/cc - skipped
-- Detecting C compile features
-- Detecting C compile features - done
-- Detecting CXX compiler ABI info
-- Detecting CXX compiler ABI info - done
-- Check for working CXX compiler: /usr/bin/c++ - skipped
-- Detecting CXX compile features
-- Detecting CXX compile features - done
-- Found ament_cmake: 1.3.5 (/opt/ros/humble/share/ament_cmake/cmake)
-- Found Python3: /usr/bin/python3.10 (found version "3.10.12") found components: Interpreter 
-- Found rosidl_default_generators: 1.2.0 (/opt/ros/humble/share/rosidl_default_generators/cmake)
-- Using all available rosidl_typesupport_c: rosidl_typesupport_fastrtps_c;rosidl_typesupport_introspection_c
-- Found rosidl_adapter: 3.1.5 (/opt/ros/humble/share/rosidl_adapter/cmake)
-- Using all available rosidl_typesupport_cpp: rosidl_typesupport_fastrtps_cpp;rosidl_typesupport_introspection_cpp
-- Found builtin_interfaces: 1.2.1 (/opt/ros/humble/share/builtin_interfaces/cmake)
-- Found rclcpp: 16.0.6 (/opt/ros/humble/share/rclcpp/cmake)
-- Found rmw_implementation_cmake: 6.1.1 (/opt/ros/humble/share/rmw_implementation_cmake/cmake)
-- Found rmw_fastrtps_cpp: 6.2.4 (/opt/ros/humble/share/rmw_fastrtps_cpp/cmake)
-- Found OpenSSL: /usr/lib/x86_64-linux-gnu/libcrypto.so (found version "3.0.2")  
-- Found FastRTPS: /opt/ros/humble/include  
-- Using RMW implementation 'rmw_fastrtps_cpp' as default
-- Looking for pthread.h
-- Looking for pthread.h - found
-- Performing Test CMAKE_HAVE_LIBC_PTHREAD
-- Performing Test CMAKE_HAVE_LIBC_PTHREAD - Success
-- Found Threads: TRUE  
-- Found ament_cmake_ros: 0.10.0 (/opt/ros/humble/share/ament_cmake_ros/cmake)
-- Using all available rosidl_typesupport_c: rosidl_typesupport_fastrtps_c;rosidl_typesupport_introspection_c
-- Using all available rosidl_typesupport_cpp: rosidl_typesupport_fastrtps_cpp;rosidl_typesupport_introspection_cpp
-- Found PythonInterp: /usr/bin/python3 (found suitable version "3.10.12", minimum required is "3.6") 
-- Found python_cmake_module: 0.10.0 (/opt/ros/humble/share/python_cmake_module/cmake)
-- Found PythonLibs: /usr/lib/x86_64-linux-gnu/libpython3.10.so (found suitable version "3.10.12", minimum required is "3.5") 
-- Using PYTHON_EXECUTABLE: /usr/bin/python3
-- Using PYTHON_INCLUDE_DIRS: /usr/include/python3.10
-- Using PYTHON_LIBRARIES: /usr/lib/x86_64-linux-gnu/libpython3.10.so
-- Found PythonExtra: .so  
-- Configuring done
-- Generating done
-- Build files have been written to: /home/ubuntu/Desktop/ros2_ws/CatchRobo-r08/build/robstride_core
[  2%] [34m[1mGenerating C code for ROS interfaces[0m
[  4%] [34m[1mGenerating C++ code for ROS interfaces[0m
[  4%] Built target ament_cmake_python_copy_robstride_core
running egg_info
creating robstride_core.egg-info
writing robstride_core.egg-info/PKG-INFO
writing dependency_links to robstride_core.egg-info/dependency_links.txt
writing top-level names to robstride_core.egg-info/top_level.txt
writing manifest file 'robstride_core.egg-info/SOURCES.txt'
reading manifest file 'robstride_core.egg-info/SOURCES.txt'
writing manifest file 'robstride_core.egg-info/SOURCES.txt'
[  4%] Built target ament_cmake_python_build_robstride_core_egg
[  4%] Built target robstride_core__cpp
[  6%] [34m[1mGenerating C++ type support dispatch for ROS interfaces[0m
[ 11%] [34m[1mGenerating C++ type support for eProsima Fast-RTPS[0m
[ 11%] [34m[1mGenerating C++ introspection for ROS interfaces[0m
[ 13%] [32mBuilding C object CMakeFiles/robstride_core__rosidl_generator_c.dir/rosidl_generator_c/robstride_core/msg/detail/mit_cmd__functions.c.o[0m
[ 16%] [32mBuilding C object CMakeFiles/robstride_core__rosidl_generator_c.dir/rosidl_generator_c/robstride_core/msg/detail/goal_event__functions.c.o[0m
[ 18%] [32m[1mLinking C shared library librobstride_core__rosidl_generator_c.so[0m
[ 18%] Built target robstride_core__rosidl_generator_c
[ 20%] [34m[1mGenerating C type support for eProsima Fast-RTPS[0m
[ 23%] [34m[1mGenerating C introspection for ROS interfaces[0m
[ 25%] [34m[1mGenerating C type support dispatch for ROS interfaces[0m
[ 30%] [32mBuilding CXX object CMakeFiles/robstride_core__rosidl_typesupport_cpp.dir/rosidl_typesupport_cpp/robstride_core/msg/mit_cmd__type_support.cpp.o[0m
[ 30%] [32mBuilding CXX object CMakeFiles/robstride_core__rosidl_typesupport_cpp.dir/rosidl_typesupport_cpp/robstride_core/msg/goal_event__type_support.cpp.o[0m
[ 34%] [32mBuilding CXX object CMakeFiles/robstride_core__rosidl_typesupport_introspection_cpp.dir/rosidl_typesupport_introspection_cpp/robstride_core/msg/detail/mit_cmd__type_support.cpp.o[0m
[ 34%] [32mBuilding CXX object CMakeFiles/robstride_core__rosidl_typesupport_introspection_cpp.dir/rosidl_typesupport_introspection_cpp/robstride_core/msg/detail/goal_event__type_support.cpp.o[0m
[ 39%] [32mBuilding CXX object CMakeFiles/robstride_core__rosidl_typesupport_fastrtps_cpp.dir/rosidl_typesupport_fastrtps_cpp/robstride_core/msg/detail/dds_fastrtps/mit_cmd__type_support.cpp.o[0m
[ 39%] [32mBuilding CXX object CMakeFiles/robstride_core__rosidl_typesupport_fastrtps_cpp.dir/rosidl_typesupport_fastrtps_cpp/robstride_core/msg/detail/dds_fastrtps/goal_event__type_support.cpp.o[0m
[ 44%] [32mBuilding CXX object CMakeFiles/robstride_core__rosidl_typesupport_c.dir/rosidl_typesupport_c/robstride_core/msg/goal_event__type_support.cpp.o[0m
[ 44%] [32mBuilding CXX object CMakeFiles/robstride_core__rosidl_typesupport_c.dir/rosidl_typesupport_c/robstride_core/msg/mit_cmd__type_support.cpp.o[0m
[ 46%] [32mBuilding C object CMakeFiles/robstride_core__rosidl_typesupport_introspection_c.dir/rosidl_typesupport_introspection_c/robstride_core/msg/detail/mit_cmd__type_support.c.o[0m
[ 48%] [32mBuilding C object CMakeFiles/robstride_core__rosidl_typesupport_introspection_c.dir/rosidl_typesupport_introspection_c/robstride_core/msg/detail/goal_event__type_support.c.o[0m
[ 55%] [32mBuilding CXX object CMakeFiles/robstride_core__rosidl_typesupport_fastrtps_c.dir/rosidl_typesupport_fastrtps_c/robstride_core/msg/detail/goal_event__type_support_c.cpp.o[0m
[ 55%] [32mBuilding CXX object CMakeFiles/robstride_core__rosidl_typesupport_fastrtps_c.dir/rosidl_typesupport_fastrtps_c/robstride_core/msg/detail/mit_cmd__type_support_c.cpp.o[0m
[ 55%] [32m[1mLinking CXX shared library librobstride_core__rosidl_typesupport_c.so[0m
[ 58%] [32m[1mLinking C shared library librobstride_core__rosidl_typesupport_introspection_c.so[0m
[ 58%] Built target robstride_core__rosidl_typesupport_c
[ 58%] Built target robstride_core__rosidl_typesupport_introspection_c
[ 60%] [32m[1mLinking CXX shared library librobstride_core__rosidl_typesupport_cpp.so[0m
[ 60%] Built target robstride_core__rosidl_typesupport_cpp
[ 62%] [32m[1mLinking CXX shared library librobstride_core__rosidl_typesupport_introspection_cpp.so[0m
[ 65%] [32m[1mLinking CXX shared library librobstride_core__rosidl_typesupport_fastrtps_cpp.so[0m
[ 65%] Built target robstride_core__rosidl_typesupport_introspection_cpp
[ 65%] Built target robstride_core__rosidl_typesupport_fastrtps_cpp
[ 67%] [32m[1mLinking CXX shared library librobstride_core__rosidl_typesupport_fastrtps_c.so[0m
[ 67%] Built target robstride_core__rosidl_typesupport_fastrtps_c
[ 67%] Built target robstride_core
[ 74%] [32mBuilding CXX object CMakeFiles/control_node.dir/src/control.cpp.o[0m
[ 74%] [32mBuilding CXX object CMakeFiles/at_bridge_cmd2at.dir/src/at_bridge_cmd2at.cpp.o[0m
[ 74%] [34m[1mGenerating Python code for ROS interfaces[0m
[ 74%] Built target robstride_core__py
[ 76%] [32m[1mLinking CXX executable control_node[0m
[ 76%] Built target control_node
