[  2%] Built target robstride_core__cpp
[ 11%] Built target robstride_core__rosidl_generator_c
[ 15%] Built target csv_sequencer_node
[ 15%] Built target ament_cmake_python_copy_robstride_core
[ 42%] Built target robstride_core__rosidl_typesupport_introspection_c
[ 42%] Built target robstride_core__rosidl_typesupport_cpp
[ 42%] Built target robstride_core__rosidl_typesupport_fastrtps_cpp
[ 51%] Built target robstride_core__rosidl_typesupport_fastrtps_c
[ 60%] Built target robstride_core__rosidl_typesupport_c
[ 68%] Built target robstride_core__rosidl_typesupport_introspection_cpp
[35m[1mConsolidate compiler generated dependencies of target control_node[0m
[ 68%] Built target robstride_core
[ 73%] Built target at_bridge_cmd2at
[ 75%] [32mBuilding CXX object CMakeFiles/control_node.dir/src/control.cpp.o[0m
[ 77%] Built target robstride_core__py
[ 84%] Built target robstride_core__rosidl_generator_py
[ 95%] Built target robstride_core__rosidl_typesupport_fastrtps_c__pyext
[ 97%] Built target robstride_core__rosidl_typesupport_c__pyext
[ 97%] Built target robstride_core__rosidl_typesupport_introspection_c__pyext
running egg_info
writing robstride_core.egg-info/PKG-INFO
writing dependency_links to robstride_core.egg-info/dependency_links.txt
writing top-level names to robstride_core.egg-info/top_level.txt
reading manifest file 'robstride_core.egg-info/SOURCES.txt'
writing manifest file 'robstride_core.egg-info/SOURCES.txt'
[ 97%] Built target ament_cmake_python_build_robstride_core_egg
[100%] [32m[1mLinking CXX executable control_node[0m
[100%] Built target control_node
-- Install configuration: ""
-- Up-to-date: /home/ubuntu/Desktop/ros2_ws/CatchRobo-r08/install/robstride_core/share/ament_index/resource_index/rosidl_interfaces/robstride_core
-- Up-to-date: /home/ubuntu/Desktop/ros2_ws/CatchRobo-r08/install/robstride_core/include/robstride_core/robstride_core
-- Up-to-date: /home/ubuntu/Desktop/ros2_ws/CatchRobo-r08/install/robstride_core/include/robstride_core/robstride_core/msg
-- Up-to-date: /home/ubuntu/Desktop/ros2_ws/CatchRobo-r08/install/robstride_core/include/robstride_core/robstride_core/msg/mit_cmd.h
-- Up-to-date: /home/ubuntu/Desktop/ros2_ws/CatchRobo-r08/install/robstride_core/include/robstride_core/robstride_core/msg/goal_event.h
-- Up-to-date: /home/ubuntu/Desktop/ros2_ws/CatchRobo-r08/install/robstride_core/include/robstride_core/robstride_core/msg/detail
-- Up-to-date: /home/ubuntu/Desktop/ros2_ws/CatchRobo-r08/install/robstride_core/include/robstride_core/robstride_core/msg/detail/mit_cmd__functions.c
-- Up-to-date: /home/ubuntu/Desktop/ros2_ws/CatchRobo-r08/install/robstride_core/include/robstride_core/robstride_core/msg/detail/goal_event__type_support.h
-- Up-to-date: /home/ubuntu/Desktop/ros2_ws/CatchRobo-r08/install/robstride_core/include/robstride_core/robstride_core/msg/detail/mit_cmd__functions.h
-- Up-to-date: /home/ubuntu/Desktop/ros2_ws/CatchRobo-r08/install/robstride_core/include/robstride_core/robstride_core/msg/detail/goal_event__struct.h
-- Up-to-date: /home/ubuntu/Desktop/ros2_ws/CatchRobo-r08/install/robstride_core/include/robstride_core/robstride_core/msg/detail/mit_cmd__struct.h
-- Up-to-date: /home/ubuntu/Desktop/ros2_ws/CatchRobo-r08/install/robstride_core/include/robstride_core/robstride_core/msg/detail/mit_cmd__type_support.h
-- Up-to-date: /home/ubuntu/Desktop/ros2_ws/CatchRobo-r08/install/robstride_core/include/robstride_core/robstride_core/msg/detail/goal_event__functions.h
-- Up-to-date: /home/ubuntu/Desktop/ros2_ws/CatchRobo-r08/install/robstride_core/include/robstride_core/robstride_core/msg/detail/goal_event__functions.c
-- Up-to-date: /home/ubuntu/Desktop/ros2_ws/CatchRobo-r08/install/robstride_core/include/robstride_core/robstride_core/msg/rosidl_generator_c__visibility_control.h
-- Up-to-date: /home/ubuntu/Desktop/ros2_ws/CatchRobo-r08/install/robstride_core/share/robstride_core/environment/library_path.sh
-- Installing: /home/ubuntu/Desktop/ros2_ws/CatchRobo-r08/install/robstride_core/share/robstride_core/environment/library_path.dsv
-- Up-to-date: /home/ubuntu/Desktop/ros2_ws/CatchRobo-r08/install/robstride_core/lib/librobstride_core__rosidl_generator_c.so
-- Up-to-date: /home/ubuntu/Desktop/ros2_ws/CatchRobo-r08/install/robstride_core/include/robstride_core/robstride_core
-- Up-to-date: /home/ubuntu/Desktop/ros2_ws/CatchRobo-r08/install/robstride_core/include/robstride_core/robstride_core/msg
-- Up-to-date: /home/ubuntu/Desktop/ros2_ws/CatchRobo-r08/install/robstride_core/include/robstride_core/robstride_core/msg/detail
-- Up-to-date: /home/ubuntu/Desktop/ros2_ws/CatchRobo-r08/install/robstride_core/include/robstride_core/robstride_core/msg/detail/goal_event__rosidl_typesupport_fastrtps_c.h
-- Up-to-date: /home/ubuntu/Desktop/ros2_ws/CatchRobo-r08/install/robstride_core/include/robstride_core/robstride_core/msg/detail/mit_cmd__rosidl_typesupport_fastrtps_c.h
-- Up-to-date: /home/ubuntu/Desktop/ros2_ws/CatchRobo-r08/install/robstride_core/include/robstride_core/robstride_core/msg/rosidl_typesupport_fastrtps_c__visibility_control.h
-- Up-to-date: /home/ubuntu/Desktop/ros2_ws/CatchRobo-r08/install/robstride_core/lib/librobstride_core__rosidl_typesupport_fastrtps_c.so
-- Up-to-date: /home/ubuntu/Desktop/ros2_ws/CatchRobo-r08/install/robstride_core/include/robstride_core/robstride_core
-- Up-to-date: /home/ubuntu/Desktop/ros2_ws/CatchRobo-r08/install/robstride_core/include/robstride_core/robstride_core/msg
-- Up-to-date: /home/ubuntu/Desktop/ros2_ws/CatchRobo-r08/install/robstride_core/include/robstride_core/robstride_core/msg/detail
-- Up-to-date: /home/ubuntu/Desktop/ros2_ws/CatchRobo-r08/install/robstride_core/include/robstride_core/robstride_core/msg/detail/goal_event__type_support.c
-- Up-to-date: /home/ubuntu/Desktop/ros2_ws/CatchRobo-r08/install/robstride_core/include/robstride_core/robstride_core/msg/detail/goal_event__rosidl_typesupport_introspection_c.h
-- Up-to-date: /home/ubuntu/Desktop/ros2_ws/CatchRobo-r08/install/robstride_core/include/robstride_core/robstride_core/msg/detail/mit_cmd__rosidl_typesupport_introspection_c.h
-- Up-to-date: /home/ubuntu/Desktop/ros2_ws/CatchRobo-r08/install/robstride_core/include/robstride_core/robstride_core/msg/detail/mit_cmd__type_support.c
-- Up-to-date: /home/ubuntu/Desktop/ros2_ws/CatchRobo-r08/install/robstride_core/include/robstride_core/robstride_core/msg/rosidl_typesupport_introspection_c__visibility_control.h
-- Up-to-date: /home/ubuntu/Desktop/ros2_ws/CatchRobo-r08/install/robstride_core/lib/librobstride_core__rosidl_typesupport_introspection_c.so
-- Up-to-date: /home/ubuntu/Desktop/ros2_ws/CatchRobo-r08/install/robstride_core/lib/librobstride_core__rosidl_typesupport_c.so
-- Up-to-date: /home/ubuntu/Desktop/ros2_ws/CatchRobo-r08/install/robstride_core/include/robstride_core/robstride_core
-- Up-to-date: /home/ubuntu/Desktop/ros2_ws/CatchRobo-r08/install/robstride_core/include/robstride_core/robstride_core/msg
-- Up-to-date: /home/ubuntu/Desktop/ros2_ws/CatchRobo-r08/install/robstride_core/include/robstride_core/robstride_core/msg/detail
-- Up-to-date: /home/ubuntu/Desktop/ros2_ws/CatchRobo-r08/install/robstride_core/include/robstride_core/robstride_core/msg/detail/mit_cmd__builder.hpp
-- Up-to-date: /home/ubuntu/Desktop/ros2_ws/CatchRobo-r08/install/robstride_core/include/robstride_core/robstride_core/msg/detail/mit_cmd__struct.hpp
-- Up-to-date: /home/ubuntu/Desktop/ros2_ws/CatchRobo-r08/install/robstride_core/include/robstride_core/robstride_core/msg/detail/goal_event__builder.hpp
-- Up-to-date: /home/ubuntu/Desktop/ros2_ws/CatchRobo-r08/install/robstride_core/include/robstride_core/robstride_core/msg/detail/goal_event__struct.hpp
-- Up-to-date: /home/ubuntu/Desktop/ros2_ws/CatchRobo-r08/install/robstride_core/include/robstride_core/robstride_core/msg/detail/mit_cmd__traits.hpp
-- Up-to-date: /home/ubuntu/Desktop/ros2_ws/CatchRobo-r08/install/robstride_core/include/robstride_core/robstride_core/msg/detail/goal_event__traits.hpp
-- Up-to-date: /home/ubuntu/Desktop/ros2_ws/CatchRobo-r08/install/robstride_core/include/robstride_core/robstride_core/msg/mit_cmd.hpp
-- Up-to-date: /home/ubuntu/Desktop/ros2_ws/CatchRobo-r08/install/robstride_core/include/robstride_core/robstride_core/msg/goal_event.hpp
-- Up-to-date: /home/ubuntu/Desktop/ros2_ws/CatchRobo-r08/install/robstride_core/include/robstride_core/robstride_core
-- Up-to-date: /home/ubuntu/Desktop/ros2_ws/CatchRobo-r08/install/robstride_core/include/robstride_core/robstride_core/msg
-- Up-to-date: /home/ubuntu/Desktop/ros2_ws/CatchRobo-r08/install/robstride_core/include/robstride_core/robstride_core/msg/rosidl_typesupport_fastrtps_cpp__visibility_control.h
-- Up-to-date: /home/ubuntu/Desktop/ros2_ws/CatchRobo-r08/install/robstride_core/include/robstride_core/robstride_core/msg/detail
-- Up-to-date: /home/ubuntu/Desktop/ros2_ws/CatchRobo-r08/install/robstride_core/include/robstride_core/robstride_core/msg/detail/goal_event__rosidl_typesupport_fastrtps_cpp.hpp
-- Up-to-date: /home/ubuntu/Desktop/ros2_ws/CatchRobo-r08/install/robstride_core/include/robstride_core/robstride_core/msg/detail/dds_fastrtps
-- Up-to-date: /home/ubuntu/Desktop/ros2_ws/CatchRobo-r08/install/robstride_core/include/robstride_core/robstride_core/msg/detail/mit_cmd__rosidl_typesupport_fastrtps_cpp.hpp
-- Up-to-date: /home/ubuntu/Desktop/ros2_ws/CatchRobo-r08/install/robstride_core/lib/librobstride_core__rosidl_typesupport_fastrtps_cpp.so
-- Up-to-date: /home/ubuntu/Desktop/ros2_ws/CatchRobo-r08/install/robstride_core/include/robstride_core/robstride_core
-- Up-to-date: /home/ubuntu/Desktop/ros2_ws/CatchRobo-r08/install/robstride_core/include/robstride_core/robstride_core/msg
-- Up-to-date: /home/ubuntu/Desktop/ros2_ws/CatchRobo-r08/install/robstride_core/include/robstride_core/robstride_core/msg/detail
-- Up-to-date: /home/ubuntu/Desktop/ros2_ws/CatchRobo-r08/install/robstride_core/include/robstride_core/robstride_core/msg/detail/goal_event__rosidl_typesupport_introspection_cpp.hpp
-- Up-to-date: /home/ubuntu/Desktop/ros2_ws/CatchRobo-r08/install/robstride_core/include/robstride_core/robstride_core/msg/detail/goal_event__type_support.cpp
-- Up-to-date: /home/ubuntu/Desktop/ros2_ws/CatchRobo-r08/install/robstride_core/include/robstride_core/robstride_core/msg/detail/mit_cmd__rosidl_typesupport_introspection_cpp.hpp
-- Up-to-date: /home/ubuntu/Desktop/ros2_ws/CatchRobo-r08/install/robstride_core/include/robstride_core/robstride_core/msg/detail/mit_cmd__type_support.cpp
-- Up-to-date: /home/ubuntu/Desktop/ros2_ws/CatchRobo-r08/install/robstride_core/lib/librobstride_core__rosidl_typesupport_introspection_cpp.so
-- Up-to-date: /home/ubuntu/Desktop/ros2_ws/CatchRobo-r08/install/robstride_core/lib/librobstride_core__rosidl_typesupport_cpp.so
-- Up-to-date: /home/ubuntu/Desktop/ros2_ws/CatchRobo-r08/install/robstride_core/share/robstride_core/environment/pythonpath.sh
-- Installing: /home/ubuntu/Desktop/ros2_ws/CatchRobo-r08/install/robstride_core/share/robstride_core/environment/pythonpath.dsv
-- Up-to-date: /home/ubuntu/Desktop/ros2_ws/CatchRobo-r08/install/robstride_core/local/lib/python3.10/dist-packages/robstride_core-0.0.1-py3.10.egg-info
-- Installing: /home/ubuntu/Desktop/ros2_ws/CatchRobo-r08/install/robstride_core/local/lib/python3.10/dist-packages/robstride_core-0.0.1-py3.10.egg-info/dependency_links.txt
-- Installing: /home/ubuntu/Desktop/ros2_ws/CatchRobo-r08/install/robstride_core/local/lib/python3.10/dist-packages/robstride_core-0.0.1-py3.10.egg-info/SOURCES.txt
-- Installing: /home/ubuntu/Desktop/ros2_ws/CatchRobo-r08/install/robstride_core/local/lib/python3.10/dist-packages/robstride_core-0.0.1-py3.10.egg-info/top_level.txt
-- Installing: /home/ubuntu/Desktop/ros2_ws/CatchRobo-r08/install/robstride_core/local/lib/python3.10/dist-packages/robstride_core-0.0.1-py3.10.egg-info/PKG-INFO
-- Up-to-date: /home/ubuntu/Desktop/ros2_ws/CatchRobo-r08/install/robstride_core/local/lib/python3.10/dist-packages/robstride_core
-- Up-to-date: /home/ubuntu/Desktop/ros2_ws/CatchRobo-r08/install/robstride_core/local/lib/python3.10/dist-packages/robstride_core/msg
-- Up-to-date: /home/ubuntu/Desktop/ros2_ws/CatchRobo-r08/install/robstride_core/local/lib/python3.10/dist-packages/robstride_core/msg/__init__.py
-- Up-to-date: /home/ubuntu/Desktop/ros2_ws/CatchRobo-r08/install/robstride_core/local/lib/python3.10/dist-packages/robstride_core/msg/_goal_event_s.c
-- Up-to-date: /home/ubuntu/Desktop/ros2_ws/CatchRobo-r08/install/robstride_core/local/lib/python3.10/dist-packages/robstride_core/msg/_goal_event.py
-- Up-to-date: /home/ubuntu/Desktop/ros2_ws/CatchRobo-r08/install/robstride_core/local/lib/python3.10/dist-packages/robstride_core/msg/_mit_cmd_s.c
-- Up-to-date: /home/ubuntu/Desktop/ros2_ws/CatchRobo-r08/install/robstride_core/local/lib/python3.10/dist-packages/robstride_core/msg/_mit_cmd.py
-- Installing: /home/ubuntu/Desktop/ros2_ws/CatchRobo-r08/install/robstride_core/local/lib/python3.10/dist-packages/robstride_core/__init__.py
-- Up-to-date: /home/ubuntu/Desktop/ros2_ws/CatchRobo-r08/install/robstride_core/local/lib/python3.10/dist-packages/robstride_core/_robstride_core_s.ep.rosidl_typesupport_introspection_c.c
-- Up-to-date: /home/ubuntu/Desktop/ros2_ws/CatchRobo-r08/install/robstride_core/local/lib/python3.10/dist-packages/robstride_core/robstride_core_s__rosidl_typesupport_fastrtps_c.cpython-310-x86_64-linux-gnu.so
-- Up-to-date: /home/ubuntu/Desktop/ros2_ws/CatchRobo-r08/install/robstride_core/local/lib/python3.10/dist-packages/robstride_core/_robstride_core_s.ep.rosidl_typesupport_fastrtps_c.c
-- Up-to-date: /home/ubuntu/Desktop/ros2_ws/CatchRobo-r08/install/robstride_core/local/lib/python3.10/dist-packages/robstride_core/robstride_core_s__rosidl_typesupport_c.cpython-310-x86_64-linux-gnu.so
-- Up-to-date: /home/ubuntu/Desktop/ros2_ws/CatchRobo-r08/install/robstride_core/local/lib/python3.10/dist-packages/robstride_core/robstride_core_s__rosidl_typesupport_introspection_c.cpython-310-x86_64-linux-gnu.so
-- Up-to-date: /home/ubuntu/Desktop/ros2_ws/CatchRobo-r08/install/robstride_core/local/lib/python3.10/dist-packages/robstride_core/_robstride_core_s.ep.rosidl_typesupport_c.c
-- Up-to-date: /home/ubuntu/Desktop/ros2_ws/CatchRobo-r08/install/robstride_core/local/lib/python3.10/dist-packages/robstride_core/librobstride_core__rosidl_generator_py.so
Listing '/home/ubuntu/Desktop/ros2_ws/CatchRobo-r08/install/robstride_core/local/lib/python3.10/dist-packages/robstride_core'...
Compiling '/home/ubuntu/Desktop/ros2_ws/CatchRobo-r08/install/robstride_core/local/lib/python3.10/dist-packages/robstride_core/__init__.py'...
Listing '/home/ubuntu/Desktop/ros2_ws/CatchRobo-r08/install/robstride_core/local/lib/python3.10/dist-packages/robstride_core/msg'...
Compiling '/home/ubuntu/Desktop/ros2_ws/CatchRobo-r08/install/robstride_core/local/lib/python3.10/dist-packages/robstride_core/msg/__init__.py'...
Compiling '/home/ubuntu/Desktop/ros2_ws/CatchRobo-r08/install/robstride_core/local/lib/python3.10/dist-packages/robstride_core/msg/_goal_event.py'...
Compiling '/home/ubuntu/Desktop/ros2_ws/CatchRobo-r08/install/robstride_core/local/lib/python3.10/dist-packages/robstride_core/msg/_mit_cmd.py'...
-- Up-to-date: /home/ubuntu/Desktop/ros2_ws/CatchRobo-r08/install/robstride_core/local/lib/python3.10/dist-packages/robstride_core/robstride_core_s__rosidl_typesupport_fastrtps_c.cpython-310-x86_64-linux-gnu.so
-- Up-to-date: /home/ubuntu/Desktop/ros2_ws/CatchRobo-r08/install/robstride_core/local/lib/python3.10/dist-packages/robstride_core/robstride_core_s__rosidl_typesupport_introspection_c.cpython-310-x86_64-linux-gnu.so
-- Up-to-date: /home/ubuntu/Desktop/ros2_ws/CatchRobo-r08/install/robstride_core/local/lib/python3.10/dist-packages/robstride_core/robstride_core_s__rosidl_typesupport_c.cpython-310-x86_64-linux-gnu.so
-- Up-to-date: /home/ubuntu/Desktop/ros2_ws/CatchRobo-r08/install/robstride_core/lib/librobstride_core__rosidl_generator_py.so
-- Up-to-date: /home/ubuntu/Desktop/ros2_ws/CatchRobo-r08/install/robstride_core/share/robstride_core/msg/MitCmd.idl
-- Up-to-date: /home/ubuntu/Desktop/ros2_ws/CatchRobo-r08/install/robstride_core/share/robstride_core/msg/GoalEvent.idl
-- Up-to-date: /home/ubuntu/Desktop/ros2_ws/CatchRobo-r08/install/robstride_core/share/robstride_core/msg/MitCmd.msg
-- Up-to-date: /home/ubuntu/Desktop/ros2_ws/CatchRobo-r08/install/robstride_core/share/robstride_core/msg/GoalEvent.msg
-- Installing: /home/ubuntu/Desktop/ros2_ws/CatchRobo-r08/install/robstride_core/lib/robstride_core/at_bridge_cmd2at
-- Set runtime path of "/home/ubuntu/Desktop/ros2_ws/CatchRobo-r08/install/robstride_core/lib/robstride_core/at_bridge_cmd2at" to ""
-- Installing: /home/ubuntu/Desktop/ros2_ws/CatchRobo-r08/install/robstride_core/lib/robstride_core/control_node
-- Set runtime path of "/home/ubuntu/Desktop/ros2_ws/CatchRobo-r08/install/robstride_core/lib/robstride_core/control_node" to ""
-- Installing: /home/ubuntu/Desktop/ros2_ws/CatchRobo-r08/install/robstride_core/lib/robstride_core/csv_sequencer_node
-- Set runtime path of "/home/ubuntu/Desktop/ros2_ws/CatchRobo-r08/install/robstride_core/lib/robstride_core/csv_sequencer_node" to ""
-- Up-to-date: /home/ubuntu/Desktop/ros2_ws/CatchRobo-r08/install/robstride_core/include
-- Up-to-date: /home/ubuntu/Desktop/ros2_ws/CatchRobo-r08/install/robstride_core/include/robstride_core
-- Up-to-date: /home/ubuntu/Desktop/ros2_ws/CatchRobo-r08/install/robstride_core/include/robstride_core/at_wire.hpp
-- Installing: /home/ubuntu/Desktop/ros2_ws/CatchRobo-r08/install/robstride_core/share/ament_index/resource_index/package_run_dependencies/robstride_core
-- Up-to-date: /home/ubuntu/Desktop/ros2_ws/CatchRobo-r08/install/robstride_core/share/ament_index/resource_index/parent_prefix_path/robstride_core
-- Up-to-date: /home/ubuntu/Desktop/ros2_ws/CatchRobo-r08/install/robstride_core/share/robstride_core/environment/ament_prefix_path.sh
-- Installing: /home/ubuntu/Desktop/ros2_ws/CatchRobo-r08/install/robstride_core/share/robstride_core/environment/ament_prefix_path.dsv
-- Up-to-date: /home/ubuntu/Desktop/ros2_ws/CatchRobo-r08/install/robstride_core/share/robstride_core/environment/path.sh
-- Installing: /home/ubuntu/Desktop/ros2_ws/CatchRobo-r08/install/robstride_core/share/robstride_core/environment/path.dsv
-- Up-to-date: /home/ubuntu/Desktop/ros2_ws/CatchRobo-r08/install/robstride_core/share/robstride_core/local_setup.bash
-- Up-to-date: /home/ubuntu/Desktop/ros2_ws/CatchRobo-r08/install/robstride_core/share/robstride_core/local_setup.sh
-- Up-to-date: /home/ubuntu/Desktop/ros2_ws/CatchRobo-r08/install/robstride_core/share/robstride_core/local_setup.zsh
-- Installing: /home/ubuntu/Desktop/ros2_ws/CatchRobo-r08/install/robstride_core/share/robstride_core/local_setup.dsv
-- Installing: /home/ubuntu/Desktop/ros2_ws/CatchRobo-r08/install/robstride_core/share/robstride_core/package.dsv
-- Up-to-date: /home/ubuntu/Desktop/ros2_ws/CatchRobo-r08/install/robstride_core/share/ament_index/resource_index/packages/robstride_core
-- Up-to-date: /home/ubuntu/Desktop/ros2_ws/CatchRobo-r08/install/robstride_core/share/robstride_core/cmake/export_robstride_core__rosidl_generator_cExport.cmake
-- Up-to-date: /home/ubuntu/Desktop/ros2_ws/CatchRobo-r08/install/robstride_core/share/robstride_core/cmake/export_robstride_core__rosidl_generator_cExport-noconfig.cmake
-- Up-to-date: /home/ubuntu/Desktop/ros2_ws/CatchRobo-r08/install/robstride_core/share/robstride_core/cmake/export_robstride_core__rosidl_typesupport_fastrtps_cExport.cmake
-- Up-to-date: /home/ubuntu/Desktop/ros2_ws/CatchRobo-r08/install/robstride_core/share/robstride_core/cmake/export_robstride_core__rosidl_typesupport_fastrtps_cExport-noconfig.cmake
-- Up-to-date: /home/ubuntu/Desktop/ros2_ws/CatchRobo-r08/install/robstride_core/share/robstride_core/cmake/robstride_core__rosidl_typesupport_introspection_cExport.cmake
-- Up-to-date: /home/ubuntu/Desktop/ros2_ws/CatchRobo-r08/install/robstride_core/share/robstride_core/cmake/robstride_core__rosidl_typesupport_introspection_cExport-noconfig.cmake
-- Up-to-date: /home/ubuntu/Desktop/ros2_ws/CatchRobo-r08/install/robstride_core/share/robstride_core/cmake/robstride_core__rosidl_typesupport_cExport.cmake
-- Up-to-date: /home/ubuntu/Desktop/ros2_ws/CatchRobo-r08/install/robstride_core/share/robstride_core/cmake/robstride_core__rosidl_typesupport_cExport-noconfig.cmake
-- Up-to-date: /home/ubuntu/Desktop/ros2_ws/CatchRobo-r08/install/robstride_core/share/robstride_core/cmake/export_robstride_core__rosidl_generator_cppExport.cmake
-- Up-to-date: /home/ubuntu/Desktop/ros2_ws/CatchRobo-r08/install/robstride_core/share/robstride_core/cmake/export_robstride_core__rosidl_typesupport_fastrtps_cppExport.cmake
-- Up-to-date: /home/ubuntu/Desktop/ros2_ws/CatchRobo-r08/install/robstride_core/share/robstride_core/cmake/export_robstride_core__rosidl_typesupport_fastrtps_cppExport-noconfig.cmake
-- Up-to-date: /home/ubuntu/Desktop/ros2_ws/CatchRobo-r08/install/robstride_core/share/robstride_core/cmake/robstride_core__rosidl_typesupport_introspection_cppExport.cmake
-- Up-to-date: /home/ubuntu/Desktop/ros2_ws/CatchRobo-r08/install/robstride_core/share/robstride_core/cmake/robstride_core__rosidl_typesupport_introspection_cppExport-noconfig.cmake
-- Up-to-date: /home/ubuntu/Desktop/ros2_ws/CatchRobo-r08/install/robstride_core/share/robstride_core/cmake/robstride_core__rosidl_typesupport_cppExport.cmake
-- Up-to-date: /home/ubuntu/Desktop/ros2_ws/CatchRobo-r08/install/robstride_core/share/robstride_core/cmake/robstride_core__rosidl_typesupport_cppExport-noconfig.cmake
-- Up-to-date: /home/ubuntu/Desktop/ros2_ws/CatchRobo-r08/install/robstride_core/share/robstride_core/cmake/export_robstride_core__rosidl_generator_pyExport.cmake
-- Up-to-date: /home/ubuntu/Desktop/ros2_ws/CatchRobo-r08/install/robstride_core/share/robstride_core/cmake/export_robstride_core__rosidl_generator_pyExport-noconfig.cmake
-- Up-to-date: /home/ubuntu/Desktop/ros2_ws/CatchRobo-r08/install/robstride_core/share/robstride_core/cmake/rosidl_cmake-extras.cmake
-- Up-to-date: /home/ubuntu/Desktop/ros2_ws/CatchRobo-r08/install/robstride_core/share/robstride_core/cmake/ament_cmake_export_dependencies-extras.cmake
-- Up-to-date: /home/ubuntu/Desktop/ros2_ws/CatchRobo-r08/install/robstride_core/share/robstride_core/cmake/ament_cmake_export_include_directories-extras.cmake
-- Up-to-date: /home/ubuntu/Desktop/ros2_ws/CatchRobo-r08/install/robstride_core/share/robstride_core/cmake/ament_cmake_export_libraries-extras.cmake
-- Up-to-date: /home/ubuntu/Desktop/ros2_ws/CatchRobo-r08/install/robstride_core/share/robstride_core/cmake/ament_cmake_export_targets-extras.cmake
-- Up-to-date: /home/ubuntu/Desktop/ros2_ws/CatchRobo-r08/install/robstride_core/share/robstride_core/cmake/rosidl_cmake_export_typesupport_targets-extras.cmake
-- Up-to-date: /home/ubuntu/Desktop/ros2_ws/CatchRobo-r08/install/robstride_core/share/robstride_core/cmake/rosidl_cmake_export_typesupport_libraries-extras.cmake
-- Up-to-date: /home/ubuntu/Desktop/ros2_ws/CatchRobo-r08/install/robstride_core/share/robstride_core/cmake/robstride_coreConfig.cmake
-- Up-to-date: /home/ubuntu/Desktop/ros2_ws/CatchRobo-r08/install/robstride_core/share/robstride_core/cmake/robstride_coreConfig-version.cmake
-- Installing: /home/ubuntu/Desktop/ros2_ws/CatchRobo-r08/install/robstride_core/share/robstride_core/package.xml
