[0.073s] Invoking command in '/home/ubuntu/Desktop/ros2_ws/CatchRobo-r08/build/robstride_core': /usr/bin/cmake --build /home/ubuntu/Desktop/ros2_ws/CatchRobo-r08/build/robstride_core -- -j16 -l16
[0.152s] [  2%] Built target robstride_core__cpp
[0.153s] [ 11%] Built target robstride_core__rosidl_generator_c
[0.160s] [ 15%] Built target csv_sequencer_node
[0.166s] [ 15%] Built target ament_cmake_python_copy_robstride_core
[0.173s] [ 42%] Built target robstride_core__rosidl_typesupport_introspection_c
[0.173s] [ 42%] Built target robstride_core__rosidl_typesupport_cpp
[0.173s] [ 42%] Built target robstride_core__rosidl_typesupport_fastrtps_cpp
[0.175s] [ 51%] Built target robstride_core__rosidl_typesupport_fastrtps_c
[0.176s] [ 60%] Built target robstride_core__rosidl_typesupport_c
[0.176s] [ 68%] Built target robstride_core__rosidl_typesupport_introspection_cpp
[0.185s] [35m[1mConsolidate compiler generated dependencies of target control_node[0m
[0.195s] [ 68%] Built target robstride_core
[0.197s] [ 73%] Built target at_bridge_cmd2at
[0.205s] [ 75%] [32mBuilding CXX object CMakeFiles/control_node.dir/src/control.cpp.o[0m
[0.215s] [ 77%] Built target robstride_core__py
[0.236s] [ 84%] Built target robstride_core__rosidl_generator_py
[0.256s] [ 95%] Built target robstride_core__rosidl_typesupport_fastrtps_c__pyext
[0.256s] [ 97%] Built target robstride_core__rosidl_typesupport_c__pyext
[0.256s] [ 97%] Built target robstride_core__rosidl_typesupport_introspection_c__pyext
[0.393s] running egg_info
[0.394s] writing robstride_core.egg-info/PKG-INFO
[0.394s] writing dependency_links to robstride_core.egg-info/dependency_links.txt
[0.394s] writing top-level names to robstride_core.egg-info/top_level.txt
[0.396s] reading manifest file 'robstride_core.egg-info/SOURCES.txt'
[0.397s] writing manifest file 'robstride_core.egg-info/SOURCES.txt'
[0.420s] [ 97%] Built target ament_cmake_python_build_robstride_core_egg
[9.485s] [100%] [32m[1mLinking CXX executable control_node[0m
[9.862s] [100%] Built target control_node
[9.874s] Invoked command in '/home/ubuntu/Desktop/ros2_ws/CatchRobo-r08/build/robstride_core' returned '0': /usr/bin/cmake --build /home/ubuntu/Desktop/ros2_ws/CatchRobo-r08/build/robstride_core -- -j16 -l16
[10.057s] Invoking command in '/home/ubuntu/Desktop/ros2_ws/CatchRobo-r08/build/robstride_core': /usr/bin/cmake --install /home/ubuntu/Desktop/ros2_ws/CatchRobo-r08/build/robstride_core
[10.064s] -- Install configuration: ""
[10.064s] -- Up-to-date: /home/ubuntu/Desktop/ros2_ws/CatchRobo-r08/install/robstride_core/share/ament_index/resource_index/rosidl_interfaces/robstride_core
[10.068s] -- Up-to-date: /home/ubuntu/Desktop/ros2_ws/CatchRobo-r08/install/robstride_core/include/robstride_core/robstride_core
[10.068s] -- Up-to-date: /home/ubuntu/Desktop/ros2_ws/CatchRobo-r08/install/robstride_core/include/robstride_core/robstride_core/msg
[10.069s] -- Up-to-date: /home/ubuntu/Desktop/ros2_ws/CatchRobo-r08/install/robstride_core/include/robstride_core/robstride_core/msg/mit_cmd.h
[10.069s] -- Up-to-date: /home/ubuntu/Desktop/ros2_ws/CatchRobo-r08/install/robstride_core/include/robstride_core/robstride_core/msg/goal_event.h
[10.069s] -- Up-to-date: /home/ubuntu/Desktop/ros2_ws/CatchRobo-r08/install/robstride_core/include/robstride_core/robstride_core/msg/detail
[10.069s] -- Up-to-date: /home/ubuntu/Desktop/ros2_ws/CatchRobo-r08/install/robstride_core/include/robstride_core/robstride_core/msg/detail/mit_cmd__functions.c
[10.069s] -- Up-to-date: /home/ubuntu/Desktop/ros2_ws/CatchRobo-r08/install/robstride_core/include/robstride_core/robstride_core/msg/detail/goal_event__type_support.h
[10.069s] -- Up-to-date: /home/ubuntu/Desktop/ros2_ws/CatchRobo-r08/install/robstride_core/include/robstride_core/robstride_core/msg/detail/mit_cmd__functions.h
[10.069s] -- Up-to-date: /home/ubuntu/Desktop/ros2_ws/CatchRobo-r08/install/robstride_core/include/robstride_core/robstride_core/msg/detail/goal_event__struct.h
[10.069s] -- Up-to-date: /home/ubuntu/Desktop/ros2_ws/CatchRobo-r08/install/robstride_core/include/robstride_core/robstride_core/msg/detail/mit_cmd__struct.h
[10.069s] -- Up-to-date: /home/ubuntu/Desktop/ros2_ws/CatchRobo-r08/install/robstride_core/include/robstride_core/robstride_core/msg/detail/mit_cmd__type_support.h
[10.069s] -- Up-to-date: /home/ubuntu/Desktop/ros2_ws/CatchRobo-r08/install/robstride_core/include/robstride_core/robstride_core/msg/detail/goal_event__functions.h
[10.070s] -- Up-to-date: /home/ubuntu/Desktop/ros2_ws/CatchRobo-r08/install/robstride_core/include/robstride_core/robstride_core/msg/detail/goal_event__functions.c
[10.070s] -- Up-to-date: /home/ubuntu/Desktop/ros2_ws/CatchRobo-r08/install/robstride_core/include/robstride_core/robstride_core/msg/rosidl_generator_c__visibility_control.h
[10.070s] -- Up-to-date: /home/ubuntu/Desktop/ros2_ws/CatchRobo-r08/install/robstride_core/share/robstride_core/environment/library_path.sh
[10.070s] -- Installing: /home/ubuntu/Desktop/ros2_ws/CatchRobo-r08/install/robstride_core/share/robstride_core/environment/library_path.dsv
[10.070s] -- Up-to-date: /home/ubuntu/Desktop/ros2_ws/CatchRobo-r08/install/robstride_core/lib/librobstride_core__rosidl_generator_c.so
[10.071s] -- Up-to-date: /home/ubuntu/Desktop/ros2_ws/CatchRobo-r08/install/robstride_core/include/robstride_core/robstride_core
[10.071s] -- Up-to-date: /home/ubuntu/Desktop/ros2_ws/CatchRobo-r08/install/robstride_core/include/robstride_core/robstride_core/msg
[10.071s] -- Up-to-date: /home/ubuntu/Desktop/ros2_ws/CatchRobo-r08/install/robstride_core/include/robstride_core/robstride_core/msg/detail
[10.071s] -- Up-to-date: /home/ubuntu/Desktop/ros2_ws/CatchRobo-r08/install/robstride_core/include/robstride_core/robstride_core/msg/detail/goal_event__rosidl_typesupport_fastrtps_c.h
[10.071s] -- Up-to-date: /home/ubuntu/Desktop/ros2_ws/CatchRobo-r08/install/robstride_core/include/robstride_core/robstride_core/msg/detail/mit_cmd__rosidl_typesupport_fastrtps_c.h
[10.071s] -- Up-to-date: /home/ubuntu/Desktop/ros2_ws/CatchRobo-r08/install/robstride_core/include/robstride_core/robstride_core/msg/rosidl_typesupport_fastrtps_c__visibility_control.h
[10.072s] -- Up-to-date: /home/ubuntu/Desktop/ros2_ws/CatchRobo-r08/install/robstride_core/lib/librobstride_core__rosidl_typesupport_fastrtps_c.so
[10.072s] -- Up-to-date: /home/ubuntu/Desktop/ros2_ws/CatchRobo-r08/install/robstride_core/include/robstride_core/robstride_core
[10.072s] -- Up-to-date: /home/ubuntu/Desktop/ros2_ws/CatchRobo-r08/install/robstride_core/include/robstride_core/robstride_core/msg
[10.072s] -- Up-to-date: /home/ubuntu/Desktop/ros2_ws/CatchRobo-r08/install/robstride_core/include/robstride_core/robstride_core/msg/detail
[10.072s] -- Up-to-date: /home/ubuntu/Desktop/ros2_ws/CatchRobo-r08/install/robstride_core/include/robstride_core/robstride_core/msg/detail/goal_event__type_support.c
[10.073s] -- Up-to-date: /home/ubuntu/Desktop/ros2_ws/CatchRobo-r08/install/robstride_core/include/robstride_core/robstride_core/msg/detail/goal_event__rosidl_typesupport_introspection_c.h
[10.073s] -- Up-to-date: /home/ubuntu/Desktop/ros2_ws/CatchRobo-r08/install/robstride_core/include/robstride_core/robstride_core/msg/detail/mit_cmd__rosidl_typesupport_introspection_c.h
[10.073s] -- Up-to-date: /home/ubuntu/Desktop/ros2_ws/CatchRobo-r08/install/robstride_core/include/robstride_core/robstride_core/msg/detail/mit_cmd__type_support.c
[10.073s] -- Up-to-date: /home/ubuntu/Desktop/ros2_ws/CatchRobo-r08/install/robstride_core/include/robstride_core/robstride_core/msg/rosidl_typesupport_introspection_c__visibility_control.h
[10.073s] -- Up-to-date: /home/ubuntu/Desktop/ros2_ws/CatchRobo-r08/install/robstride_core/lib/librobstride_core__rosidl_typesupport_introspection_c.so
[10.074s] -- Up-to-date: /home/ubuntu/Desktop/ros2_ws/CatchRobo-r08/install/robstride_core/lib/librobstride_core__rosidl_typesupport_c.so
[10.074s] -- Up-to-date: /home/ubuntu/Desktop/ros2_ws/CatchRobo-r08/install/robstride_core/include/robstride_core/robstride_core
[10.074s] -- Up-to-date: /home/ubuntu/Desktop/ros2_ws/CatchRobo-r08/install/robstride_core/include/robstride_core/robstride_core/msg
[10.074s] -- Up-to-date: /home/ubuntu/Desktop/ros2_ws/CatchRobo-r08/install/robstride_core/include/robstride_core/robstride_core/msg/detail
[10.075s] -- Up-to-date: /home/ubuntu/Desktop/ros2_ws/CatchRobo-r08/install/robstride_core/include/robstride_core/robstride_core/msg/detail/mit_cmd__builder.hpp
[10.075s] -- Up-to-date: /home/ubuntu/Desktop/ros2_ws/CatchRobo-r08/install/robstride_core/include/robstride_core/robstride_core/msg/detail/mit_cmd__struct.hpp
[10.075s] -- Up-to-date: /home/ubuntu/Desktop/ros2_ws/CatchRobo-r08/install/robstride_core/include/robstride_core/robstride_core/msg/detail/goal_event__builder.hpp
[10.075s] -- Up-to-date: /home/ubuntu/Desktop/ros2_ws/CatchRobo-r08/install/robstride_core/include/robstride_core/robstride_core/msg/detail/goal_event__struct.hpp
[10.075s] -- Up-to-date: /home/ubuntu/Desktop/ros2_ws/CatchRobo-r08/install/robstride_core/include/robstride_core/robstride_core/msg/detail/mit_cmd__traits.hpp
[10.075s] -- Up-to-date: /home/ubuntu/Desktop/ros2_ws/CatchRobo-r08/install/robstride_core/include/robstride_core/robstride_core/msg/detail/goal_event__traits.hpp
[10.075s] -- Up-to-date: /home/ubuntu/Desktop/ros2_ws/CatchRobo-r08/install/robstride_core/include/robstride_core/robstride_core/msg/mit_cmd.hpp
[10.075s] -- Up-to-date: /home/ubuntu/Desktop/ros2_ws/CatchRobo-r08/install/robstride_core/include/robstride_core/robstride_core/msg/goal_event.hpp
[10.075s] -- Up-to-date: /home/ubuntu/Desktop/ros2_ws/CatchRobo-r08/install/robstride_core/include/robstride_core/robstride_core
[10.075s] -- Up-to-date: /home/ubuntu/Desktop/ros2_ws/CatchRobo-r08/install/robstride_core/include/robstride_core/robstride_core/msg
[10.075s] -- Up-to-date: /home/ubuntu/Desktop/ros2_ws/CatchRobo-r08/install/robstride_core/include/robstride_core/robstride_core/msg/rosidl_typesupport_fastrtps_cpp__visibility_control.h
[10.075s] -- Up-to-date: /home/ubuntu/Desktop/ros2_ws/CatchRobo-r08/install/robstride_core/include/robstride_core/robstride_core/msg/detail
[10.076s] -- Up-to-date: /home/ubuntu/Desktop/ros2_ws/CatchRobo-r08/install/robstride_core/include/robstride_core/robstride_core/msg/detail/goal_event__rosidl_typesupport_fastrtps_cpp.hpp
[10.076s] -- Up-to-date: /home/ubuntu/Desktop/ros2_ws/CatchRobo-r08/install/robstride_core/include/robstride_core/robstride_core/msg/detail/dds_fastrtps
[10.076s] -- Up-to-date: /home/ubuntu/Desktop/ros2_ws/CatchRobo-r08/install/robstride_core/include/robstride_core/robstride_core/msg/detail/mit_cmd__rosidl_typesupport_fastrtps_cpp.hpp
[10.076s] -- Up-to-date: /home/ubuntu/Desktop/ros2_ws/CatchRobo-r08/install/robstride_core/lib/librobstride_core__rosidl_typesupport_fastrtps_cpp.so
[10.076s] -- Up-to-date: /home/ubuntu/Desktop/ros2_ws/CatchRobo-r08/install/robstride_core/include/robstride_core/robstride_core
[10.076s] -- Up-to-date: /home/ubuntu/Desktop/ros2_ws/CatchRobo-r08/install/robstride_core/include/robstride_core/robstride_core/msg
[10.077s] -- Up-to-date: /home/ubuntu/Desktop/ros2_ws/CatchRobo-r08/install/robstride_core/include/robstride_core/robstride_core/msg/detail
[10.077s] -- Up-to-date: /home/ubuntu/Desktop/ros2_ws/CatchRobo-r08/install/robstride_core/include/robstride_core/robstride_core/msg/detail/goal_event__rosidl_typesupport_introspection_cpp.hpp
[10.077s] -- Up-to-date: /home/ubuntu/Desktop/ros2_ws/CatchRobo-r08/install/robstride_core/include/robstride_core/robstride_core/msg/detail/goal_event__type_support.cpp
[10.077s] -- Up-to-date: /home/ubuntu/Desktop/ros2_ws/CatchRobo-r08/install/robstride_core/include/robstride_core/robstride_core/msg/detail/mit_cmd__rosidl_typesupport_introspection_cpp.hpp
[10.077s] -- Up-to-date: /home/ubuntu/Desktop/ros2_ws/CatchRobo-r08/install/robstride_core/include/robstride_core/robstride_core/msg/detail/mit_cmd__type_support.cpp
[10.077s] -- Up-to-date: /home/ubuntu/Desktop/ros2_ws/CatchRobo-r08/install/robstride_core/lib/librobstride_core__rosidl_typesupport_introspection_cpp.so
[10.078s] -- Up-to-date: /home/ubuntu/Desktop/ros2_ws/CatchRobo-r08/install/robstride_core/lib/librobstride_core__rosidl_typesupport_cpp.so
[10.078s] -- Up-to-date: /home/ubuntu/Desktop/ros2_ws/CatchRobo-r08/install/robstride_core/share/robstride_core/environment/pythonpath.sh
[10.078s] -- Installing: /home/ubuntu/Desktop/ros2_ws/CatchRobo-r08/install/robstride_core/share/robstride_core/environment/pythonpath.dsv
[10.078s] -- Up-to-date: /home/ubuntu/Desktop/ros2_ws/CatchRobo-r08/install/robstride_core/local/lib/python3.10/dist-packages/robstride_core-0.0.1-py3.10.egg-info
[10.079s] -- Installing: /home/ubuntu/Desktop/ros2_ws/CatchRobo-r08/install/robstride_core/local/lib/python3.10/dist-packages/robstride_core-0.0.1-py3.10.egg-info/dependency_links.txt
[10.079s] -- Installing: /home/ubuntu/Desktop/ros2_ws/CatchRobo-r08/install/robstride_core/local/lib/python3.10/dist-packages/robstride_core-0.0.1-py3.10.egg-info/SOURCES.txt
[10.079s] -- Installing: /home/ubuntu/Desktop/ros2_ws/CatchRobo-r08/install/robstride_core/local/lib/python3.10/dist-packages/robstride_core-0.0.1-py3.10.egg-info/top_level.txt
[10.079s] -- Installing: /home/ubuntu/Desktop/ros2_ws/CatchRobo-r08/install/robstride_core/local/lib/python3.10/dist-packages/robstride_core-0.0.1-py3.10.egg-info/PKG-INFO
[10.079s] -- Up-to-date: /home/ubuntu/Desktop/ros2_ws/CatchRobo-r08/install/robstride_core/local/lib/python3.10/dist-packages/robstride_core
[10.080s] -- Up-to-date: /home/ubuntu/Desktop/ros2_ws/CatchRobo-r08/install/robstride_core/local/lib/python3.10/dist-packages/robstride_core/msg
[10.080s] -- Up-to-date: /home/ubuntu/Desktop/ros2_ws/CatchRobo-r08/install/robstride_core/local/lib/python3.10/dist-packages/robstride_core/msg/__init__.py
[10.080s] -- Up-to-date: /home/ubuntu/Desktop/ros2_ws/CatchRobo-r08/install/robstride_core/local/lib/python3.10/dist-packages/robstride_core/msg/_goal_event_s.c
[10.080s] -- Up-to-date: /home/ubuntu/Desktop/ros2_ws/CatchRobo-r08/install/robstride_core/local/lib/python3.10/dist-packages/robstride_core/msg/_goal_event.py
[10.080s] -- Up-to-date: /home/ubuntu/Desktop/ros2_ws/CatchRobo-r08/install/robstride_core/local/lib/python3.10/dist-packages/robstride_core/msg/_mit_cmd_s.c
[10.081s] -- Up-to-date: /home/ubuntu/Desktop/ros2_ws/CatchRobo-r08/install/robstride_core/local/lib/python3.10/dist-packages/robstride_core/msg/_mit_cmd.py
[10.081s] -- Installing: /home/ubuntu/Desktop/ros2_ws/CatchRobo-r08/install/robstride_core/local/lib/python3.10/dist-packages/robstride_core/__init__.py
[10.081s] -- Up-to-date: /home/ubuntu/Desktop/ros2_ws/CatchRobo-r08/install/robstride_core/local/lib/python3.10/dist-packages/robstride_core/_robstride_core_s.ep.rosidl_typesupport_introspection_c.c
[10.081s] -- Up-to-date: /home/ubuntu/Desktop/ros2_ws/CatchRobo-r08/install/robstride_core/local/lib/python3.10/dist-packages/robstride_core/robstride_core_s__rosidl_typesupport_fastrtps_c.cpython-310-x86_64-linux-gnu.so
[10.081s] -- Up-to-date: /home/ubuntu/Desktop/ros2_ws/CatchRobo-r08/install/robstride_core/local/lib/python3.10/dist-packages/robstride_core/_robstride_core_s.ep.rosidl_typesupport_fastrtps_c.c
[10.081s] -- Up-to-date: /home/ubuntu/Desktop/ros2_ws/CatchRobo-r08/install/robstride_core/local/lib/python3.10/dist-packages/robstride_core/robstride_core_s__rosidl_typesupport_c.cpython-310-x86_64-linux-gnu.so
[10.081s] -- Up-to-date: /home/ubuntu/Desktop/ros2_ws/CatchRobo-r08/install/robstride_core/local/lib/python3.10/dist-packages/robstride_core/robstride_core_s__rosidl_typesupport_introspection_c.cpython-310-x86_64-linux-gnu.so
[10.081s] -- Up-to-date: /home/ubuntu/Desktop/ros2_ws/CatchRobo-r08/install/robstride_core/local/lib/python3.10/dist-packages/robstride_core/_robstride_core_s.ep.rosidl_typesupport_c.c
[10.081s] -- Up-to-date: /home/ubuntu/Desktop/ros2_ws/CatchRobo-r08/install/robstride_core/local/lib/python3.10/dist-packages/robstride_core/librobstride_core__rosidl_generator_py.so
[10.112s] Listing '/home/ubuntu/Desktop/ros2_ws/CatchRobo-r08/install/robstride_core/local/lib/python3.10/dist-packages/robstride_core'...
[10.112s] Compiling '/home/ubuntu/Desktop/ros2_ws/CatchRobo-r08/install/robstride_core/local/lib/python3.10/dist-packages/robstride_core/__init__.py'...
[10.112s] Listing '/home/ubuntu/Desktop/ros2_ws/CatchRobo-r08/install/robstride_core/local/lib/python3.10/dist-packages/robstride_core/msg'...
[10.112s] Compiling '/home/ubuntu/Desktop/ros2_ws/CatchRobo-r08/install/robstride_core/local/lib/python3.10/dist-packages/robstride_core/msg/__init__.py'...
[10.112s] Compiling '/home/ubuntu/Desktop/ros2_ws/CatchRobo-r08/install/robstride_core/local/lib/python3.10/dist-packages/robstride_core/msg/_goal_event.py'...
[10.112s] Compiling '/home/ubuntu/Desktop/ros2_ws/CatchRobo-r08/install/robstride_core/local/lib/python3.10/dist-packages/robstride_core/msg/_mit_cmd.py'...
[10.116s] -- Up-to-date: /home/ubuntu/Desktop/ros2_ws/CatchRobo-r08/install/robstride_core/local/lib/python3.10/dist-packages/robstride_core/robstride_core_s__rosidl_typesupport_fastrtps_c.cpython-310-x86_64-linux-gnu.so
[10.117s] -- Up-to-date: /home/ubuntu/Desktop/ros2_ws/CatchRobo-r08/install/robstride_core/local/lib/python3.10/dist-packages/robstride_core/robstride_core_s__rosidl_typesupport_introspection_c.cpython-310-x86_64-linux-gnu.so
[10.117s] -- Up-to-date: /home/ubuntu/Desktop/ros2_ws/CatchRobo-r08/install/robstride_core/local/lib/python3.10/dist-packages/robstride_core/robstride_core_s__rosidl_typesupport_c.cpython-310-x86_64-linux-gnu.so
[10.118s] -- Up-to-date: /home/ubuntu/Desktop/ros2_ws/CatchRobo-r08/install/robstride_core/lib/librobstride_core__rosidl_generator_py.so
[10.118s] -- Up-to-date: /home/ubuntu/Desktop/ros2_ws/CatchRobo-r08/install/robstride_core/share/robstride_core/msg/MitCmd.idl
[10.118s] -- Up-to-date: /home/ubuntu/Desktop/ros2_ws/CatchRobo-r08/install/robstride_core/share/robstride_core/msg/GoalEvent.idl
[10.119s] -- Up-to-date: /home/ubuntu/Desktop/ros2_ws/CatchRobo-r08/install/robstride_core/share/robstride_core/msg/MitCmd.msg
[10.119s] -- Up-to-date: /home/ubuntu/Desktop/ros2_ws/CatchRobo-r08/install/robstride_core/share/robstride_core/msg/GoalEvent.msg
[10.119s] -- Installing: /home/ubuntu/Desktop/ros2_ws/CatchRobo-r08/install/robstride_core/lib/robstride_core/at_bridge_cmd2at
[10.125s] -- Set runtime path of "/home/ubuntu/Desktop/ros2_ws/CatchRobo-r08/install/robstride_core/lib/robstride_core/at_bridge_cmd2at" to ""
[10.126s] -- Installing: /home/ubuntu/Desktop/ros2_ws/CatchRobo-r08/install/robstride_core/lib/robstride_core/control_node
[10.133s] -- Set runtime path of "/home/ubuntu/Desktop/ros2_ws/CatchRobo-r08/install/robstride_core/lib/robstride_core/control_node" to ""
[10.133s] -- Installing: /home/ubuntu/Desktop/ros2_ws/CatchRobo-r08/install/robstride_core/lib/robstride_core/csv_sequencer_node
[10.142s] -- Set runtime path of "/home/ubuntu/Desktop/ros2_ws/CatchRobo-r08/install/robstride_core/lib/robstride_core/csv_sequencer_node" to ""
[10.142s] -- Up-to-date: /home/ubuntu/Desktop/ros2_ws/CatchRobo-r08/install/robstride_core/include
[10.143s] -- Up-to-date: /home/ubuntu/Desktop/ros2_ws/CatchRobo-r08/install/robstride_core/include/robstride_core
[10.143s] -- Up-to-date: /home/ubuntu/Desktop/ros2_ws/CatchRobo-r08/install/robstride_core/include/robstride_core/at_wire.hpp
[10.143s] -- Installing: /home/ubuntu/Desktop/ros2_ws/CatchRobo-r08/install/robstride_core/share/ament_index/resource_index/package_run_dependencies/robstride_core
[10.143s] -- Up-to-date: /home/ubuntu/Desktop/ros2_ws/CatchRobo-r08/install/robstride_core/share/ament_index/resource_index/parent_prefix_path/robstride_core
[10.143s] -- Up-to-date: /home/ubuntu/Desktop/ros2_ws/CatchRobo-r08/install/robstride_core/share/robstride_core/environment/ament_prefix_path.sh
[10.143s] -- Installing: /home/ubuntu/Desktop/ros2_ws/CatchRobo-r08/install/robstride_core/share/robstride_core/environment/ament_prefix_path.dsv
[10.143s] -- Up-to-date: /home/ubuntu/Desktop/ros2_ws/CatchRobo-r08/install/robstride_core/share/robstride_core/environment/path.sh
[10.143s] -- Installing: /home/ubuntu/Desktop/ros2_ws/CatchRobo-r08/install/robstride_core/share/robstride_core/environment/path.dsv
[10.144s] -- Up-to-date: /home/ubuntu/Desktop/ros2_ws/CatchRobo-r08/install/robstride_core/share/robstride_core/local_setup.bash
[10.144s] -- Up-to-date: /home/ubuntu/Desktop/ros2_ws/CatchRobo-r08/install/robstride_core/share/robstride_core/local_setup.sh
[10.144s] -- Up-to-date: /home/ubuntu/Desktop/ros2_ws/CatchRobo-r08/install/robstride_core/share/robstride_core/local_setup.zsh
[10.144s] -- Installing: /home/ubuntu/Desktop/ros2_ws/CatchRobo-r08/install/robstride_core/share/robstride_core/local_setup.dsv
[10.144s] -- Installing: /home/ubuntu/Desktop/ros2_ws/CatchRobo-r08/install/robstride_core/share/robstride_core/package.dsv
[10.144s] -- Up-to-date: /home/ubuntu/Desktop/ros2_ws/CatchRobo-r08/install/robstride_core/share/ament_index/resource_index/packages/robstride_core
[10.145s] -- Up-to-date: /home/ubuntu/Desktop/ros2_ws/CatchRobo-r08/install/robstride_core/share/robstride_core/cmake/export_robstride_core__rosidl_generator_cExport.cmake
[10.145s] -- Up-to-date: /home/ubuntu/Desktop/ros2_ws/CatchRobo-r08/install/robstride_core/share/robstride_core/cmake/export_robstride_core__rosidl_generator_cExport-noconfig.cmake
[10.146s] -- Up-to-date: /home/ubuntu/Desktop/ros2_ws/CatchRobo-r08/install/robstride_core/share/robstride_core/cmake/export_robstride_core__rosidl_typesupport_fastrtps_cExport.cmake
[10.146s] -- Up-to-date: /home/ubuntu/Desktop/ros2_ws/CatchRobo-r08/install/robstride_core/share/robstride_core/cmake/export_robstride_core__rosidl_typesupport_fastrtps_cExport-noconfig.cmake
[10.146s] -- Up-to-date: /home/ubuntu/Desktop/ros2_ws/CatchRobo-r08/install/robstride_core/share/robstride_core/cmake/robstride_core__rosidl_typesupport_introspection_cExport.cmake
[10.146s] -- Up-to-date: /home/ubuntu/Desktop/ros2_ws/CatchRobo-r08/install/robstride_core/share/robstride_core/cmake/robstride_core__rosidl_typesupport_introspection_cExport-noconfig.cmake
[10.147s] -- Up-to-date: /home/ubuntu/Desktop/ros2_ws/CatchRobo-r08/install/robstride_core/share/robstride_core/cmake/robstride_core__rosidl_typesupport_cExport.cmake
[10.147s] -- Up-to-date: /home/ubuntu/Desktop/ros2_ws/CatchRobo-r08/install/robstride_core/share/robstride_core/cmake/robstride_core__rosidl_typesupport_cExport-noconfig.cmake
[10.148s] -- Up-to-date: /home/ubuntu/Desktop/ros2_ws/CatchRobo-r08/install/robstride_core/share/robstride_core/cmake/export_robstride_core__rosidl_generator_cppExport.cmake
[10.148s] -- Up-to-date: /home/ubuntu/Desktop/ros2_ws/CatchRobo-r08/install/robstride_core/share/robstride_core/cmake/export_robstride_core__rosidl_typesupport_fastrtps_cppExport.cmake
[10.148s] -- Up-to-date: /home/ubuntu/Desktop/ros2_ws/CatchRobo-r08/install/robstride_core/share/robstride_core/cmake/export_robstride_core__rosidl_typesupport_fastrtps_cppExport-noconfig.cmake
[10.149s] -- Up-to-date: /home/ubuntu/Desktop/ros2_ws/CatchRobo-r08/install/robstride_core/share/robstride_core/cmake/robstride_core__rosidl_typesupport_introspection_cppExport.cmake
[10.149s] -- Up-to-date: /home/ubuntu/Desktop/ros2_ws/CatchRobo-r08/install/robstride_core/share/robstride_core/cmake/robstride_core__rosidl_typesupport_introspection_cppExport-noconfig.cmake
[10.149s] -- Up-to-date: /home/ubuntu/Desktop/ros2_ws/CatchRobo-r08/install/robstride_core/share/robstride_core/cmake/robstride_core__rosidl_typesupport_cppExport.cmake
[10.150s] -- Up-to-date: /home/ubuntu/Desktop/ros2_ws/CatchRobo-r08/install/robstride_core/share/robstride_core/cmake/robstride_core__rosidl_typesupport_cppExport-noconfig.cmake
[10.150s] -- Up-to-date: /home/ubuntu/Desktop/ros2_ws/CatchRobo-r08/install/robstride_core/share/robstride_core/cmake/export_robstride_core__rosidl_generator_pyExport.cmake
[10.150s] -- Up-to-date: /home/ubuntu/Desktop/ros2_ws/CatchRobo-r08/install/robstride_core/share/robstride_core/cmake/export_robstride_core__rosidl_generator_pyExport-noconfig.cmake
[10.150s] -- Up-to-date: /home/ubuntu/Desktop/ros2_ws/CatchRobo-r08/install/robstride_core/share/robstride_core/cmake/rosidl_cmake-extras.cmake
[10.151s] -- Up-to-date: /home/ubuntu/Desktop/ros2_ws/CatchRobo-r08/install/robstride_core/share/robstride_core/cmake/ament_cmake_export_dependencies-extras.cmake
[10.151s] -- Up-to-date: /home/ubuntu/Desktop/ros2_ws/CatchRobo-r08/install/robstride_core/share/robstride_core/cmake/ament_cmake_export_include_directories-extras.cmake
[10.151s] -- Up-to-date: /home/ubuntu/Desktop/ros2_ws/CatchRobo-r08/install/robstride_core/share/robstride_core/cmake/ament_cmake_export_libraries-extras.cmake
[10.151s] -- Up-to-date: /home/ubuntu/Desktop/ros2_ws/CatchRobo-r08/install/robstride_core/share/robstride_core/cmake/ament_cmake_export_targets-extras.cmake
[10.151s] -- Up-to-date: /home/ubuntu/Desktop/ros2_ws/CatchRobo-r08/install/robstride_core/share/robstride_core/cmake/rosidl_cmake_export_typesupport_targets-extras.cmake
[10.151s] -- Up-to-date: /home/ubuntu/Desktop/ros2_ws/CatchRobo-r08/install/robstride_core/share/robstride_core/cmake/rosidl_cmake_export_typesupport_libraries-extras.cmake
[10.151s] -- Up-to-date: /home/ubuntu/Desktop/ros2_ws/CatchRobo-r08/install/robstride_core/share/robstride_core/cmake/robstride_coreConfig.cmake
[10.151s] -- Up-to-date: /home/ubuntu/Desktop/ros2_ws/CatchRobo-r08/install/robstride_core/share/robstride_core/cmake/robstride_coreConfig-version.cmake
[10.151s] -- Installing: /home/ubuntu/Desktop/ros2_ws/CatchRobo-r08/install/robstride_core/share/robstride_core/package.xml
[10.154s] Invoked command in '/home/ubuntu/Desktop/ros2_ws/CatchRobo-r08/build/robstride_core' returned '0': /usr/bin/cmake --install /home/ubuntu/Desktop/ros2_ws/CatchRobo-r08/build/robstride_core
