[  2%] Built target robstride_core__cpp
[ 11%] Built target robstride_core__rosidl_generator_c
[ 11%] Built target ament_cmake_python_copy_robstride_core
[ 41%] Built target robstride_core__rosidl_typesupport_cpp
[ 48%] Built target robstride_core__rosidl_typesupport_introspection_c
[ 48%] Built target robstride_core__rosidl_typesupport_c
[ 48%] Built target robstride_core__rosidl_typesupport_fastrtps_cpp
[ 67%] Built target robstride_core__rosidl_typesupport_introspection_cpp
[ 67%] Built target robstride_core__rosidl_typesupport_fastrtps_c
[ 67%] Built target robstride_core
[35m[1mConsolidate compiler generated dependencies of target at_bridge_cmd2at[0m
[ 69%] Built target robstride_core__py
[ 74%] Built target control_node
[35m[1mConsolidate compiler generated dependencies of target robstride_core__rosidl_generator_py[0m
[ 76%] [32mBuilding CXX object CMakeFiles/at_bridge_cmd2at.dir/src/at_bridge_cmd2at.cpp.o[0m
[ 83%] Built target robstride_core__rosidl_generator_py
[35m[1mConsolidate compiler generated dependencies of target robstride_core__rosidl_typesupport_c__pyext[0m
[35m[1mConsolidate compiler generated dependencies of target robstride_core__rosidl_typesupport_introspection_c__pyext[0m
[35m[1mConsolidate compiler generated dependencies of target robstride_core__rosidl_typesupport_fastrtps_c__pyext[0m
[ 93%] Built target robstride_core__rosidl_typesupport_c__pyext
[ 95%] Built target robstride_core__rosidl_typesupport_introspection_c__pyext
[ 97%] Built target robstride_core__rosidl_typesupport_fastrtps_c__pyext
running egg_info
writing robstride_core.egg-info/PKG-INFO
writing dependency_links to robstride_core.egg-info/dependency_links.txt
writing top-level names to robstride_core.egg-info/top_level.txt
reading manifest file 'robstride_core.egg-info/SOURCES.txt'
writing manifest file 'robstride_core.egg-info/SOURCES.txt'
[ 97%] Built target ament_cmake_python_build_robstride_core_egg
[100%] [32m[1mLinking CXX executable at_bridge_cmd2at[0m
[100%] Built target at_bridge_cmd2at
-- Install configuration: ""
-- Installing: /home/ubuntu/Desktop/ros2_ws/CatchRobo-r08/install/robstride_core/share/ament_index/resource_index/rosidl_interfaces/robstride_core
-- Installing: /home/ubuntu/Desktop/ros2_ws/CatchRobo-r08/install/robstride_core/include/robstride_core/robstride_core
-- Installing: /home/ubuntu/Desktop/ros2_ws/CatchRobo-r08/install/robstride_core/include/robstride_core/robstride_core/msg
-- Installing: /home/ubuntu/Desktop/ros2_ws/CatchRobo-r08/install/robstride_core/include/robstride_core/robstride_core/msg/mit_cmd.h
-- Installing: /home/ubuntu/Desktop/ros2_ws/CatchRobo-r08/install/robstride_core/include/robstride_core/robstride_core/msg/goal_event.h
-- Installing: /home/ubuntu/Desktop/ros2_ws/CatchRobo-r08/install/robstride_core/include/robstride_core/robstride_core/msg/detail
-- Installing: /home/ubuntu/Desktop/ros2_ws/CatchRobo-r08/install/robstride_core/include/robstride_core/robstride_core/msg/detail/mit_cmd__functions.c
-- Installing: /home/ubuntu/Desktop/ros2_ws/CatchRobo-r08/install/robstride_core/include/robstride_core/robstride_core/msg/detail/goal_event__type_support.h
-- Installing: /home/ubuntu/Desktop/ros2_ws/CatchRobo-r08/install/robstride_core/include/robstride_core/robstride_core/msg/detail/mit_cmd__functions.h
-- Installing: /home/ubuntu/Desktop/ros2_ws/CatchRobo-r08/install/robstride_core/include/robstride_core/robstride_core/msg/detail/goal_event__struct.h
-- Installing: /home/ubuntu/Desktop/ros2_ws/CatchRobo-r08/install/robstride_core/include/robstride_core/robstride_core/msg/detail/mit_cmd__struct.h
-- Installing: /home/ubuntu/Desktop/ros2_ws/CatchRobo-r08/install/robstride_core/include/robstride_core/robstride_core/msg/detail/mit_cmd__type_support.h
-- Installing: /home/ubuntu/Desktop/ros2_ws/CatchRobo-r08/install/robstride_core/include/robstride_core/robstride_core/msg/detail/goal_event__functions.h
-- Installing: /home/ubuntu/Desktop/ros2_ws/CatchRobo-r08/install/robstride_core/include/robstride_core/robstride_core/msg/detail/goal_event__functions.c
-- Installing: /home/ubuntu/Desktop/ros2_ws/CatchRobo-r08/install/robstride_core/include/robstride_core/robstride_core/msg/rosidl_generator_c__visibility_control.h
-- Installing: /home/ubuntu/Desktop/ros2_ws/CatchRobo-r08/install/robstride_core/share/robstride_core/environment/library_path.sh
-- Installing: /home/ubuntu/Desktop/ros2_ws/CatchRobo-r08/install/robstride_core/share/robstride_core/environment/library_path.dsv
-- Installing: /home/ubuntu/Desktop/ros2_ws/CatchRobo-r08/install/robstride_core/lib/librobstride_core__rosidl_generator_c.so
-- Set runtime path of "/home/ubuntu/Desktop/ros2_ws/CatchRobo-r08/install/robstride_core/lib/librobstride_core__rosidl_generator_c.so" to ""
-- Up-to-date: /home/ubuntu/Desktop/ros2_ws/CatchRobo-r08/install/robstride_core/include/robstride_core/robstride_core
-- Up-to-date: /home/ubuntu/Desktop/ros2_ws/CatchRobo-r08/install/robstride_core/include/robstride_core/robstride_core/msg
-- Up-to-date: /home/ubuntu/Desktop/ros2_ws/CatchRobo-r08/install/robstride_core/include/robstride_core/robstride_core/msg/detail
-- Installing: /home/ubuntu/Desktop/ros2_ws/CatchRobo-r08/install/robstride_core/include/robstride_core/robstride_core/msg/detail/goal_event__rosidl_typesupport_fastrtps_c.h
-- Installing: /home/ubuntu/Desktop/ros2_ws/CatchRobo-r08/install/robstride_core/include/robstride_core/robstride_core/msg/detail/mit_cmd__rosidl_typesupport_fastrtps_c.h
-- Installing: /home/ubuntu/Desktop/ros2_ws/CatchRobo-r08/install/robstride_core/include/robstride_core/robstride_core/msg/rosidl_typesupport_fastrtps_c__visibility_control.h
-- Installing: /home/ubuntu/Desktop/ros2_ws/CatchRobo-r08/install/robstride_core/lib/librobstride_core__rosidl_typesupport_fastrtps_c.so
-- Set runtime path of "/home/ubuntu/Desktop/ros2_ws/CatchRobo-r08/install/robstride_core/lib/librobstride_core__rosidl_typesupport_fastrtps_c.so" to ""
-- Up-to-date: /home/ubuntu/Desktop/ros2_ws/CatchRobo-r08/install/robstride_core/include/robstride_core/robstride_core
-- Up-to-date: /home/ubuntu/Desktop/ros2_ws/CatchRobo-r08/install/robstride_core/include/robstride_core/robstride_core/msg
-- Up-to-date: /home/ubuntu/Desktop/ros2_ws/CatchRobo-r08/install/robstride_core/include/robstride_core/robstride_core/msg/detail
-- Installing: /home/ubuntu/Desktop/ros2_ws/CatchRobo-r08/install/robstride_core/include/robstride_core/robstride_core/msg/detail/goal_event__type_support.c
-- Installing: /home/ubuntu/Desktop/ros2_ws/CatchRobo-r08/install/robstride_core/include/robstride_core/robstride_core/msg/detail/goal_event__rosidl_typesupport_introspection_c.h
-- Installing: /home/ubuntu/Desktop/ros2_ws/CatchRobo-r08/install/robstride_core/include/robstride_core/robstride_core/msg/detail/mit_cmd__rosidl_typesupport_introspection_c.h
-- Installing: /home/ubuntu/Desktop/ros2_ws/CatchRobo-r08/install/robstride_core/include/robstride_core/robstride_core/msg/detail/mit_cmd__type_support.c
-- Installing: /home/ubuntu/Desktop/ros2_ws/CatchRobo-r08/install/robstride_core/include/robstride_core/robstride_core/msg/rosidl_typesupport_introspection_c__visibility_control.h
-- Installing: /home/ubuntu/Desktop/ros2_ws/CatchRobo-r08/install/robstride_core/lib/librobstride_core__rosidl_typesupport_introspection_c.so
-- Set runtime path of "/home/ubuntu/Desktop/ros2_ws/CatchRobo-r08/install/robstride_core/lib/librobstride_core__rosidl_typesupport_introspection_c.so" to ""
-- Installing: /home/ubuntu/Desktop/ros2_ws/CatchRobo-r08/install/robstride_core/lib/librobstride_core__rosidl_typesupport_c.so
-- Set runtime path of "/home/ubuntu/Desktop/ros2_ws/CatchRobo-r08/install/robstride_core/lib/librobstride_core__rosidl_typesupport_c.so" to ""
-- Up-to-date: /home/ubuntu/Desktop/ros2_ws/CatchRobo-r08/install/robstride_core/include/robstride_core/robstride_core
-- Up-to-date: /home/ubuntu/Desktop/ros2_ws/CatchRobo-r08/install/robstride_core/include/robstride_core/robstride_core/msg
-- Up-to-date: /home/ubuntu/Desktop/ros2_ws/CatchRobo-r08/install/robstride_core/include/robstride_core/robstride_core/msg/detail
-- Installing: /home/ubuntu/Desktop/ros2_ws/CatchRobo-r08/install/robstride_core/include/robstride_core/robstride_core/msg/detail/mit_cmd__builder.hpp
-- Installing: /home/ubuntu/Desktop/ros2_ws/CatchRobo-r08/install/robstride_core/include/robstride_core/robstride_core/msg/detail/mit_cmd__struct.hpp
-- Installing: /home/ubuntu/Desktop/ros2_ws/CatchRobo-r08/install/robstride_core/include/robstride_core/robstride_core/msg/detail/goal_event__builder.hpp
-- Installing: /home/ubuntu/Desktop/ros2_ws/CatchRobo-r08/install/robstride_core/include/robstride_core/robstride_core/msg/detail/goal_event__struct.hpp
-- Installing: /home/ubuntu/Desktop/ros2_ws/CatchRobo-r08/install/robstride_core/include/robstride_core/robstride_core/msg/detail/mit_cmd__traits.hpp
-- Installing: /home/ubuntu/Desktop/ros2_ws/CatchRobo-r08/install/robstride_core/include/robstride_core/robstride_core/msg/detail/goal_event__traits.hpp
-- Installing: /home/ubuntu/Desktop/ros2_ws/CatchRobo-r08/install/robstride_core/include/robstride_core/robstride_core/msg/mit_cmd.hpp
-- Installing: /home/ubuntu/Desktop/ros2_ws/CatchRobo-r08/install/robstride_core/include/robstride_core/robstride_core/msg/goal_event.hpp
-- Up-to-date: /home/ubuntu/Desktop/ros2_ws/CatchRobo-r08/install/robstride_core/include/robstride_core/robstride_core
-- Up-to-date: /home/ubuntu/Desktop/ros2_ws/CatchRobo-r08/install/robstride_core/include/robstride_core/robstride_core/msg
-- Installing: /home/ubuntu/Desktop/ros2_ws/CatchRobo-r08/install/robstride_core/include/robstride_core/robstride_core/msg/rosidl_typesupport_fastrtps_cpp__visibility_control.h
-- Up-to-date: /home/ubuntu/Desktop/ros2_ws/CatchRobo-r08/install/robstride_core/include/robstride_core/robstride_core/msg/detail
-- Installing: /home/ubuntu/Desktop/ros2_ws/CatchRobo-r08/install/robstride_core/include/robstride_core/robstride_core/msg/detail/goal_event__rosidl_typesupport_fastrtps_cpp.hpp
-- Installing: /home/ubuntu/Desktop/ros2_ws/CatchRobo-r08/install/robstride_core/include/robstride_core/robstride_core/msg/detail/dds_fastrtps
-- Installing: /home/ubuntu/Desktop/ros2_ws/CatchRobo-r08/install/robstride_core/include/robstride_core/robstride_core/msg/detail/mit_cmd__rosidl_typesupport_fastrtps_cpp.hpp
-- Installing: /home/ubuntu/Desktop/ros2_ws/CatchRobo-r08/install/robstride_core/lib/librobstride_core__rosidl_typesupport_fastrtps_cpp.so
-- Set runtime path of "/home/ubuntu/Desktop/ros2_ws/CatchRobo-r08/install/robstride_core/lib/librobstride_core__rosidl_typesupport_fastrtps_cpp.so" to ""
-- Up-to-date: /home/ubuntu/Desktop/ros2_ws/CatchRobo-r08/install/robstride_core/include/robstride_core/robstride_core
-- Up-to-date: /home/ubuntu/Desktop/ros2_ws/CatchRobo-r08/install/robstride_core/include/robstride_core/robstride_core/msg
-- Up-to-date: /home/ubuntu/Desktop/ros2_ws/CatchRobo-r08/install/robstride_core/include/robstride_core/robstride_core/msg/detail
-- Installing: /home/ubuntu/Desktop/ros2_ws/CatchRobo-r08/install/robstride_core/include/robstride_core/robstride_core/msg/detail/goal_event__rosidl_typesupport_introspection_cpp.hpp
-- Installing: /home/ubuntu/Desktop/ros2_ws/CatchRobo-r08/install/robstride_core/include/robstride_core/robstride_core/msg/detail/goal_event__type_support.cpp
-- Installing: /home/ubuntu/Desktop/ros2_ws/CatchRobo-r08/install/robstride_core/include/robstride_core/robstride_core/msg/detail/mit_cmd__rosidl_typesupport_introspection_cpp.hpp
-- Installing: /home/ubuntu/Desktop/ros2_ws/CatchRobo-r08/install/robstride_core/include/robstride_core/robstride_core/msg/detail/mit_cmd__type_support.cpp
-- Installing: /home/ubuntu/Desktop/ros2_ws/CatchRobo-r08/install/robstride_core/lib/librobstride_core__rosidl_typesupport_introspection_cpp.so
-- Set runtime path of "/home/ubuntu/Desktop/ros2_ws/CatchRobo-r08/install/robstride_core/lib/librobstride_core__rosidl_typesupport_introspection_cpp.so" to ""
-- Installing: /home/ubuntu/Desktop/ros2_ws/CatchRobo-r08/install/robstride_core/lib/librobstride_core__rosidl_typesupport_cpp.so
-- Set runtime path of "/home/ubuntu/Desktop/ros2_ws/CatchRobo-r08/install/robstride_core/lib/librobstride_core__rosidl_typesupport_cpp.so" to ""
-- Installing: /home/ubuntu/Desktop/ros2_ws/CatchRobo-r08/install/robstride_core/share/robstride_core/environment/pythonpath.sh
-- Installing: /home/ubuntu/Desktop/ros2_ws/CatchRobo-r08/install/robstride_core/share/robstride_core/environment/pythonpath.dsv
-- Installing: /home/ubuntu/Desktop/ros2_ws/CatchRobo-r08/install/robstride_core/local/lib/python3.10/dist-packages/robstride_core-0.0.1-py3.10.egg-info
-- Installing: /home/ubuntu/Desktop/ros2_ws/CatchRobo-r08/install/robstride_core/local/lib/python3.10/dist-packages/robstride_core-0.0.1-py3.10.egg-info/dependency_links.txt
-- Installing: /home/ubuntu/Desktop/ros2_ws/CatchRobo-r08/install/robstride_core/local/lib/python3.10/dist-packages/robstride_core-0.0.1-py3.10.egg-info/SOURCES.txt
-- Installing: /home/ubuntu/Desktop/ros2_ws/CatchRobo-r08/install/robstride_core/local/lib/python3.10/dist-packages/robstride_core-0.0.1-py3.10.egg-info/top_level.txt
-- Installing: /home/ubuntu/Desktop/ros2_ws/CatchRobo-r08/install/robstride_core/local/lib/python3.10/dist-packages/robstride_core-0.0.1-py3.10.egg-info/PKG-INFO
-- Installing: /home/ubuntu/Desktop/ros2_ws/CatchRobo-r08/install/robstride_core/local/lib/python3.10/dist-packages/robstride_core
-- Installing: /home/ubuntu/Desktop/ros2_ws/CatchRobo-r08/install/robstride_core/local/lib/python3.10/dist-packages/robstride_core/msg
-- Installing: /home/ubuntu/Desktop/ros2_ws/CatchRobo-r08/install/robstride_core/local/lib/python3.10/dist-packages/robstride_core/msg/__init__.py
-- Installing: /home/ubuntu/Desktop/ros2_ws/CatchRobo-r08/install/robstride_core/local/lib/python3.10/dist-packages/robstride_core/msg/_goal_event_s.c
-- Installing: /home/ubuntu/Desktop/ros2_ws/CatchRobo-r08/install/robstride_core/local/lib/python3.10/dist-packages/robstride_core/msg/_goal_event.py
-- Installing: /home/ubuntu/Desktop/ros2_ws/CatchRobo-r08/install/robstride_core/local/lib/python3.10/dist-packages/robstride_core/msg/_mit_cmd_s.c
-- Installing: /home/ubuntu/Desktop/ros2_ws/CatchRobo-r08/install/robstride_core/local/lib/python3.10/dist-packages/robstride_core/msg/_mit_cmd.py
-- Installing: /home/ubuntu/Desktop/ros2_ws/CatchRobo-r08/install/robstride_core/local/lib/python3.10/dist-packages/robstride_core/__init__.py
-- Installing: /home/ubuntu/Desktop/ros2_ws/CatchRobo-r08/install/robstride_core/local/lib/python3.10/dist-packages/robstride_core/_robstride_core_s.ep.rosidl_typesupport_introspection_c.c
-- Installing: /home/ubuntu/Desktop/ros2_ws/CatchRobo-r08/install/robstride_core/local/lib/python3.10/dist-packages/robstride_core/robstride_core_s__rosidl_typesupport_fastrtps_c.cpython-310-x86_64-linux-gnu.so
-- Installing: /home/ubuntu/Desktop/ros2_ws/CatchRobo-r08/install/robstride_core/local/lib/python3.10/dist-packages/robstride_core/_robstride_core_s.ep.rosidl_typesupport_fastrtps_c.c
-- Installing: /home/ubuntu/Desktop/ros2_ws/CatchRobo-r08/install/robstride_core/local/lib/python3.10/dist-packages/robstride_core/robstride_core_s__rosidl_typesupport_c.cpython-310-x86_64-linux-gnu.so
-- Installing: /home/ubuntu/Desktop/ros2_ws/CatchRobo-r08/install/robstride_core/local/lib/python3.10/dist-packages/robstride_core/robstride_core_s__rosidl_typesupport_introspection_c.cpython-310-x86_64-linux-gnu.so
-- Installing: /home/ubuntu/Desktop/ros2_ws/CatchRobo-r08/install/robstride_core/local/lib/python3.10/dist-packages/robstride_core/_robstride_core_s.ep.rosidl_typesupport_c.c
-- Installing: /home/ubuntu/Desktop/ros2_ws/CatchRobo-r08/install/robstride_core/local/lib/python3.10/dist-packages/robstride_core/librobstride_core__rosidl_generator_py.so
Listing '/home/ubuntu/Desktop/ros2_ws/CatchRobo-r08/install/robstride_core/local/lib/python3.10/dist-packages/robstride_core'...
Compiling '/home/ubuntu/Desktop/ros2_ws/CatchRobo-r08/install/robstride_core/local/lib/python3.10/dist-packages/robstride_core/__init__.py'...
Listing '/home/ubuntu/Desktop/ros2_ws/CatchRobo-r08/install/robstride_core/local/lib/python3.10/dist-packages/robstride_core/msg'...
Compiling '/home/ubuntu/Desktop/ros2_ws/CatchRobo-r08/install/robstride_core/local/lib/python3.10/dist-packages/robstride_core/msg/__init__.py'...
Compiling '/home/ubuntu/Desktop/ros2_ws/CatchRobo-r08/install/robstride_core/local/lib/python3.10/dist-packages/robstride_core/msg/_goal_event.py'...
Compiling '/home/ubuntu/Desktop/ros2_ws/CatchRobo-r08/install/robstride_core/local/lib/python3.10/dist-packages/robstride_core/msg/_mit_cmd.py'...
-- Installing: /home/ubuntu/Desktop/ros2_ws/CatchRobo-r08/install/robstride_core/local/lib/python3.10/dist-packages/robstride_core/robstride_core_s__rosidl_typesupport_fastrtps_c.cpython-310-x86_64-linux-gnu.so
-- Set runtime path of "/home/ubuntu/Desktop/ros2_ws/CatchRobo-r08/install/robstride_core/local/lib/python3.10/dist-packages/robstride_core/robstride_core_s__rosidl_typesupport_fastrtps_c.cpython-310-x86_64-linux-gnu.so" to ""
-- Installing: /home/ubuntu/Desktop/ros2_ws/CatchRobo-r08/install/robstride_core/local/lib/python3.10/dist-packages/robstride_core/robstride_core_s__rosidl_typesupport_introspection_c.cpython-310-x86_64-linux-gnu.so
-- Set runtime path of "/home/ubuntu/Desktop/ros2_ws/CatchRobo-r08/install/robstride_core/local/lib/python3.10/dist-packages/robstride_core/robstride_core_s__rosidl_typesupport_introspection_c.cpython-310-x86_64-linux-gnu.so" to ""
-- Installing: /home/ubuntu/Desktop/ros2_ws/CatchRobo-r08/install/robstride_core/local/lib/python3.10/dist-packages/robstride_core/robstride_core_s__rosidl_typesupport_c.cpython-310-x86_64-linux-gnu.so
-- Set runtime path of "/home/ubuntu/Desktop/ros2_ws/CatchRobo-r08/install/robstride_core/local/lib/python3.10/dist-packages/robstride_core/robstride_core_s__rosidl_typesupport_c.cpython-310-x86_64-linux-gnu.so" to ""
-- Installing: /home/ubuntu/Desktop/ros2_ws/CatchRobo-r08/install/robstride_core/lib/librobstride_core__rosidl_generator_py.so
-- Set runtime path of "/home/ubuntu/Desktop/ros2_ws/CatchRobo-r08/install/robstride_core/lib/librobstride_core__rosidl_generator_py.so" to ""
-- Installing: /home/ubuntu/Desktop/ros2_ws/CatchRobo-r08/install/robstride_core/share/robstride_core/msg/MitCmd.idl
-- Installing: /home/ubuntu/Desktop/ros2_ws/CatchRobo-r08/install/robstride_core/share/robstride_core/msg/GoalEvent.idl
-- Installing: /home/ubuntu/Desktop/ros2_ws/CatchRobo-r08/install/robstride_core/share/robstride_core/msg/MitCmd.msg
-- Installing: /home/ubuntu/Desktop/ros2_ws/CatchRobo-r08/install/robstride_core/share/robstride_core/msg/GoalEvent.msg
-- Installing: /home/ubuntu/Desktop/ros2_ws/CatchRobo-r08/install/robstride_core/lib/robstride_core/at_bridge_cmd2at
-- Set runtime path of "/home/ubuntu/Desktop/ros2_ws/CatchRobo-r08/install/robstride_core/lib/robstride_core/at_bridge_cmd2at" to ""
-- Installing: /home/ubuntu/Desktop/ros2_ws/CatchRobo-r08/install/robstride_core/lib/robstride_core/control_node
-- Set runtime path of "/home/ubuntu/Desktop/ros2_ws/CatchRobo-r08/install/robstride_core/lib/robstride_core/control_node" to ""
-- Up-to-date: /home/ubuntu/Desktop/ros2_ws/CatchRobo-r08/install/robstride_core/include
-- Up-to-date: /home/ubuntu/Desktop/ros2_ws/CatchRobo-r08/install/robstride_core/include/robstride_core
-- Installing: /home/ubuntu/Desktop/ros2_ws/CatchRobo-r08/install/robstride_core/include/robstride_core/at_wire.hpp
-- Installing: /home/ubuntu/Desktop/ros2_ws/CatchRobo-r08/install/robstride_core/share/ament_index/resource_index/package_run_dependencies/robstride_core
-- Installing: /home/ubuntu/Desktop/ros2_ws/CatchRobo-r08/install/robstride_core/share/ament_index/resource_index/parent_prefix_path/robstride_core
-- Installing: /home/ubuntu/Desktop/ros2_ws/CatchRobo-r08/install/robstride_core/share/robstride_core/environment/ament_prefix_path.sh
-- Installing: /home/ubuntu/Desktop/ros2_ws/CatchRobo-r08/install/robstride_core/share/robstride_core/environment/ament_prefix_path.dsv
-- Installing: /home/ubuntu/Desktop/ros2_ws/CatchRobo-r08/install/robstride_core/share/robstride_core/environment/path.sh
-- Installing: /home/ubuntu/Desktop/ros2_ws/CatchRobo-r08/install/robstride_core/share/robstride_core/environment/path.dsv
-- Installing: /home/ubuntu/Desktop/ros2_ws/CatchRobo-r08/install/robstride_core/share/robstride_core/local_setup.bash
-- Installing: /home/ubuntu/Desktop/ros2_ws/CatchRobo-r08/install/robstride_core/share/robstride_core/local_setup.sh
-- Installing: /home/ubuntu/Desktop/ros2_ws/CatchRobo-r08/install/robstride_core/share/robstride_core/local_setup.zsh
-- Installing: /home/ubuntu/Desktop/ros2_ws/CatchRobo-r08/install/robstride_core/share/robstride_core/local_setup.dsv
-- Installing: /home/ubuntu/Desktop/ros2_ws/CatchRobo-r08/install/robstride_core/share/robstride_core/package.dsv
-- Installing: /home/ubuntu/Desktop/ros2_ws/CatchRobo-r08/install/robstride_core/share/ament_index/resource_index/packages/robstride_core
-- Installing: /home/ubuntu/Desktop/ros2_ws/CatchRobo-r08/install/robstride_core/share/robstride_core/cmake/export_robstride_core__rosidl_generator_cExport.cmake
-- Installing: /home/ubuntu/Desktop/ros2_ws/CatchRobo-r08/install/robstride_core/share/robstride_core/cmake/export_robstride_core__rosidl_generator_cExport-noconfig.cmake
-- Installing: /home/ubuntu/Desktop/ros2_ws/CatchRobo-r08/install/robstride_core/share/robstride_core/cmake/export_robstride_core__rosidl_typesupport_fastrtps_cExport.cmake
-- Installing: /home/ubuntu/Desktop/ros2_ws/CatchRobo-r08/install/robstride_core/share/robstride_core/cmake/export_robstride_core__rosidl_typesupport_fastrtps_cExport-noconfig.cmake
-- Installing: /home/ubuntu/Desktop/ros2_ws/CatchRobo-r08/install/robstride_core/share/robstride_core/cmake/robstride_core__rosidl_typesupport_introspection_cExport.cmake
-- Installing: /home/ubuntu/Desktop/ros2_ws/CatchRobo-r08/install/robstride_core/share/robstride_core/cmake/robstride_core__rosidl_typesupport_introspection_cExport-noconfig.cmake
-- Installing: /home/ubuntu/Desktop/ros2_ws/CatchRobo-r08/install/robstride_core/share/robstride_core/cmake/robstride_core__rosidl_typesupport_cExport.cmake
-- Installing: /home/ubuntu/Desktop/ros2_ws/CatchRobo-r08/install/robstride_core/share/robstride_core/cmake/robstride_core__rosidl_typesupport_cExport-noconfig.cmake
-- Installing: /home/ubuntu/Desktop/ros2_ws/CatchRobo-r08/install/robstride_core/share/robstride_core/cmake/export_robstride_core__rosidl_generator_cppExport.cmake
-- Installing: /home/ubuntu/Desktop/ros2_ws/CatchRobo-r08/install/robstride_core/share/robstride_core/cmake/export_robstride_core__rosidl_typesupport_fastrtps_cppExport.cmake
-- Installing: /home/ubuntu/Desktop/ros2_ws/CatchRobo-r08/install/robstride_core/share/robstride_core/cmake/export_robstride_core__rosidl_typesupport_fastrtps_cppExport-noconfig.cmake
-- Installing: /home/ubuntu/Desktop/ros2_ws/CatchRobo-r08/install/robstride_core/share/robstride_core/cmake/robstride_core__rosidl_typesupport_introspection_cppExport.cmake
-- Installing: /home/ubuntu/Desktop/ros2_ws/CatchRobo-r08/install/robstride_core/share/robstride_core/cmake/robstride_core__rosidl_typesupport_introspection_cppExport-noconfig.cmake
-- Installing: /home/ubuntu/Desktop/ros2_ws/CatchRobo-r08/install/robstride_core/share/robstride_core/cmake/robstride_core__rosidl_typesupport_cppExport.cmake
-- Installing: /home/ubuntu/Desktop/ros2_ws/CatchRobo-r08/install/robstride_core/share/robstride_core/cmake/robstride_core__rosidl_typesupport_cppExport-noconfig.cmake
-- Installing: /home/ubuntu/Desktop/ros2_ws/CatchRobo-r08/install/robstride_core/share/robstride_core/cmake/export_robstride_core__rosidl_generator_pyExport.cmake
-- Installing: /home/ubuntu/Desktop/ros2_ws/CatchRobo-r08/install/robstride_core/share/robstride_core/cmake/export_robstride_core__rosidl_generator_pyExport-noconfig.cmake
-- Installing: /home/ubuntu/Desktop/ros2_ws/CatchRobo-r08/install/robstride_core/share/robstride_core/cmake/rosidl_cmake-extras.cmake
-- Installing: /home/ubuntu/Desktop/ros2_ws/CatchRobo-r08/install/robstride_core/share/robstride_core/cmake/ament_cmake_export_dependencies-extras.cmake
-- Installing: /home/ubuntu/Desktop/ros2_ws/CatchRobo-r08/install/robstride_core/share/robstride_core/cmake/ament_cmake_export_include_directories-extras.cmake
-- Installing: /home/ubuntu/Desktop/ros2_ws/CatchRobo-r08/install/robstride_core/share/robstride_core/cmake/ament_cmake_export_libraries-extras.cmake
-- Installing: /home/ubuntu/Desktop/ros2_ws/CatchRobo-r08/install/robstride_core/share/robstride_core/cmake/ament_cmake_export_targets-extras.cmake
-- Installing: /home/ubuntu/Desktop/ros2_ws/CatchRobo-r08/install/robstride_core/share/robstride_core/cmake/rosidl_cmake_export_typesupport_targets-extras.cmake
-- Installing: /home/ubuntu/Desktop/ros2_ws/CatchRobo-r08/install/robstride_core/share/robstride_core/cmake/rosidl_cmake_export_typesupport_libraries-extras.cmake
-- Installing: /home/ubuntu/Desktop/ros2_ws/CatchRobo-r08/install/robstride_core/share/robstride_core/cmake/robstride_coreConfig.cmake
-- Installing: /home/ubuntu/Desktop/ros2_ws/CatchRobo-r08/install/robstride_core/share/robstride_core/cmake/robstride_coreConfig-version.cmake
-- Installing: /home/ubuntu/Desktop/ros2_ws/CatchRobo-r08/install/robstride_core/share/robstride_core/package.xml
