[0.060s] Invoking command in '/home/ubuntu/Desktop/ros2_ws/CatchRobo-r08/build/robstride_core': /usr/bin/cmake --build /home/ubuntu/Desktop/ros2_ws/CatchRobo-r08/build/robstride_core -- -j16 -l16
[0.131s] [  2%] Built target robstride_core__cpp
[0.133s] [ 11%] Built target robstride_core__rosidl_generator_c
[0.143s] [ 11%] Built target ament_cmake_python_copy_robstride_core
[0.153s] [ 41%] Built target robstride_core__rosidl_typesupport_cpp
[0.153s] [ 48%] Built target robstride_core__rosidl_typesupport_introspection_c
[0.153s] [ 48%] Built target robstride_core__rosidl_typesupport_c
[0.154s] [ 48%] Built target robstride_core__rosidl_typesupport_fastrtps_cpp
[0.154s] [ 67%] Built target robstride_core__rosidl_typesupport_introspection_cpp
[0.154s] [ 67%] Built target robstride_core__rosidl_typesupport_fastrtps_c
[0.172s] [ 67%] Built target robstride_core
[0.185s] [35m[1mConsolidate compiler generated dependencies of target at_bridge_cmd2at[0m
[0.192s] [ 69%] Built target robstride_core__py
[0.197s] [ 74%] Built target control_node
[0.202s] [35m[1mConsolidate compiler generated dependencies of target robstride_core__rosidl_generator_py[0m
[0.206s] [ 76%] [32mBuilding CXX object CMakeFiles/at_bridge_cmd2at.dir/src/at_bridge_cmd2at.cpp.o[0m
[0.216s] [ 83%] Built target robstride_core__rosidl_generator_py
[0.226s] [35m[1mConsolidate compiler generated dependencies of target robstride_core__rosidl_typesupport_c__pyext[0m
[0.226s] [35m[1mConsolidate compiler generated dependencies of target robstride_core__rosidl_typesupport_introspection_c__pyext[0m
[0.226s] [35m[1mConsolidate compiler generated dependencies of target robstride_core__rosidl_typesupport_fastrtps_c__pyext[0m
[0.240s] [ 93%] Built target robstride_core__rosidl_typesupport_c__pyext
[0.240s] [ 95%] Built target robstride_core__rosidl_typesupport_introspection_c__pyext
[0.240s] [ 97%] Built target robstride_core__rosidl_typesupport_fastrtps_c__pyext
[0.399s] running egg_info
[0.400s] writing robstride_core.egg-info/PKG-INFO
[0.400s] writing dependency_links to robstride_core.egg-info/dependency_links.txt
[0.400s] writing top-level names to robstride_core.egg-info/top_level.txt
[0.403s] reading manifest file 'robstride_core.egg-info/SOURCES.txt'
[0.404s] writing manifest file 'robstride_core.egg-info/SOURCES.txt'
[0.427s] [ 97%] Built target ament_cmake_python_build_robstride_core_egg
[7.789s] [100%] [32m[1mLinking CXX executable at_bridge_cmd2at[0m
[8.105s] [100%] Built target at_bridge_cmd2at
[8.116s] Invoked command in '/home/ubuntu/Desktop/ros2_ws/CatchRobo-r08/build/robstride_core' returned '0': /usr/bin/cmake --build /home/ubuntu/Desktop/ros2_ws/CatchRobo-r08/build/robstride_core -- -j16 -l16
[8.304s] Invoking command in '/home/ubuntu/Desktop/ros2_ws/CatchRobo-r08/build/robstride_core': /usr/bin/cmake --install /home/ubuntu/Desktop/ros2_ws/CatchRobo-r08/build/robstride_core
[8.312s] -- Install configuration: ""
[8.313s] -- Installing: /home/ubuntu/Desktop/ros2_ws/CatchRobo-r08/install/robstride_core/share/ament_index/resource_index/rosidl_interfaces/robstride_core
[8.314s] -- Installing: /home/ubuntu/Desktop/ros2_ws/CatchRobo-r08/install/robstride_core/include/robstride_core/robstride_core
[8.315s] -- Installing: /home/ubuntu/Desktop/ros2_ws/CatchRobo-r08/install/robstride_core/include/robstride_core/robstride_core/msg
[8.315s] -- Installing: /home/ubuntu/Desktop/ros2_ws/CatchRobo-r08/install/robstride_core/include/robstride_core/robstride_core/msg/mit_cmd.h
[8.315s] -- Installing: /home/ubuntu/Desktop/ros2_ws/CatchRobo-r08/install/robstride_core/include/robstride_core/robstride_core/msg/goal_event.h
[8.316s] -- Installing: /home/ubuntu/Desktop/ros2_ws/CatchRobo-r08/install/robstride_core/include/robstride_core/robstride_core/msg/detail
[8.316s] -- Installing: /home/ubuntu/Desktop/ros2_ws/CatchRobo-r08/install/robstride_core/include/robstride_core/robstride_core/msg/detail/mit_cmd__functions.c
[8.317s] -- Installing: /home/ubuntu/Desktop/ros2_ws/CatchRobo-r08/install/robstride_core/include/robstride_core/robstride_core/msg/detail/goal_event__type_support.h
[8.317s] -- Installing: /home/ubuntu/Desktop/ros2_ws/CatchRobo-r08/install/robstride_core/include/robstride_core/robstride_core/msg/detail/mit_cmd__functions.h
[8.318s] -- Installing: /home/ubuntu/Desktop/ros2_ws/CatchRobo-r08/install/robstride_core/include/robstride_core/robstride_core/msg/detail/goal_event__struct.h
[8.318s] -- Installing: /home/ubuntu/Desktop/ros2_ws/CatchRobo-r08/install/robstride_core/include/robstride_core/robstride_core/msg/detail/mit_cmd__struct.h
[8.319s] -- Installing: /home/ubuntu/Desktop/ros2_ws/CatchRobo-r08/install/robstride_core/include/robstride_core/robstride_core/msg/detail/mit_cmd__type_support.h
[8.319s] -- Installing: /home/ubuntu/Desktop/ros2_ws/CatchRobo-r08/install/robstride_core/include/robstride_core/robstride_core/msg/detail/goal_event__functions.h
[8.319s] -- Installing: /home/ubuntu/Desktop/ros2_ws/CatchRobo-r08/install/robstride_core/include/robstride_core/robstride_core/msg/detail/goal_event__functions.c
[8.320s] -- Installing: /home/ubuntu/Desktop/ros2_ws/CatchRobo-r08/install/robstride_core/include/robstride_core/robstride_core/msg/rosidl_generator_c__visibility_control.h
[8.321s] -- Installing: /home/ubuntu/Desktop/ros2_ws/CatchRobo-r08/install/robstride_core/share/robstride_core/environment/library_path.sh
[8.321s] -- Installing: /home/ubuntu/Desktop/ros2_ws/CatchRobo-r08/install/robstride_core/share/robstride_core/environment/library_path.dsv
[8.322s] -- Installing: /home/ubuntu/Desktop/ros2_ws/CatchRobo-r08/install/robstride_core/lib/librobstride_core__rosidl_generator_c.so
[8.323s] -- Set runtime path of "/home/ubuntu/Desktop/ros2_ws/CatchRobo-r08/install/robstride_core/lib/librobstride_core__rosidl_generator_c.so" to ""
[8.323s] -- Up-to-date: /home/ubuntu/Desktop/ros2_ws/CatchRobo-r08/install/robstride_core/include/robstride_core/robstride_core
[8.324s] -- Up-to-date: /home/ubuntu/Desktop/ros2_ws/CatchRobo-r08/install/robstride_core/include/robstride_core/robstride_core/msg
[8.324s] -- Up-to-date: /home/ubuntu/Desktop/ros2_ws/CatchRobo-r08/install/robstride_core/include/robstride_core/robstride_core/msg/detail
[8.324s] -- Installing: /home/ubuntu/Desktop/ros2_ws/CatchRobo-r08/install/robstride_core/include/robstride_core/robstride_core/msg/detail/goal_event__rosidl_typesupport_fastrtps_c.h
[8.324s] -- Installing: /home/ubuntu/Desktop/ros2_ws/CatchRobo-r08/install/robstride_core/include/robstride_core/robstride_core/msg/detail/mit_cmd__rosidl_typesupport_fastrtps_c.h
[8.324s] -- Installing: /home/ubuntu/Desktop/ros2_ws/CatchRobo-r08/install/robstride_core/include/robstride_core/robstride_core/msg/rosidl_typesupport_fastrtps_c__visibility_control.h
[8.325s] -- Installing: /home/ubuntu/Desktop/ros2_ws/CatchRobo-r08/install/robstride_core/lib/librobstride_core__rosidl_typesupport_fastrtps_c.so
[8.326s] -- Set runtime path of "/home/ubuntu/Desktop/ros2_ws/CatchRobo-r08/install/robstride_core/lib/librobstride_core__rosidl_typesupport_fastrtps_c.so" to ""
[8.326s] -- Up-to-date: /home/ubuntu/Desktop/ros2_ws/CatchRobo-r08/install/robstride_core/include/robstride_core/robstride_core
[8.326s] -- Up-to-date: /home/ubuntu/Desktop/ros2_ws/CatchRobo-r08/install/robstride_core/include/robstride_core/robstride_core/msg
[8.326s] -- Up-to-date: /home/ubuntu/Desktop/ros2_ws/CatchRobo-r08/install/robstride_core/include/robstride_core/robstride_core/msg/detail
[8.326s] -- Installing: /home/ubuntu/Desktop/ros2_ws/CatchRobo-r08/install/robstride_core/include/robstride_core/robstride_core/msg/detail/goal_event__type_support.c
[8.326s] -- Installing: /home/ubuntu/Desktop/ros2_ws/CatchRobo-r08/install/robstride_core/include/robstride_core/robstride_core/msg/detail/goal_event__rosidl_typesupport_introspection_c.h
[8.326s] -- Installing: /home/ubuntu/Desktop/ros2_ws/CatchRobo-r08/install/robstride_core/include/robstride_core/robstride_core/msg/detail/mit_cmd__rosidl_typesupport_introspection_c.h
[8.327s] -- Installing: /home/ubuntu/Desktop/ros2_ws/CatchRobo-r08/install/robstride_core/include/robstride_core/robstride_core/msg/detail/mit_cmd__type_support.c
[8.327s] -- Installing: /home/ubuntu/Desktop/ros2_ws/CatchRobo-r08/install/robstride_core/include/robstride_core/robstride_core/msg/rosidl_typesupport_introspection_c__visibility_control.h
[8.328s] -- Installing: /home/ubuntu/Desktop/ros2_ws/CatchRobo-r08/install/robstride_core/lib/librobstride_core__rosidl_typesupport_introspection_c.so
[8.329s] -- Set runtime path of "/home/ubuntu/Desktop/ros2_ws/CatchRobo-r08/install/robstride_core/lib/librobstride_core__rosidl_typesupport_introspection_c.so" to ""
[8.329s] -- Installing: /home/ubuntu/Desktop/ros2_ws/CatchRobo-r08/install/robstride_core/lib/librobstride_core__rosidl_typesupport_c.so
[8.329s] -- Set runtime path of "/home/ubuntu/Desktop/ros2_ws/CatchRobo-r08/install/robstride_core/lib/librobstride_core__rosidl_typesupport_c.so" to ""
[8.330s] -- Up-to-date: /home/ubuntu/Desktop/ros2_ws/CatchRobo-r08/install/robstride_core/include/robstride_core/robstride_core
[8.330s] -- Up-to-date: /home/ubuntu/Desktop/ros2_ws/CatchRobo-r08/install/robstride_core/include/robstride_core/robstride_core/msg
[8.330s] -- Up-to-date: /home/ubuntu/Desktop/ros2_ws/CatchRobo-r08/install/robstride_core/include/robstride_core/robstride_core/msg/detail
[8.330s] -- Installing: /home/ubuntu/Desktop/ros2_ws/CatchRobo-r08/install/robstride_core/include/robstride_core/robstride_core/msg/detail/mit_cmd__builder.hpp
[8.330s] -- Installing: /home/ubuntu/Desktop/ros2_ws/CatchRobo-r08/install/robstride_core/include/robstride_core/robstride_core/msg/detail/mit_cmd__struct.hpp
[8.330s] -- Installing: /home/ubuntu/Desktop/ros2_ws/CatchRobo-r08/install/robstride_core/include/robstride_core/robstride_core/msg/detail/goal_event__builder.hpp
[8.331s] -- Installing: /home/ubuntu/Desktop/ros2_ws/CatchRobo-r08/install/robstride_core/include/robstride_core/robstride_core/msg/detail/goal_event__struct.hpp
[8.331s] -- Installing: /home/ubuntu/Desktop/ros2_ws/CatchRobo-r08/install/robstride_core/include/robstride_core/robstride_core/msg/detail/mit_cmd__traits.hpp
[8.331s] -- Installing: /home/ubuntu/Desktop/ros2_ws/CatchRobo-r08/install/robstride_core/include/robstride_core/robstride_core/msg/detail/goal_event__traits.hpp
[8.331s] -- Installing: /home/ubuntu/Desktop/ros2_ws/CatchRobo-r08/install/robstride_core/include/robstride_core/robstride_core/msg/mit_cmd.hpp
[8.332s] -- Installing: /home/ubuntu/Desktop/ros2_ws/CatchRobo-r08/install/robstride_core/include/robstride_core/robstride_core/msg/goal_event.hpp
[8.332s] -- Up-to-date: /home/ubuntu/Desktop/ros2_ws/CatchRobo-r08/install/robstride_core/include/robstride_core/robstride_core
[8.332s] -- Up-to-date: /home/ubuntu/Desktop/ros2_ws/CatchRobo-r08/install/robstride_core/include/robstride_core/robstride_core/msg
[8.333s] -- Installing: /home/ubuntu/Desktop/ros2_ws/CatchRobo-r08/install/robstride_core/include/robstride_core/robstride_core/msg/rosidl_typesupport_fastrtps_cpp__visibility_control.h
[8.333s] -- Up-to-date: /home/ubuntu/Desktop/ros2_ws/CatchRobo-r08/install/robstride_core/include/robstride_core/robstride_core/msg/detail
[8.333s] -- Installing: /home/ubuntu/Desktop/ros2_ws/CatchRobo-r08/install/robstride_core/include/robstride_core/robstride_core/msg/detail/goal_event__rosidl_typesupport_fastrtps_cpp.hpp
[8.333s] -- Installing: /home/ubuntu/Desktop/ros2_ws/CatchRobo-r08/install/robstride_core/include/robstride_core/robstride_core/msg/detail/dds_fastrtps
[8.334s] -- Installing: /home/ubuntu/Desktop/ros2_ws/CatchRobo-r08/install/robstride_core/include/robstride_core/robstride_core/msg/detail/mit_cmd__rosidl_typesupport_fastrtps_cpp.hpp
[8.334s] -- Installing: /home/ubuntu/Desktop/ros2_ws/CatchRobo-r08/install/robstride_core/lib/librobstride_core__rosidl_typesupport_fastrtps_cpp.so
[8.335s] -- Set runtime path of "/home/ubuntu/Desktop/ros2_ws/CatchRobo-r08/install/robstride_core/lib/librobstride_core__rosidl_typesupport_fastrtps_cpp.so" to ""
[8.335s] -- Up-to-date: /home/ubuntu/Desktop/ros2_ws/CatchRobo-r08/install/robstride_core/include/robstride_core/robstride_core
[8.335s] -- Up-to-date: /home/ubuntu/Desktop/ros2_ws/CatchRobo-r08/install/robstride_core/include/robstride_core/robstride_core/msg
[8.336s] -- Up-to-date: /home/ubuntu/Desktop/ros2_ws/CatchRobo-r08/install/robstride_core/include/robstride_core/robstride_core/msg/detail
[8.336s] -- Installing: /home/ubuntu/Desktop/ros2_ws/CatchRobo-r08/install/robstride_core/include/robstride_core/robstride_core/msg/detail/goal_event__rosidl_typesupport_introspection_cpp.hpp
[8.336s] -- Installing: /home/ubuntu/Desktop/ros2_ws/CatchRobo-r08/install/robstride_core/include/robstride_core/robstride_core/msg/detail/goal_event__type_support.cpp
[8.336s] -- Installing: /home/ubuntu/Desktop/ros2_ws/CatchRobo-r08/install/robstride_core/include/robstride_core/robstride_core/msg/detail/mit_cmd__rosidl_typesupport_introspection_cpp.hpp
[8.337s] -- Installing: /home/ubuntu/Desktop/ros2_ws/CatchRobo-r08/install/robstride_core/include/robstride_core/robstride_core/msg/detail/mit_cmd__type_support.cpp
[8.337s] -- Installing: /home/ubuntu/Desktop/ros2_ws/CatchRobo-r08/install/robstride_core/lib/librobstride_core__rosidl_typesupport_introspection_cpp.so
[8.338s] -- Set runtime path of "/home/ubuntu/Desktop/ros2_ws/CatchRobo-r08/install/robstride_core/lib/librobstride_core__rosidl_typesupport_introspection_cpp.so" to ""
[8.338s] -- Installing: /home/ubuntu/Desktop/ros2_ws/CatchRobo-r08/install/robstride_core/lib/librobstride_core__rosidl_typesupport_cpp.so
[8.339s] -- Set runtime path of "/home/ubuntu/Desktop/ros2_ws/CatchRobo-r08/install/robstride_core/lib/librobstride_core__rosidl_typesupport_cpp.so" to ""
[8.339s] -- Installing: /home/ubuntu/Desktop/ros2_ws/CatchRobo-r08/install/robstride_core/share/robstride_core/environment/pythonpath.sh
[8.340s] -- Installing: /home/ubuntu/Desktop/ros2_ws/CatchRobo-r08/install/robstride_core/share/robstride_core/environment/pythonpath.dsv
[8.340s] -- Installing: /home/ubuntu/Desktop/ros2_ws/CatchRobo-r08/install/robstride_core/local/lib/python3.10/dist-packages/robstride_core-0.0.1-py3.10.egg-info
[8.342s] -- Installing: /home/ubuntu/Desktop/ros2_ws/CatchRobo-r08/install/robstride_core/local/lib/python3.10/dist-packages/robstride_core-0.0.1-py3.10.egg-info/dependency_links.txt
[8.342s] -- Installing: /home/ubuntu/Desktop/ros2_ws/CatchRobo-r08/install/robstride_core/local/lib/python3.10/dist-packages/robstride_core-0.0.1-py3.10.egg-info/SOURCES.txt
[8.342s] -- Installing: /home/ubuntu/Desktop/ros2_ws/CatchRobo-r08/install/robstride_core/local/lib/python3.10/dist-packages/robstride_core-0.0.1-py3.10.egg-info/top_level.txt
[8.343s] -- Installing: /home/ubuntu/Desktop/ros2_ws/CatchRobo-r08/install/robstride_core/local/lib/python3.10/dist-packages/robstride_core-0.0.1-py3.10.egg-info/PKG-INFO
[8.343s] -- Installing: /home/ubuntu/Desktop/ros2_ws/CatchRobo-r08/install/robstride_core/local/lib/python3.10/dist-packages/robstride_core
[8.343s] -- Installing: /home/ubuntu/Desktop/ros2_ws/CatchRobo-r08/install/robstride_core/local/lib/python3.10/dist-packages/robstride_core/msg
[8.343s] -- Installing: /home/ubuntu/Desktop/ros2_ws/CatchRobo-r08/install/robstride_core/local/lib/python3.10/dist-packages/robstride_core/msg/__init__.py
[8.344s] -- Installing: /home/ubuntu/Desktop/ros2_ws/CatchRobo-r08/install/robstride_core/local/lib/python3.10/dist-packages/robstride_core/msg/_goal_event_s.c
[8.344s] -- Installing: /home/ubuntu/Desktop/ros2_ws/CatchRobo-r08/install/robstride_core/local/lib/python3.10/dist-packages/robstride_core/msg/_goal_event.py
[8.344s] -- Installing: /home/ubuntu/Desktop/ros2_ws/CatchRobo-r08/install/robstride_core/local/lib/python3.10/dist-packages/robstride_core/msg/_mit_cmd_s.c
[8.344s] -- Installing: /home/ubuntu/Desktop/ros2_ws/CatchRobo-r08/install/robstride_core/local/lib/python3.10/dist-packages/robstride_core/msg/_mit_cmd.py
[8.345s] -- Installing: /home/ubuntu/Desktop/ros2_ws/CatchRobo-r08/install/robstride_core/local/lib/python3.10/dist-packages/robstride_core/__init__.py
[8.345s] -- Installing: /home/ubuntu/Desktop/ros2_ws/CatchRobo-r08/install/robstride_core/local/lib/python3.10/dist-packages/robstride_core/_robstride_core_s.ep.rosidl_typesupport_introspection_c.c
[8.345s] -- Installing: /home/ubuntu/Desktop/ros2_ws/CatchRobo-r08/install/robstride_core/local/lib/python3.10/dist-packages/robstride_core/robstride_core_s__rosidl_typesupport_fastrtps_c.cpython-310-x86_64-linux-gnu.so
[8.345s] -- Installing: /home/ubuntu/Desktop/ros2_ws/CatchRobo-r08/install/robstride_core/local/lib/python3.10/dist-packages/robstride_core/_robstride_core_s.ep.rosidl_typesupport_fastrtps_c.c
[8.346s] -- Installing: /home/ubuntu/Desktop/ros2_ws/CatchRobo-r08/install/robstride_core/local/lib/python3.10/dist-packages/robstride_core/robstride_core_s__rosidl_typesupport_c.cpython-310-x86_64-linux-gnu.so
[8.346s] -- Installing: /home/ubuntu/Desktop/ros2_ws/CatchRobo-r08/install/robstride_core/local/lib/python3.10/dist-packages/robstride_core/robstride_core_s__rosidl_typesupport_introspection_c.cpython-310-x86_64-linux-gnu.so
[8.346s] -- Installing: /home/ubuntu/Desktop/ros2_ws/CatchRobo-r08/install/robstride_core/local/lib/python3.10/dist-packages/robstride_core/_robstride_core_s.ep.rosidl_typesupport_c.c
[8.346s] -- Installing: /home/ubuntu/Desktop/ros2_ws/CatchRobo-r08/install/robstride_core/local/lib/python3.10/dist-packages/robstride_core/librobstride_core__rosidl_generator_py.so
[8.380s] Listing '/home/ubuntu/Desktop/ros2_ws/CatchRobo-r08/install/robstride_core/local/lib/python3.10/dist-packages/robstride_core'...
[8.380s] Compiling '/home/ubuntu/Desktop/ros2_ws/CatchRobo-r08/install/robstride_core/local/lib/python3.10/dist-packages/robstride_core/__init__.py'...
[8.380s] Listing '/home/ubuntu/Desktop/ros2_ws/CatchRobo-r08/install/robstride_core/local/lib/python3.10/dist-packages/robstride_core/msg'...
[8.380s] Compiling '/home/ubuntu/Desktop/ros2_ws/CatchRobo-r08/install/robstride_core/local/lib/python3.10/dist-packages/robstride_core/msg/__init__.py'...
[8.380s] Compiling '/home/ubuntu/Desktop/ros2_ws/CatchRobo-r08/install/robstride_core/local/lib/python3.10/dist-packages/robstride_core/msg/_goal_event.py'...
[8.381s] Compiling '/home/ubuntu/Desktop/ros2_ws/CatchRobo-r08/install/robstride_core/local/lib/python3.10/dist-packages/robstride_core/msg/_mit_cmd.py'...
[8.384s] -- Installing: /home/ubuntu/Desktop/ros2_ws/CatchRobo-r08/install/robstride_core/local/lib/python3.10/dist-packages/robstride_core/robstride_core_s__rosidl_typesupport_fastrtps_c.cpython-310-x86_64-linux-gnu.so
[8.385s] -- Set runtime path of "/home/ubuntu/Desktop/ros2_ws/CatchRobo-r08/install/robstride_core/local/lib/python3.10/dist-packages/robstride_core/robstride_core_s__rosidl_typesupport_fastrtps_c.cpython-310-x86_64-linux-gnu.so" to ""
[8.385s] -- Installing: /home/ubuntu/Desktop/ros2_ws/CatchRobo-r08/install/robstride_core/local/lib/python3.10/dist-packages/robstride_core/robstride_core_s__rosidl_typesupport_introspection_c.cpython-310-x86_64-linux-gnu.so
[8.385s] -- Set runtime path of "/home/ubuntu/Desktop/ros2_ws/CatchRobo-r08/install/robstride_core/local/lib/python3.10/dist-packages/robstride_core/robstride_core_s__rosidl_typesupport_introspection_c.cpython-310-x86_64-linux-gnu.so" to ""
[8.386s] -- Installing: /home/ubuntu/Desktop/ros2_ws/CatchRobo-r08/install/robstride_core/local/lib/python3.10/dist-packages/robstride_core/robstride_core_s__rosidl_typesupport_c.cpython-310-x86_64-linux-gnu.so
[8.386s] -- Set runtime path of "/home/ubuntu/Desktop/ros2_ws/CatchRobo-r08/install/robstride_core/local/lib/python3.10/dist-packages/robstride_core/robstride_core_s__rosidl_typesupport_c.cpython-310-x86_64-linux-gnu.so" to ""
[8.386s] -- Installing: /home/ubuntu/Desktop/ros2_ws/CatchRobo-r08/install/robstride_core/lib/librobstride_core__rosidl_generator_py.so
[8.387s] -- Set runtime path of "/home/ubuntu/Desktop/ros2_ws/CatchRobo-r08/install/robstride_core/lib/librobstride_core__rosidl_generator_py.so" to ""
[8.387s] -- Installing: /home/ubuntu/Desktop/ros2_ws/CatchRobo-r08/install/robstride_core/share/robstride_core/msg/MitCmd.idl
[8.388s] -- Installing: /home/ubuntu/Desktop/ros2_ws/CatchRobo-r08/install/robstride_core/share/robstride_core/msg/GoalEvent.idl
[8.388s] -- Installing: /home/ubuntu/Desktop/ros2_ws/CatchRobo-r08/install/robstride_core/share/robstride_core/msg/MitCmd.msg
[8.388s] -- Installing: /home/ubuntu/Desktop/ros2_ws/CatchRobo-r08/install/robstride_core/share/robstride_core/msg/GoalEvent.msg
[8.389s] -- Installing: /home/ubuntu/Desktop/ros2_ws/CatchRobo-r08/install/robstride_core/lib/robstride_core/at_bridge_cmd2at
[8.395s] -- Set runtime path of "/home/ubuntu/Desktop/ros2_ws/CatchRobo-r08/install/robstride_core/lib/robstride_core/at_bridge_cmd2at" to ""
[8.395s] -- Installing: /home/ubuntu/Desktop/ros2_ws/CatchRobo-r08/install/robstride_core/lib/robstride_core/control_node
[8.405s] -- Set runtime path of "/home/ubuntu/Desktop/ros2_ws/CatchRobo-r08/install/robstride_core/lib/robstride_core/control_node" to ""
[8.405s] -- Up-to-date: /home/ubuntu/Desktop/ros2_ws/CatchRobo-r08/install/robstride_core/include
[8.405s] -- Up-to-date: /home/ubuntu/Desktop/ros2_ws/CatchRobo-r08/install/robstride_core/include/robstride_core
[8.405s] -- Installing: /home/ubuntu/Desktop/ros2_ws/CatchRobo-r08/install/robstride_core/include/robstride_core/at_wire.hpp
[8.406s] -- Installing: /home/ubuntu/Desktop/ros2_ws/CatchRobo-r08/install/robstride_core/share/ament_index/resource_index/package_run_dependencies/robstride_core
[8.406s] -- Installing: /home/ubuntu/Desktop/ros2_ws/CatchRobo-r08/install/robstride_core/share/ament_index/resource_index/parent_prefix_path/robstride_core
[8.407s] -- Installing: /home/ubuntu/Desktop/ros2_ws/CatchRobo-r08/install/robstride_core/share/robstride_core/environment/ament_prefix_path.sh
[8.407s] -- Installing: /home/ubuntu/Desktop/ros2_ws/CatchRobo-r08/install/robstride_core/share/robstride_core/environment/ament_prefix_path.dsv
[8.408s] -- Installing: /home/ubuntu/Desktop/ros2_ws/CatchRobo-r08/install/robstride_core/share/robstride_core/environment/path.sh
[8.408s] -- Installing: /home/ubuntu/Desktop/ros2_ws/CatchRobo-r08/install/robstride_core/share/robstride_core/environment/path.dsv
[8.409s] -- Installing: /home/ubuntu/Desktop/ros2_ws/CatchRobo-r08/install/robstride_core/share/robstride_core/local_setup.bash
[8.409s] -- Installing: /home/ubuntu/Desktop/ros2_ws/CatchRobo-r08/install/robstride_core/share/robstride_core/local_setup.sh
[8.410s] -- Installing: /home/ubuntu/Desktop/ros2_ws/CatchRobo-r08/install/robstride_core/share/robstride_core/local_setup.zsh
[8.410s] -- Installing: /home/ubuntu/Desktop/ros2_ws/CatchRobo-r08/install/robstride_core/share/robstride_core/local_setup.dsv
[8.411s] -- Installing: /home/ubuntu/Desktop/ros2_ws/CatchRobo-r08/install/robstride_core/share/robstride_core/package.dsv
[8.412s] -- Installing: /home/ubuntu/Desktop/ros2_ws/CatchRobo-r08/install/robstride_core/share/ament_index/resource_index/packages/robstride_core
[8.412s] -- Installing: /home/ubuntu/Desktop/ros2_ws/CatchRobo-r08/install/robstride_core/share/robstride_core/cmake/export_robstride_core__rosidl_generator_cExport.cmake
[8.413s] -- Installing: /home/ubuntu/Desktop/ros2_ws/CatchRobo-r08/install/robstride_core/share/robstride_core/cmake/export_robstride_core__rosidl_generator_cExport-noconfig.cmake
[8.413s] -- Installing: /home/ubuntu/Desktop/ros2_ws/CatchRobo-r08/install/robstride_core/share/robstride_core/cmake/export_robstride_core__rosidl_typesupport_fastrtps_cExport.cmake
[8.414s] -- Installing: /home/ubuntu/Desktop/ros2_ws/CatchRobo-r08/install/robstride_core/share/robstride_core/cmake/export_robstride_core__rosidl_typesupport_fastrtps_cExport-noconfig.cmake
[8.414s] -- Installing: /home/ubuntu/Desktop/ros2_ws/CatchRobo-r08/install/robstride_core/share/robstride_core/cmake/robstride_core__rosidl_typesupport_introspection_cExport.cmake
[8.415s] -- Installing: /home/ubuntu/Desktop/ros2_ws/CatchRobo-r08/install/robstride_core/share/robstride_core/cmake/robstride_core__rosidl_typesupport_introspection_cExport-noconfig.cmake
[8.415s] -- Installing: /home/ubuntu/Desktop/ros2_ws/CatchRobo-r08/install/robstride_core/share/robstride_core/cmake/robstride_core__rosidl_typesupport_cExport.cmake
[8.415s] -- Installing: /home/ubuntu/Desktop/ros2_ws/CatchRobo-r08/install/robstride_core/share/robstride_core/cmake/robstride_core__rosidl_typesupport_cExport-noconfig.cmake
[8.416s] -- Installing: /home/ubuntu/Desktop/ros2_ws/CatchRobo-r08/install/robstride_core/share/robstride_core/cmake/export_robstride_core__rosidl_generator_cppExport.cmake
[8.416s] -- Installing: /home/ubuntu/Desktop/ros2_ws/CatchRobo-r08/install/robstride_core/share/robstride_core/cmake/export_robstride_core__rosidl_typesupport_fastrtps_cppExport.cmake
[8.417s] -- Installing: /home/ubuntu/Desktop/ros2_ws/CatchRobo-r08/install/robstride_core/share/robstride_core/cmake/export_robstride_core__rosidl_typesupport_fastrtps_cppExport-noconfig.cmake
[8.417s] -- Installing: /home/ubuntu/Desktop/ros2_ws/CatchRobo-r08/install/robstride_core/share/robstride_core/cmake/robstride_core__rosidl_typesupport_introspection_cppExport.cmake
[8.418s] -- Installing: /home/ubuntu/Desktop/ros2_ws/CatchRobo-r08/install/robstride_core/share/robstride_core/cmake/robstride_core__rosidl_typesupport_introspection_cppExport-noconfig.cmake
[8.418s] -- Installing: /home/ubuntu/Desktop/ros2_ws/CatchRobo-r08/install/robstride_core/share/robstride_core/cmake/robstride_core__rosidl_typesupport_cppExport.cmake
[8.419s] -- Installing: /home/ubuntu/Desktop/ros2_ws/CatchRobo-r08/install/robstride_core/share/robstride_core/cmake/robstride_core__rosidl_typesupport_cppExport-noconfig.cmake
[8.419s] -- Installing: /home/ubuntu/Desktop/ros2_ws/CatchRobo-r08/install/robstride_core/share/robstride_core/cmake/export_robstride_core__rosidl_generator_pyExport.cmake
[8.419s] -- Installing: /home/ubuntu/Desktop/ros2_ws/CatchRobo-r08/install/robstride_core/share/robstride_core/cmake/export_robstride_core__rosidl_generator_pyExport-noconfig.cmake
[8.420s] -- Installing: /home/ubuntu/Desktop/ros2_ws/CatchRobo-r08/install/robstride_core/share/robstride_core/cmake/rosidl_cmake-extras.cmake
[8.420s] -- Installing: /home/ubuntu/Desktop/ros2_ws/CatchRobo-r08/install/robstride_core/share/robstride_core/cmake/ament_cmake_export_dependencies-extras.cmake
[8.421s] -- Installing: /home/ubuntu/Desktop/ros2_ws/CatchRobo-r08/install/robstride_core/share/robstride_core/cmake/ament_cmake_export_include_directories-extras.cmake
[8.421s] -- Installing: /home/ubuntu/Desktop/ros2_ws/CatchRobo-r08/install/robstride_core/share/robstride_core/cmake/ament_cmake_export_libraries-extras.cmake
[8.422s] -- Installing: /home/ubuntu/Desktop/ros2_ws/CatchRobo-r08/install/robstride_core/share/robstride_core/cmake/ament_cmake_export_targets-extras.cmake
[8.422s] -- Installing: /home/ubuntu/Desktop/ros2_ws/CatchRobo-r08/install/robstride_core/share/robstride_core/cmake/rosidl_cmake_export_typesupport_targets-extras.cmake
[8.422s] -- Installing: /home/ubuntu/Desktop/ros2_ws/CatchRobo-r08/install/robstride_core/share/robstride_core/cmake/rosidl_cmake_export_typesupport_libraries-extras.cmake
[8.423s] -- Installing: /home/ubuntu/Desktop/ros2_ws/CatchRobo-r08/install/robstride_core/share/robstride_core/cmake/robstride_coreConfig.cmake
[8.423s] -- Installing: /home/ubuntu/Desktop/ros2_ws/CatchRobo-r08/install/robstride_core/share/robstride_core/cmake/robstride_coreConfig-version.cmake
[8.424s] -- Installing: /home/ubuntu/Desktop/ros2_ws/CatchRobo-r08/install/robstride_core/share/robstride_core/package.xml
[8.426s] Invoked command in '/home/ubuntu/Desktop/ros2_ws/CatchRobo-r08/build/robstride_core' returned '0': /usr/bin/cmake --install /home/ubuntu/Desktop/ros2_ws/CatchRobo-r08/build/robstride_core
