[0.070s] Invoking command in '/home/ubuntu/Desktop/ros2_ws/CatchRobo-r08/build/robstride_core': /usr/bin/cmake /home/ubuntu/Desktop/ros2_ws/CatchRobo-r08/src/robstride_core -DCATKIN_INSTALL_INTO_PREFIX_ROOT=0 -DCMAKE_INSTALL_PREFIX=/home/ubuntu/Desktop/ros2_ws/CatchRobo-r08/install/robstride_core
[0.158s] -- The C compiler identification is GNU 11.4.0
[0.209s] -- The CXX compiler identification is GNU 11.4.0
[0.219s] -- Detecting C compiler ABI info
[0.286s] -- Detecting C compiler ABI info - done
[0.291s] -- Check for working C compiler: /usr/bin/cc - skipped
[0.292s] -- Detecting C compile features
[0.292s] -- Detecting C compile features - done
[0.296s] -- Detecting CXX compiler ABI info
[0.365s] -- Detecting CXX compiler ABI info - done
[0.371s] -- Check for working CXX compiler: /usr/bin/c++ - skipped
[0.371s] -- Detecting CXX compile features
[0.372s] -- Detecting CXX compile features - done
[0.380s] -- Found ament_cmake: 1.3.5 (/opt/ros/humble/share/ament_cmake/cmake)
[0.529s] -- Found Python3: /usr/bin/python3.10 (found version "3.10.12") found components: Interpreter 
[0.637s] -- Found rosidl_default_generators: 1.2.0 (/opt/ros/humble/share/rosidl_default_generators/cmake)
[0.642s] -- Using all available rosidl_typesupport_c: rosidl_typesupport_fastrtps_c;rosidl_typesupport_introspection_c
[0.652s] -- Found rosidl_adapter: 3.1.5 (/opt/ros/humble/share/rosidl_adapter/cmake)
[0.727s] -- Using all available rosidl_typesupport_cpp: rosidl_typesupport_fastrtps_cpp;rosidl_typesupport_introspection_cpp
[0.774s] -- Found builtin_interfaces: 1.2.1 (/opt/ros/humble/share/builtin_interfaces/cmake)
[0.799s] -- Found rclcpp: 16.0.6 (/opt/ros/humble/share/rclcpp/cmake)
[0.877s] -- Found rmw_implementation_cmake: 6.1.1 (/opt/ros/humble/share/rmw_implementation_cmake/cmake)
[0.881s] -- Found rmw_fastrtps_cpp: 6.2.4 (/opt/ros/humble/share/rmw_fastrtps_cpp/cmake)
[1.001s] -- Found OpenSSL: /usr/lib/x86_64-linux-gnu/libcrypto.so (found version "3.0.2")  
[1.039s] -- Found FastRTPS: /opt/ros/humble/include  
[1.100s] -- Using RMW implementation 'rmw_fastrtps_cpp' as default
[1.114s] -- Looking for pthread.h
[1.178s] -- Looking for pthread.h - found
[1.178s] -- Performing Test CMAKE_HAVE_LIBC_PTHREAD
[1.241s] -- Performing Test CMAKE_HAVE_LIBC_PTHREAD - Success
[1.241s] -- Found Threads: TRUE  
[1.603s] -- Found ament_cmake_ros: 0.10.0 (/opt/ros/humble/share/ament_cmake_ros/cmake)
[1.771s] -- Using all available rosidl_typesupport_c: rosidl_typesupport_fastrtps_c;rosidl_typesupport_introspection_c
[1.973s] -- Using all available rosidl_typesupport_cpp: rosidl_typesupport_fastrtps_cpp;rosidl_typesupport_introspection_cpp
[1.992s] -- Found PythonInterp: /usr/bin/python3 (found suitable version "3.10.12", minimum required is "3.6") 
[1.994s] -- Found python_cmake_module: 0.10.0 (/opt/ros/humble/share/python_cmake_module/cmake)
[2.017s] -- Found PythonLibs: /usr/lib/x86_64-linux-gnu/libpython3.10.so (found suitable version "3.10.12", minimum required is "3.5") 
[2.017s] -- Using PYTHON_EXECUTABLE: /usr/bin/python3
[2.017s] -- Using PYTHON_INCLUDE_DIRS: /usr/include/python3.10
[2.017s] -- Using PYTHON_LIBRARIES: /usr/lib/x86_64-linux-gnu/libpython3.10.so
[2.035s] -- Found PythonExtra: .so  
[2.068s] [0mCMake Deprecation Warning at /opt/ros/humble/share/rosidl_cmake/cmake/rosidl_target_interfaces.cmake:32 (message):
[2.068s]   Use rosidl_get_typesupport_target() and target_link_libraries() instead of
[2.068s]   rosidl_target_interfaces()
[2.068s] Call Stack (most recent call first):
[2.068s]   CMakeLists.txt:27 (rosidl_target_interfaces)
[2.068s] 
[2.068s] [0m
[2.069s] [0mCMake Deprecation Warning at /opt/ros/humble/share/rosidl_cmake/cmake/rosidl_target_interfaces.cmake:32 (message):
[2.069s]   Use rosidl_get_typesupport_target() and target_link_libraries() instead of
[2.069s]   rosidl_target_interfaces()
[2.069s] Call Stack (most recent call first):
[2.069s]   CMakeLists.txt:31 (rosidl_target_interfaces)
[2.069s] 
[2.069s] [0m
[2.082s] -- Configuring done
[2.146s] -- Generating done
[2.149s] [33mCMake Warning:
[2.149s]   Manually-specified variables were not used by the project:
[2.149s] 
[2.149s]     CATKIN_INSTALL_INTO_PREFIX_ROOT
[2.150s] 
[2.150s] [0m
[2.150s] -- Build files have been written to: /home/ubuntu/Desktop/ros2_ws/CatchRobo-r08/build/robstride_core
[2.160s] Invoked command in '/home/ubuntu/Desktop/ros2_ws/CatchRobo-r08/build/robstride_core' returned '0': /usr/bin/cmake /home/ubuntu/Desktop/ros2_ws/CatchRobo-r08/src/robstride_core -DCATKIN_INSTALL_INTO_PREFIX_ROOT=0 -DCMAKE_INSTALL_PREFIX=/home/ubuntu/Desktop/ros2_ws/CatchRobo-r08/install/robstride_core
[2.162s] Invoking command in '/home/ubuntu/Desktop/ros2_ws/CatchRobo-r08/build/robstride_core': /usr/bin/cmake --build /home/ubuntu/Desktop/ros2_ws/CatchRobo-r08/build/robstride_core -- -j16 -l16
[2.194s] [  2%] [34m[1mGenerating C code for ROS interfaces[0m
[2.201s] [  4%] [34m[1mGenerating C++ code for ROS interfaces[0m
[2.208s] [  4%] Built target ament_cmake_python_copy_robstride_core
[2.439s] running egg_info
[2.439s] creating robstride_core.egg-info
[2.440s] writing robstride_core.egg-info/PKG-INFO
[2.440s] writing dependency_links to robstride_core.egg-info/dependency_links.txt
[2.441s] writing top-level names to robstride_core.egg-info/top_level.txt
[2.441s] writing manifest file 'robstride_core.egg-info/SOURCES.txt'
[2.443s] reading manifest file 'robstride_core.egg-info/SOURCES.txt'
[2.443s] writing manifest file 'robstride_core.egg-info/SOURCES.txt'
[2.464s] [  4%] Built target ament_cmake_python_build_robstride_core_egg
[2.506s] [  4%] Built target robstride_core__cpp
[2.515s] [  9%] [34m[1mGenerating C++ type support for eProsima Fast-RTPS[0m
[2.515s] [  9%] [34m[1mGenerating C++ introspection for ROS interfaces[0m
[2.516s] [ 11%] [34m[1mGenerating C++ type support dispatch for ROS interfaces[0m
[2.528s] [ 16%] [32mBuilding C object CMakeFiles/robstride_core__rosidl_generator_c.dir/rosidl_generator_c/robstride_core/msg/detail/goal_event__functions.c.o[0m
[2.528s] [ 16%] [32mBuilding C object CMakeFiles/robstride_core__rosidl_generator_c.dir/rosidl_generator_c/robstride_core/msg/detail/mit_cmd__functions.c.o[0m
[2.572s] [ 18%] [32m[1mLinking C shared library librobstride_core__rosidl_generator_c.so[0m
[2.601s] [ 18%] Built target robstride_core__rosidl_generator_c
[2.609s] [ 23%] [34m[1mGenerating C introspection for ROS interfaces[0m
[2.609s] [ 23%] [34m[1mGenerating C type support for eProsima Fast-RTPS[0m
[2.609s] [ 25%] [34m[1mGenerating C type support dispatch for ROS interfaces[0m
[2.791s] [ 27%] [32mBuilding CXX object CMakeFiles/robstride_core__rosidl_typesupport_cpp.dir/rosidl_typesupport_cpp/robstride_core/msg/mit_cmd__type_support.cpp.o[0m
[2.791s] [ 30%] [32mBuilding CXX object CMakeFiles/robstride_core__rosidl_typesupport_cpp.dir/rosidl_typesupport_cpp/robstride_core/msg/goal_event__type_support.cpp.o[0m
[2.824s] [ 34%] [32mBuilding CXX object CMakeFiles/robstride_core__rosidl_typesupport_introspection_cpp.dir/rosidl_typesupport_introspection_cpp/robstride_core/msg/detail/mit_cmd__type_support.cpp.o[0m
[2.824s] [ 34%] [32mBuilding CXX object CMakeFiles/robstride_core__rosidl_typesupport_introspection_cpp.dir/rosidl_typesupport_introspection_cpp/robstride_core/msg/detail/goal_event__type_support.cpp.o[0m
[2.835s] [ 39%] [32mBuilding CXX object CMakeFiles/robstride_core__rosidl_typesupport_fastrtps_cpp.dir/rosidl_typesupport_fastrtps_cpp/robstride_core/msg/detail/dds_fastrtps/mit_cmd__type_support.cpp.o[0m
[2.836s] [ 39%] [32mBuilding CXX object CMakeFiles/robstride_core__rosidl_typesupport_fastrtps_cpp.dir/rosidl_typesupport_fastrtps_cpp/robstride_core/msg/detail/dds_fastrtps/goal_event__type_support.cpp.o[0m
[2.906s] [ 41%] [32mBuilding CXX object CMakeFiles/robstride_core__rosidl_typesupport_c.dir/rosidl_typesupport_c/robstride_core/msg/goal_event__type_support.cpp.o[0m
[2.906s] [ 44%] [32mBuilding CXX object CMakeFiles/robstride_core__rosidl_typesupport_c.dir/rosidl_typesupport_c/robstride_core/msg/mit_cmd__type_support.cpp.o[0m
[2.940s] [ 46%] [32m[1mLinking CXX shared library librobstride_core__rosidl_typesupport_c.so[0m
[2.942s] [ 48%] [32mBuilding C object CMakeFiles/robstride_core__rosidl_typesupport_introspection_c.dir/rosidl_typesupport_introspection_c/robstride_core/msg/detail/mit_cmd__type_support.c.o[0m
[2.942s] [ 51%] [32mBuilding C object CMakeFiles/robstride_core__rosidl_typesupport_introspection_c.dir/rosidl_typesupport_introspection_c/robstride_core/msg/detail/goal_event__type_support.c.o[0m
[2.948s] [ 53%] [32mBuilding CXX object CMakeFiles/robstride_core__rosidl_typesupport_fastrtps_c.dir/rosidl_typesupport_fastrtps_c/robstride_core/msg/detail/goal_event__type_support_c.cpp.o[0m
[2.949s] [ 55%] [32mBuilding CXX object CMakeFiles/robstride_core__rosidl_typesupport_fastrtps_c.dir/rosidl_typesupport_fastrtps_c/robstride_core/msg/detail/mit_cmd__type_support_c.cpp.o[0m
[2.986s] [ 58%] [32m[1mLinking C shared library librobstride_core__rosidl_typesupport_introspection_c.so[0m
[2.993s] [ 58%] Built target robstride_core__rosidl_typesupport_c
[3.021s] [ 58%] Built target robstride_core__rosidl_typesupport_introspection_c
[3.087s] [ 60%] [32m[1mLinking CXX shared library librobstride_core__rosidl_typesupport_cpp.so[0m
[3.125s] [ 60%] Built target robstride_core__rosidl_typesupport_cpp
[3.207s] [ 62%] [32m[1mLinking CXX shared library librobstride_core__rosidl_typesupport_introspection_cpp.so[0m
[3.235s] [ 65%] [32m[1mLinking CXX shared library librobstride_core__rosidl_typesupport_fastrtps_cpp.so[0m
[3.261s] [ 65%] Built target robstride_core__rosidl_typesupport_introspection_cpp
[3.268s] [ 67%] [32m[1mLinking CXX shared library librobstride_core__rosidl_typesupport_fastrtps_c.so[0m
[3.289s] [ 67%] Built target robstride_core__rosidl_typesupport_fastrtps_cpp
[3.322s] [ 67%] Built target robstride_core__rosidl_typesupport_fastrtps_c
[3.339s] [ 67%] Built target robstride_core
[3.354s] [ 69%] [34m[1mGenerating Python code for ROS interfaces[0m
[3.354s] [ 74%] [32mBuilding CXX object CMakeFiles/at_bridge_cmd2at.dir/src/at_bridge_cmd2at.cpp.o[0m
[3.354s] [ 74%] [32mBuilding CXX object CMakeFiles/control_node.dir/src/control.cpp.o[0m
[3.772s] [ 74%] Built target robstride_core__py
[3.789s] [ 79%] [32mBuilding C object CMakeFiles/robstride_core__rosidl_generator_py.dir/rosidl_generator_py/robstride_core/msg/_mit_cmd_s.c.o[0m
[3.789s] [ 79%] [32mBuilding C object CMakeFiles/robstride_core__rosidl_generator_py.dir/rosidl_generator_py/robstride_core/msg/_goal_event_s.c.o[0m
[3.901s] [ 81%] [32m[1mLinking C shared library rosidl_generator_py/robstride_core/librobstride_core__rosidl_generator_py.so[0m
[3.934s] [ 81%] Built target robstride_core__rosidl_generator_py
[3.951s] [ 86%] [32mBuilding C object CMakeFiles/robstride_core__rosidl_typesupport_c__pyext.dir/rosidl_generator_py/robstride_core/_robstride_core_s.ep.rosidl_typesupport_c.c.o[0m
[3.951s] [ 86%] [32mBuilding C object CMakeFiles/robstride_core__rosidl_typesupport_fastrtps_c__pyext.dir/rosidl_generator_py/robstride_core/_robstride_core_s.ep.rosidl_typesupport_fastrtps_c.c.o[0m
[3.952s] [ 88%] [32mBuilding C object CMakeFiles/robstride_core__rosidl_typesupport_introspection_c__pyext.dir/rosidl_generator_py/robstride_core/_robstride_core_s.ep.rosidl_typesupport_introspection_c.c.o[0m
[4.041s] [ 93%] [32m[1mLinking C shared library rosidl_generator_py/robstride_core/robstride_core_s__rosidl_typesupport_fastrtps_c.cpython-310-x86_64-linux-gnu.so[0m
[4.041s] [ 93%] [32m[1mLinking C shared library rosidl_generator_py/robstride_core/robstride_core_s__rosidl_typesupport_introspection_c.cpython-310-x86_64-linux-gnu.so[0m
[4.047s] [ 95%] [32m[1mLinking C shared library rosidl_generator_py/robstride_core/robstride_core_s__rosidl_typesupport_c.cpython-310-x86_64-linux-gnu.so[0m
[4.069s] [ 95%] Built target robstride_core__rosidl_typesupport_introspection_c__pyext
[4.070s] [ 95%] Built target robstride_core__rosidl_typesupport_fastrtps_c__pyext
[4.083s] [ 95%] Built target robstride_core__rosidl_typesupport_c__pyext
[10.785s] [ 97%] [32m[1mLinking CXX executable at_bridge_cmd2at[0m
[11.063s] [ 97%] Built target at_bridge_cmd2at
[13.071s] [100%] [32m[1mLinking CXX executable control_node[0m
[13.480s] [100%] Built target control_node
[13.493s] Invoked command in '/home/ubuntu/Desktop/ros2_ws/CatchRobo-r08/build/robstride_core' returned '0': /usr/bin/cmake --build /home/ubuntu/Desktop/ros2_ws/CatchRobo-r08/build/robstride_core -- -j16 -l16
[13.681s] Invoking command in '/home/ubuntu/Desktop/ros2_ws/CatchRobo-r08/build/robstride_core': /usr/bin/cmake --install /home/ubuntu/Desktop/ros2_ws/CatchRobo-r08/build/robstride_core
[13.687s] -- Install configuration: ""
[13.688s] -- Installing: /home/ubuntu/Desktop/ros2_ws/CatchRobo-r08/install/robstride_core/share/ament_index/resource_index/rosidl_interfaces/robstride_core
[13.689s] -- Installing: /home/ubuntu/Desktop/ros2_ws/CatchRobo-r08/install/robstride_core/include/robstride_core/robstride_core
[13.690s] -- Installing: /home/ubuntu/Desktop/ros2_ws/CatchRobo-r08/install/robstride_core/include/robstride_core/robstride_core/msg
[13.690s] -- Installing: /home/ubuntu/Desktop/ros2_ws/CatchRobo-r08/install/robstride_core/include/robstride_core/robstride_core/msg/mit_cmd.h
[13.690s] -- Installing: /home/ubuntu/Desktop/ros2_ws/CatchRobo-r08/install/robstride_core/include/robstride_core/robstride_core/msg/goal_event.h
[13.691s] -- Installing: /home/ubuntu/Desktop/ros2_ws/CatchRobo-r08/install/robstride_core/include/robstride_core/robstride_core/msg/detail
[13.691s] -- Installing: /home/ubuntu/Desktop/ros2_ws/CatchRobo-r08/install/robstride_core/include/robstride_core/robstride_core/msg/detail/mit_cmd__functions.c
[13.691s] -- Installing: /home/ubuntu/Desktop/ros2_ws/CatchRobo-r08/install/robstride_core/include/robstride_core/robstride_core/msg/detail/goal_event__type_support.h
[13.691s] -- Installing: /home/ubuntu/Desktop/ros2_ws/CatchRobo-r08/install/robstride_core/include/robstride_core/robstride_core/msg/detail/mit_cmd__functions.h
[13.692s] -- Installing: /home/ubuntu/Desktop/ros2_ws/CatchRobo-r08/install/robstride_core/include/robstride_core/robstride_core/msg/detail/goal_event__struct.h
[13.692s] -- Installing: /home/ubuntu/Desktop/ros2_ws/CatchRobo-r08/install/robstride_core/include/robstride_core/robstride_core/msg/detail/mit_cmd__struct.h
[13.692s] -- Installing: /home/ubuntu/Desktop/ros2_ws/CatchRobo-r08/install/robstride_core/include/robstride_core/robstride_core/msg/detail/mit_cmd__type_support.h
[13.692s] -- Installing: /home/ubuntu/Desktop/ros2_ws/CatchRobo-r08/install/robstride_core/include/robstride_core/robstride_core/msg/detail/goal_event__functions.h
[13.693s] -- Installing: /home/ubuntu/Desktop/ros2_ws/CatchRobo-r08/install/robstride_core/include/robstride_core/robstride_core/msg/detail/goal_event__functions.c
[13.693s] -- Installing: /home/ubuntu/Desktop/ros2_ws/CatchRobo-r08/install/robstride_core/include/robstride_core/robstride_core/msg/rosidl_generator_c__visibility_control.h
[13.694s] -- Installing: /home/ubuntu/Desktop/ros2_ws/CatchRobo-r08/install/robstride_core/share/robstride_core/environment/library_path.sh
[13.694s] -- Installing: /home/ubuntu/Desktop/ros2_ws/CatchRobo-r08/install/robstride_core/share/robstride_core/environment/library_path.dsv
[13.695s] -- Installing: /home/ubuntu/Desktop/ros2_ws/CatchRobo-r08/install/robstride_core/lib/librobstride_core__rosidl_generator_c.so
[13.695s] -- Set runtime path of "/home/ubuntu/Desktop/ros2_ws/CatchRobo-r08/install/robstride_core/lib/librobstride_core__rosidl_generator_c.so" to ""
[13.695s] -- Up-to-date: /home/ubuntu/Desktop/ros2_ws/CatchRobo-r08/install/robstride_core/include/robstride_core/robstride_core
[13.695s] -- Up-to-date: /home/ubuntu/Desktop/ros2_ws/CatchRobo-r08/install/robstride_core/include/robstride_core/robstride_core/msg
[13.696s] -- Up-to-date: /home/ubuntu/Desktop/ros2_ws/CatchRobo-r08/install/robstride_core/include/robstride_core/robstride_core/msg/detail
[13.696s] -- Installing: /home/ubuntu/Desktop/ros2_ws/CatchRobo-r08/install/robstride_core/include/robstride_core/robstride_core/msg/detail/goal_event__rosidl_typesupport_fastrtps_c.h
[13.696s] -- Installing: /home/ubuntu/Desktop/ros2_ws/CatchRobo-r08/install/robstride_core/include/robstride_core/robstride_core/msg/detail/mit_cmd__rosidl_typesupport_fastrtps_c.h
[13.696s] -- Installing: /home/ubuntu/Desktop/ros2_ws/CatchRobo-r08/install/robstride_core/include/robstride_core/robstride_core/msg/rosidl_typesupport_fastrtps_c__visibility_control.h
[13.696s] -- Installing: /home/ubuntu/Desktop/ros2_ws/CatchRobo-r08/install/robstride_core/lib/librobstride_core__rosidl_typesupport_fastrtps_c.so
[13.696s] -- Set runtime path of "/home/ubuntu/Desktop/ros2_ws/CatchRobo-r08/install/robstride_core/lib/librobstride_core__rosidl_typesupport_fastrtps_c.so" to ""
[13.697s] -- Up-to-date: /home/ubuntu/Desktop/ros2_ws/CatchRobo-r08/install/robstride_core/include/robstride_core/robstride_core
[13.697s] -- Up-to-date: /home/ubuntu/Desktop/ros2_ws/CatchRobo-r08/install/robstride_core/include/robstride_core/robstride_core/msg
[13.697s] -- Up-to-date: /home/ubuntu/Desktop/ros2_ws/CatchRobo-r08/install/robstride_core/include/robstride_core/robstride_core/msg/detail
[13.697s] -- Installing: /home/ubuntu/Desktop/ros2_ws/CatchRobo-r08/install/robstride_core/include/robstride_core/robstride_core/msg/detail/goal_event__type_support.c
[13.698s] -- Installing: /home/ubuntu/Desktop/ros2_ws/CatchRobo-r08/install/robstride_core/include/robstride_core/robstride_core/msg/detail/goal_event__rosidl_typesupport_introspection_c.h
[13.698s] -- Installing: /home/ubuntu/Desktop/ros2_ws/CatchRobo-r08/install/robstride_core/include/robstride_core/robstride_core/msg/detail/mit_cmd__rosidl_typesupport_introspection_c.h
[13.698s] -- Installing: /home/ubuntu/Desktop/ros2_ws/CatchRobo-r08/install/robstride_core/include/robstride_core/robstride_core/msg/detail/mit_cmd__type_support.c
[13.698s] -- Installing: /home/ubuntu/Desktop/ros2_ws/CatchRobo-r08/install/robstride_core/include/robstride_core/robstride_core/msg/rosidl_typesupport_introspection_c__visibility_control.h
[13.699s] -- Installing: /home/ubuntu/Desktop/ros2_ws/CatchRobo-r08/install/robstride_core/lib/librobstride_core__rosidl_typesupport_introspection_c.so
[13.699s] -- Set runtime path of "/home/ubuntu/Desktop/ros2_ws/CatchRobo-r08/install/robstride_core/lib/librobstride_core__rosidl_typesupport_introspection_c.so" to ""
[13.699s] -- Installing: /home/ubuntu/Desktop/ros2_ws/CatchRobo-r08/install/robstride_core/lib/librobstride_core__rosidl_typesupport_c.so
[13.699s] -- Set runtime path of "/home/ubuntu/Desktop/ros2_ws/CatchRobo-r08/install/robstride_core/lib/librobstride_core__rosidl_typesupport_c.so" to ""
[13.699s] -- Up-to-date: /home/ubuntu/Desktop/ros2_ws/CatchRobo-r08/install/robstride_core/include/robstride_core/robstride_core
[13.699s] -- Up-to-date: /home/ubuntu/Desktop/ros2_ws/CatchRobo-r08/install/robstride_core/include/robstride_core/robstride_core/msg
[13.699s] -- Up-to-date: /home/ubuntu/Desktop/ros2_ws/CatchRobo-r08/install/robstride_core/include/robstride_core/robstride_core/msg/detail
[13.699s] -- Installing: /home/ubuntu/Desktop/ros2_ws/CatchRobo-r08/install/robstride_core/include/robstride_core/robstride_core/msg/detail/mit_cmd__builder.hpp
[13.700s] -- Installing: /home/ubuntu/Desktop/ros2_ws/CatchRobo-r08/install/robstride_core/include/robstride_core/robstride_core/msg/detail/mit_cmd__struct.hpp
[13.700s] -- Installing: /home/ubuntu/Desktop/ros2_ws/CatchRobo-r08/install/robstride_core/include/robstride_core/robstride_core/msg/detail/goal_event__builder.hpp
[13.700s] -- Installing: /home/ubuntu/Desktop/ros2_ws/CatchRobo-r08/install/robstride_core/include/robstride_core/robstride_core/msg/detail/goal_event__struct.hpp
[13.700s] -- Installing: /home/ubuntu/Desktop/ros2_ws/CatchRobo-r08/install/robstride_core/include/robstride_core/robstride_core/msg/detail/mit_cmd__traits.hpp
[13.700s] -- Installing: /home/ubuntu/Desktop/ros2_ws/CatchRobo-r08/install/robstride_core/include/robstride_core/robstride_core/msg/detail/goal_event__traits.hpp
[13.700s] -- Installing: /home/ubuntu/Desktop/ros2_ws/CatchRobo-r08/install/robstride_core/include/robstride_core/robstride_core/msg/mit_cmd.hpp
[13.700s] -- Installing: /home/ubuntu/Desktop/ros2_ws/CatchRobo-r08/install/robstride_core/include/robstride_core/robstride_core/msg/goal_event.hpp
[13.701s] -- Up-to-date: /home/ubuntu/Desktop/ros2_ws/CatchRobo-r08/install/robstride_core/include/robstride_core/robstride_core
[13.701s] -- Up-to-date: /home/ubuntu/Desktop/ros2_ws/CatchRobo-r08/install/robstride_core/include/robstride_core/robstride_core/msg
[13.701s] -- Installing: /home/ubuntu/Desktop/ros2_ws/CatchRobo-r08/install/robstride_core/include/robstride_core/robstride_core/msg/rosidl_typesupport_fastrtps_cpp__visibility_control.h
[13.701s] -- Up-to-date: /home/ubuntu/Desktop/ros2_ws/CatchRobo-r08/install/robstride_core/include/robstride_core/robstride_core/msg/detail
[13.701s] -- Installing: /home/ubuntu/Desktop/ros2_ws/CatchRobo-r08/install/robstride_core/include/robstride_core/robstride_core/msg/detail/goal_event__rosidl_typesupport_fastrtps_cpp.hpp
[13.701s] -- Installing: /home/ubuntu/Desktop/ros2_ws/CatchRobo-r08/install/robstride_core/include/robstride_core/robstride_core/msg/detail/dds_fastrtps
[13.702s] -- Installing: /home/ubuntu/Desktop/ros2_ws/CatchRobo-r08/install/robstride_core/include/robstride_core/robstride_core/msg/detail/mit_cmd__rosidl_typesupport_fastrtps_cpp.hpp
[13.702s] -- Installing: /home/ubuntu/Desktop/ros2_ws/CatchRobo-r08/install/robstride_core/lib/librobstride_core__rosidl_typesupport_fastrtps_cpp.so
[13.702s] -- Set runtime path of "/home/ubuntu/Desktop/ros2_ws/CatchRobo-r08/install/robstride_core/lib/librobstride_core__rosidl_typesupport_fastrtps_cpp.so" to ""
[13.703s] -- Up-to-date: /home/ubuntu/Desktop/ros2_ws/CatchRobo-r08/install/robstride_core/include/robstride_core/robstride_core
[13.703s] -- Up-to-date: /home/ubuntu/Desktop/ros2_ws/CatchRobo-r08/install/robstride_core/include/robstride_core/robstride_core/msg
[13.703s] -- Up-to-date: /home/ubuntu/Desktop/ros2_ws/CatchRobo-r08/install/robstride_core/include/robstride_core/robstride_core/msg/detail
[13.703s] -- Installing: /home/ubuntu/Desktop/ros2_ws/CatchRobo-r08/install/robstride_core/include/robstride_core/robstride_core/msg/detail/goal_event__rosidl_typesupport_introspection_cpp.hpp
[13.703s] -- Installing: /home/ubuntu/Desktop/ros2_ws/CatchRobo-r08/install/robstride_core/include/robstride_core/robstride_core/msg/detail/goal_event__type_support.cpp
[13.703s] -- Installing: /home/ubuntu/Desktop/ros2_ws/CatchRobo-r08/install/robstride_core/include/robstride_core/robstride_core/msg/detail/mit_cmd__rosidl_typesupport_introspection_cpp.hpp
[13.703s] -- Installing: /home/ubuntu/Desktop/ros2_ws/CatchRobo-r08/install/robstride_core/include/robstride_core/robstride_core/msg/detail/mit_cmd__type_support.cpp
[13.703s] -- Installing: /home/ubuntu/Desktop/ros2_ws/CatchRobo-r08/install/robstride_core/lib/librobstride_core__rosidl_typesupport_introspection_cpp.so
[13.704s] -- Set runtime path of "/home/ubuntu/Desktop/ros2_ws/CatchRobo-r08/install/robstride_core/lib/librobstride_core__rosidl_typesupport_introspection_cpp.so" to ""
[13.704s] -- Installing: /home/ubuntu/Desktop/ros2_ws/CatchRobo-r08/install/robstride_core/lib/librobstride_core__rosidl_typesupport_cpp.so
[13.704s] -- Set runtime path of "/home/ubuntu/Desktop/ros2_ws/CatchRobo-r08/install/robstride_core/lib/librobstride_core__rosidl_typesupport_cpp.so" to ""
[13.704s] -- Installing: /home/ubuntu/Desktop/ros2_ws/CatchRobo-r08/install/robstride_core/share/robstride_core/environment/pythonpath.sh
[13.705s] -- Installing: /home/ubuntu/Desktop/ros2_ws/CatchRobo-r08/install/robstride_core/share/robstride_core/environment/pythonpath.dsv
[13.705s] -- Installing: /home/ubuntu/Desktop/ros2_ws/CatchRobo-r08/install/robstride_core/local/lib/python3.10/dist-packages/robstride_core-0.0.1-py3.10.egg-info
[13.706s] -- Installing: /home/ubuntu/Desktop/ros2_ws/CatchRobo-r08/install/robstride_core/local/lib/python3.10/dist-packages/robstride_core-0.0.1-py3.10.egg-info/dependency_links.txt
[13.706s] -- Installing: /home/ubuntu/Desktop/ros2_ws/CatchRobo-r08/install/robstride_core/local/lib/python3.10/dist-packages/robstride_core-0.0.1-py3.10.egg-info/SOURCES.txt
[13.707s] -- Installing: /home/ubuntu/Desktop/ros2_ws/CatchRobo-r08/install/robstride_core/local/lib/python3.10/dist-packages/robstride_core-0.0.1-py3.10.egg-info/top_level.txt
[13.707s] -- Installing: /home/ubuntu/Desktop/ros2_ws/CatchRobo-r08/install/robstride_core/local/lib/python3.10/dist-packages/robstride_core-0.0.1-py3.10.egg-info/PKG-INFO
[13.707s] -- Installing: /home/ubuntu/Desktop/ros2_ws/CatchRobo-r08/install/robstride_core/local/lib/python3.10/dist-packages/robstride_core
[13.707s] -- Installing: /home/ubuntu/Desktop/ros2_ws/CatchRobo-r08/install/robstride_core/local/lib/python3.10/dist-packages/robstride_core/msg
[13.708s] -- Installing: /home/ubuntu/Desktop/ros2_ws/CatchRobo-r08/install/robstride_core/local/lib/python3.10/dist-packages/robstride_core/msg/__init__.py
[13.708s] -- Installing: /home/ubuntu/Desktop/ros2_ws/CatchRobo-r08/install/robstride_core/local/lib/python3.10/dist-packages/robstride_core/msg/_goal_event_s.c
[13.708s] -- Installing: /home/ubuntu/Desktop/ros2_ws/CatchRobo-r08/install/robstride_core/local/lib/python3.10/dist-packages/robstride_core/msg/_goal_event.py
[13.708s] -- Installing: /home/ubuntu/Desktop/ros2_ws/CatchRobo-r08/install/robstride_core/local/lib/python3.10/dist-packages/robstride_core/msg/_mit_cmd_s.c
[13.709s] -- Installing: /home/ubuntu/Desktop/ros2_ws/CatchRobo-r08/install/robstride_core/local/lib/python3.10/dist-packages/robstride_core/msg/_mit_cmd.py
[13.709s] -- Installing: /home/ubuntu/Desktop/ros2_ws/CatchRobo-r08/install/robstride_core/local/lib/python3.10/dist-packages/robstride_core/__init__.py
[13.709s] -- Installing: /home/ubuntu/Desktop/ros2_ws/CatchRobo-r08/install/robstride_core/local/lib/python3.10/dist-packages/robstride_core/_robstride_core_s.ep.rosidl_typesupport_introspection_c.c
[13.709s] -- Installing: /home/ubuntu/Desktop/ros2_ws/CatchRobo-r08/install/robstride_core/local/lib/python3.10/dist-packages/robstride_core/robstride_core_s__rosidl_typesupport_fastrtps_c.cpython-310-x86_64-linux-gnu.so
[13.709s] -- Installing: /home/ubuntu/Desktop/ros2_ws/CatchRobo-r08/install/robstride_core/local/lib/python3.10/dist-packages/robstride_core/_robstride_core_s.ep.rosidl_typesupport_fastrtps_c.c
[13.710s] -- Installing: /home/ubuntu/Desktop/ros2_ws/CatchRobo-r08/install/robstride_core/local/lib/python3.10/dist-packages/robstride_core/robstride_core_s__rosidl_typesupport_c.cpython-310-x86_64-linux-gnu.so
[13.710s] -- Installing: /home/ubuntu/Desktop/ros2_ws/CatchRobo-r08/install/robstride_core/local/lib/python3.10/dist-packages/robstride_core/robstride_core_s__rosidl_typesupport_introspection_c.cpython-310-x86_64-linux-gnu.so
[13.710s] -- Installing: /home/ubuntu/Desktop/ros2_ws/CatchRobo-r08/install/robstride_core/local/lib/python3.10/dist-packages/robstride_core/_robstride_core_s.ep.rosidl_typesupport_c.c
[13.710s] -- Installing: /home/ubuntu/Desktop/ros2_ws/CatchRobo-r08/install/robstride_core/local/lib/python3.10/dist-packages/robstride_core/librobstride_core__rosidl_generator_py.so
[13.740s] Listing '/home/ubuntu/Desktop/ros2_ws/CatchRobo-r08/install/robstride_core/local/lib/python3.10/dist-packages/robstride_core'...
[13.740s] Compiling '/home/ubuntu/Desktop/ros2_ws/CatchRobo-r08/install/robstride_core/local/lib/python3.10/dist-packages/robstride_core/__init__.py'...
[13.741s] Listing '/home/ubuntu/Desktop/ros2_ws/CatchRobo-r08/install/robstride_core/local/lib/python3.10/dist-packages/robstride_core/msg'...
[13.741s] Compiling '/home/ubuntu/Desktop/ros2_ws/CatchRobo-r08/install/robstride_core/local/lib/python3.10/dist-packages/robstride_core/msg/__init__.py'...
[13.741s] Compiling '/home/ubuntu/Desktop/ros2_ws/CatchRobo-r08/install/robstride_core/local/lib/python3.10/dist-packages/robstride_core/msg/_goal_event.py'...
[13.741s] Compiling '/home/ubuntu/Desktop/ros2_ws/CatchRobo-r08/install/robstride_core/local/lib/python3.10/dist-packages/robstride_core/msg/_mit_cmd.py'...
[13.744s] -- Installing: /home/ubuntu/Desktop/ros2_ws/CatchRobo-r08/install/robstride_core/local/lib/python3.10/dist-packages/robstride_core/robstride_core_s__rosidl_typesupport_fastrtps_c.cpython-310-x86_64-linux-gnu.so
[13.745s] -- Set runtime path of "/home/ubuntu/Desktop/ros2_ws/CatchRobo-r08/install/robstride_core/local/lib/python3.10/dist-packages/robstride_core/robstride_core_s__rosidl_typesupport_fastrtps_c.cpython-310-x86_64-linux-gnu.so" to ""
[13.745s] -- Installing: /home/ubuntu/Desktop/ros2_ws/CatchRobo-r08/install/robstride_core/local/lib/python3.10/dist-packages/robstride_core/robstride_core_s__rosidl_typesupport_introspection_c.cpython-310-x86_64-linux-gnu.so
[13.745s] -- Set runtime path of "/home/ubuntu/Desktop/ros2_ws/CatchRobo-r08/install/robstride_core/local/lib/python3.10/dist-packages/robstride_core/robstride_core_s__rosidl_typesupport_introspection_c.cpython-310-x86_64-linux-gnu.so" to ""
[13.746s] -- Installing: /home/ubuntu/Desktop/ros2_ws/CatchRobo-r08/install/robstride_core/local/lib/python3.10/dist-packages/robstride_core/robstride_core_s__rosidl_typesupport_c.cpython-310-x86_64-linux-gnu.so
[13.746s] -- Set runtime path of "/home/ubuntu/Desktop/ros2_ws/CatchRobo-r08/install/robstride_core/local/lib/python3.10/dist-packages/robstride_core/robstride_core_s__rosidl_typesupport_c.cpython-310-x86_64-linux-gnu.so" to ""
[13.746s] -- Installing: /home/ubuntu/Desktop/ros2_ws/CatchRobo-r08/install/robstride_core/lib/librobstride_core__rosidl_generator_py.so
[13.746s] -- Set runtime path of "/home/ubuntu/Desktop/ros2_ws/CatchRobo-r08/install/robstride_core/lib/librobstride_core__rosidl_generator_py.so" to ""
[13.747s] -- Installing: /home/ubuntu/Desktop/ros2_ws/CatchRobo-r08/install/robstride_core/share/robstride_core/msg/MitCmd.idl
[13.747s] -- Installing: /home/ubuntu/Desktop/ros2_ws/CatchRobo-r08/install/robstride_core/share/robstride_core/msg/GoalEvent.idl
[13.748s] -- Installing: /home/ubuntu/Desktop/ros2_ws/CatchRobo-r08/install/robstride_core/share/robstride_core/msg/MitCmd.msg
[13.748s] -- Installing: /home/ubuntu/Desktop/ros2_ws/CatchRobo-r08/install/robstride_core/share/robstride_core/msg/GoalEvent.msg
[13.748s] -- Installing: /home/ubuntu/Desktop/ros2_ws/CatchRobo-r08/install/robstride_core/lib/robstride_core/at_bridge_cmd2at
[13.754s] -- Set runtime path of "/home/ubuntu/Desktop/ros2_ws/CatchRobo-r08/install/robstride_core/lib/robstride_core/at_bridge_cmd2at" to ""
[13.754s] -- Installing: /home/ubuntu/Desktop/ros2_ws/CatchRobo-r08/install/robstride_core/lib/robstride_core/control_node
[13.762s] -- Set runtime path of "/home/ubuntu/Desktop/ros2_ws/CatchRobo-r08/install/robstride_core/lib/robstride_core/control_node" to ""
[13.762s] -- Up-to-date: /home/ubuntu/Desktop/ros2_ws/CatchRobo-r08/install/robstride_core/include
[13.762s] -- Up-to-date: /home/ubuntu/Desktop/ros2_ws/CatchRobo-r08/install/robstride_core/include/robstride_core
[13.762s] -- Installing: /home/ubuntu/Desktop/ros2_ws/CatchRobo-r08/install/robstride_core/include/robstride_core/at_wire.hpp
[13.763s] -- Installing: /home/ubuntu/Desktop/ros2_ws/CatchRobo-r08/install/robstride_core/share/ament_index/resource_index/package_run_dependencies/robstride_core
[13.764s] -- Installing: /home/ubuntu/Desktop/ros2_ws/CatchRobo-r08/install/robstride_core/share/ament_index/resource_index/parent_prefix_path/robstride_core
[13.764s] -- Installing: /home/ubuntu/Desktop/ros2_ws/CatchRobo-r08/install/robstride_core/share/robstride_core/environment/ament_prefix_path.sh
[13.764s] -- Installing: /home/ubuntu/Desktop/ros2_ws/CatchRobo-r08/install/robstride_core/share/robstride_core/environment/ament_prefix_path.dsv
[13.764s] -- Installing: /home/ubuntu/Desktop/ros2_ws/CatchRobo-r08/install/robstride_core/share/robstride_core/environment/path.sh
[13.765s] -- Installing: /home/ubuntu/Desktop/ros2_ws/CatchRobo-r08/install/robstride_core/share/robstride_core/environment/path.dsv
[13.765s] -- Installing: /home/ubuntu/Desktop/ros2_ws/CatchRobo-r08/install/robstride_core/share/robstride_core/local_setup.bash
[13.765s] -- Installing: /home/ubuntu/Desktop/ros2_ws/CatchRobo-r08/install/robstride_core/share/robstride_core/local_setup.sh
[13.765s] -- Installing: /home/ubuntu/Desktop/ros2_ws/CatchRobo-r08/install/robstride_core/share/robstride_core/local_setup.zsh
[13.765s] -- Installing: /home/ubuntu/Desktop/ros2_ws/CatchRobo-r08/install/robstride_core/share/robstride_core/local_setup.dsv
[13.766s] -- Installing: /home/ubuntu/Desktop/ros2_ws/CatchRobo-r08/install/robstride_core/share/robstride_core/package.dsv
[13.766s] -- Installing: /home/ubuntu/Desktop/ros2_ws/CatchRobo-r08/install/robstride_core/share/ament_index/resource_index/packages/robstride_core
[13.767s] -- Installing: /home/ubuntu/Desktop/ros2_ws/CatchRobo-r08/install/robstride_core/share/robstride_core/cmake/export_robstride_core__rosidl_generator_cExport.cmake
[13.767s] -- Installing: /home/ubuntu/Desktop/ros2_ws/CatchRobo-r08/install/robstride_core/share/robstride_core/cmake/export_robstride_core__rosidl_generator_cExport-noconfig.cmake
[13.767s] -- Installing: /home/ubuntu/Desktop/ros2_ws/CatchRobo-r08/install/robstride_core/share/robstride_core/cmake/export_robstride_core__rosidl_typesupport_fastrtps_cExport.cmake
[13.768s] -- Installing: /home/ubuntu/Desktop/ros2_ws/CatchRobo-r08/install/robstride_core/share/robstride_core/cmake/export_robstride_core__rosidl_typesupport_fastrtps_cExport-noconfig.cmake
[13.768s] -- Installing: /home/ubuntu/Desktop/ros2_ws/CatchRobo-r08/install/robstride_core/share/robstride_core/cmake/robstride_core__rosidl_typesupport_introspection_cExport.cmake
[13.768s] -- Installing: /home/ubuntu/Desktop/ros2_ws/CatchRobo-r08/install/robstride_core/share/robstride_core/cmake/robstride_core__rosidl_typesupport_introspection_cExport-noconfig.cmake
[13.768s] -- Installing: /home/ubuntu/Desktop/ros2_ws/CatchRobo-r08/install/robstride_core/share/robstride_core/cmake/robstride_core__rosidl_typesupport_cExport.cmake
[13.769s] -- Installing: /home/ubuntu/Desktop/ros2_ws/CatchRobo-r08/install/robstride_core/share/robstride_core/cmake/robstride_core__rosidl_typesupport_cExport-noconfig.cmake
[13.769s] -- Installing: /home/ubuntu/Desktop/ros2_ws/CatchRobo-r08/install/robstride_core/share/robstride_core/cmake/export_robstride_core__rosidl_generator_cppExport.cmake
[13.769s] -- Installing: /home/ubuntu/Desktop/ros2_ws/CatchRobo-r08/install/robstride_core/share/robstride_core/cmake/export_robstride_core__rosidl_typesupport_fastrtps_cppExport.cmake
[13.769s] -- Installing: /home/ubuntu/Desktop/ros2_ws/CatchRobo-r08/install/robstride_core/share/robstride_core/cmake/export_robstride_core__rosidl_typesupport_fastrtps_cppExport-noconfig.cmake
[13.769s] -- Installing: /home/ubuntu/Desktop/ros2_ws/CatchRobo-r08/install/robstride_core/share/robstride_core/cmake/robstride_core__rosidl_typesupport_introspection_cppExport.cmake
[13.770s] -- Installing: /home/ubuntu/Desktop/ros2_ws/CatchRobo-r08/install/robstride_core/share/robstride_core/cmake/robstride_core__rosidl_typesupport_introspection_cppExport-noconfig.cmake
[13.770s] -- Installing: /home/ubuntu/Desktop/ros2_ws/CatchRobo-r08/install/robstride_core/share/robstride_core/cmake/robstride_core__rosidl_typesupport_cppExport.cmake
[13.770s] -- Installing: /home/ubuntu/Desktop/ros2_ws/CatchRobo-r08/install/robstride_core/share/robstride_core/cmake/robstride_core__rosidl_typesupport_cppExport-noconfig.cmake
[13.770s] -- Installing: /home/ubuntu/Desktop/ros2_ws/CatchRobo-r08/install/robstride_core/share/robstride_core/cmake/export_robstride_core__rosidl_generator_pyExport.cmake
[13.771s] -- Installing: /home/ubuntu/Desktop/ros2_ws/CatchRobo-r08/install/robstride_core/share/robstride_core/cmake/export_robstride_core__rosidl_generator_pyExport-noconfig.cmake
[13.771s] -- Installing: /home/ubuntu/Desktop/ros2_ws/CatchRobo-r08/install/robstride_core/share/robstride_core/cmake/rosidl_cmake-extras.cmake
[13.771s] -- Installing: /home/ubuntu/Desktop/ros2_ws/CatchRobo-r08/install/robstride_core/share/robstride_core/cmake/ament_cmake_export_dependencies-extras.cmake
[13.771s] -- Installing: /home/ubuntu/Desktop/ros2_ws/CatchRobo-r08/install/robstride_core/share/robstride_core/cmake/ament_cmake_export_include_directories-extras.cmake
[13.772s] -- Installing: /home/ubuntu/Desktop/ros2_ws/CatchRobo-r08/install/robstride_core/share/robstride_core/cmake/ament_cmake_export_libraries-extras.cmake
[13.772s] -- Installing: /home/ubuntu/Desktop/ros2_ws/CatchRobo-r08/install/robstride_core/share/robstride_core/cmake/ament_cmake_export_targets-extras.cmake
[13.772s] -- Installing: /home/ubuntu/Desktop/ros2_ws/CatchRobo-r08/install/robstride_core/share/robstride_core/cmake/rosidl_cmake_export_typesupport_targets-extras.cmake
[13.772s] -- Installing: /home/ubuntu/Desktop/ros2_ws/CatchRobo-r08/install/robstride_core/share/robstride_core/cmake/rosidl_cmake_export_typesupport_libraries-extras.cmake
[13.772s] -- Installing: /home/ubuntu/Desktop/ros2_ws/CatchRobo-r08/install/robstride_core/share/robstride_core/cmake/robstride_coreConfig.cmake
[13.773s] -- Installing: /home/ubuntu/Desktop/ros2_ws/CatchRobo-r08/install/robstride_core/share/robstride_core/cmake/robstride_coreConfig-version.cmake
[13.773s] -- Installing: /home/ubuntu/Desktop/ros2_ws/CatchRobo-r08/install/robstride_core/share/robstride_core/package.xml
[13.775s] Invoked command in '/home/ubuntu/Desktop/ros2_ws/CatchRobo-r08/build/robstride_core' returned '0': /usr/bin/cmake --install /home/ubuntu/Desktop/ros2_ws/CatchRobo-r08/build/robstride_core
