[35m[1mConsolidate compiler generated dependencies of target csv_sequencer_node[0m
[  2%] Built target robstride_core__cpp
[ 11%] Built target robstride_core__rosidl_generator_c
[ 11%] Built target ament_cmake_python_copy_robstride_core
[ 15%] Built target csv_sequencer_node
[ 24%] Built target robstride_core__rosidl_typesupport_introspection_c
[ 48%] Built target robstride_core__rosidl_typesupport_fastrtps_cpp
[ 51%] Built target robstride_core__rosidl_typesupport_introspection_cpp
[ 51%] Built target robstride_core__rosidl_typesupport_fastrtps_c
[ 68%] Built target robstride_core__rosidl_typesupport_cpp
[ 68%] Built target robstride_core__rosidl_typesupport_c
[35m[1mConsolidate compiler generated dependencies of target at_bridge_cmd2at[0m
[35m[1mConsolidate compiler generated dependencies of target control_node[0m
[ 68%] Built target robstride_core
[ 75%] [32mBuilding CXX object CMakeFiles/control_node.dir/src/control.cpp.o[0m
[ 75%] Built target at_bridge_cmd2at
[ 77%] Built target robstride_core__py
[ 84%] Built target robstride_core__rosidl_generator_py
[ 93%] Built target robstride_core__rosidl_typesupport_introspection_c__pyext
[ 93%] Built target robstride_core__rosidl_typesupport_fastrtps_c__pyext
[ 97%] Built target robstride_core__rosidl_typesupport_c__pyext
running egg_info
writing robstride_core.egg-info/PKG-INFO
writing dependency_links to robstride_core.egg-info/dependency_links.txt
writing top-level names to robstride_core.egg-info/top_level.txt
reading manifest file 'robstride_core.egg-info/SOURCES.txt'
writing manifest file 'robstride_core.egg-info/SOURCES.txt'
[ 97%] Built target ament_cmake_python_build_robstride_core_egg
