[0.434s] DEBUG:colcon:Command line arguments: ['/usr/bin/colcon', 'build', '--symlink-install']
[0.435s] DEBUG:colcon:Parsed command line arguments: Namespace(log_base=None, log_level=None, verb_name='build', build_base='build', install_base='install', merge_install=False, symlink_install=True, test_result_base=None, continue_on_error=False, executor='parallel', parallel_workers=4, event_handlers=None, ignore_user_meta=False, metas=['./colcon.meta'], base_paths=['.'], packages_ignore=None, packages_ignore_regex=None, paths=None, packages_up_to=None, packages_up_to_regex=None, packages_above=None, packages_above_and_dependencies=None, packages_above_depth=None, packages_select_by_dep=None, packages_skip_by_dep=None, packages_skip_up_to=None, packages_select_build_failed=False, packages_skip_build_finished=False, packages_select_test_failures=False, packages_skip_test_passed=False, packages_select=None, packages_skip=None, packages_select_regex=None, packages_skip_regex=None, packages_start=None, packages_end=None, allow_overriding=[], cmake_args=None, cmake_target=None, cmake_target_skip_unavailable=False, cmake_clean_cache=False, cmake_clean_first=False, cmake_force_configure=False, ament_cmake_args=None, catkin_cmake_args=None, catkin_skip_building_tests=False, mixin_files=None, mixin=None, verb_parser=<colcon_mixin.mixin.mixin_argument.MixinArgumentDecorator object at 0xffffba7e45e0>, verb_extension=<colcon_core.verb.build.BuildVerb object at 0xffffba8e9c00>, main=<bound method BuildVerb.main of <colcon_core.verb.build.BuildVerb object at 0xffffba8e9c00>>, mixin_verb=('build',))
[1.159s] Level 1:colcon.colcon_core.package_discovery:discover_packages(colcon_meta) check parameters
[1.159s] Level 1:colcon.colcon_core.package_discovery:discover_packages(recursive) check parameters
[1.159s] Level 1:colcon.colcon_core.package_discovery:discover_packages(ignore) check parameters
[1.159s] Level 1:colcon.colcon_core.package_discovery:discover_packages(path) check parameters
[1.159s] Level 1:colcon.colcon_core.package_discovery:discover_packages(colcon_meta) discover
[1.160s] Level 1:colcon.colcon_core.package_discovery:discover_packages(recursive) discover
[1.160s] INFO:colcon.colcon_core.package_discovery:Crawling recursively for packages in '/home/mowmow/workspace/CatchRobo-r08'
[1.161s] Level 1:colcon.colcon_core.package_identification:_identify(.) by extensions ['ignore', 'ignore_ament_install']
[1.161s] Level 1:colcon.colcon_core.package_identification:_identify(.) by extension 'ignore'
[1.161s] Level 1:colcon.colcon_core.package_identification:_identify(.) by extension 'ignore_ament_install'
[1.162s] Level 1:colcon.colcon_core.package_identification:_identify(.) by extensions ['colcon_pkg']
[1.162s] Level 1:colcon.colcon_core.package_identification:_identify(.) by extension 'colcon_pkg'
[1.162s] Level 1:colcon.colcon_core.package_identification:_identify(.) by extensions ['colcon_meta']
[1.162s] Level 1:colcon.colcon_core.package_identification:_identify(.) by extension 'colcon_meta'
[1.162s] Level 1:colcon.colcon_core.package_identification:_identify(.) by extensions ['ros']
[1.162s] Level 1:colcon.colcon_core.package_identification:_identify(.) by extension 'ros'
[1.212s] Level 1:colcon.colcon_core.package_identification:_identify(.) by extensions ['cmake', 'python']
[1.212s] Level 1:colcon.colcon_core.package_identification:_identify(.) by extension 'cmake'
[1.212s] Level 1:colcon.colcon_core.package_identification:_identify(.) by extension 'python'
[1.212s] Level 1:colcon.colcon_core.package_identification:_identify(.) by extensions ['python_setup_py']
[1.212s] Level 1:colcon.colcon_core.package_identification:_identify(.) by extension 'python_setup_py'
[1.213s] Level 1:colcon.colcon_core.package_identification:_identify(build) by extensions ['ignore', 'ignore_ament_install']
[1.213s] Level 1:colcon.colcon_core.package_identification:_identify(build) by extension 'ignore'
[1.213s] Level 1:colcon.colcon_core.package_identification:_identify(build) ignored
[1.214s] Level 1:colcon.colcon_core.package_identification:_identify(install) by extensions ['ignore', 'ignore_ament_install']
[1.214s] Level 1:colcon.colcon_core.package_identification:_identify(install) by extension 'ignore'
[1.214s] Level 1:colcon.colcon_core.package_identification:_identify(install) ignored
[1.215s] Level 1:colcon.colcon_core.package_identification:_identify(log) by extensions ['ignore', 'ignore_ament_install']
[1.215s] Level 1:colcon.colcon_core.package_identification:_identify(log) by extension 'ignore'
[1.215s] Level 1:colcon.colcon_core.package_identification:_identify(log) ignored
[1.216s] Level 1:colcon.colcon_core.package_identification:_identify(src) by extensions ['ignore', 'ignore_ament_install']
[1.216s] Level 1:colcon.colcon_core.package_identification:_identify(src) by extension 'ignore'
[1.216s] Level 1:colcon.colcon_core.package_identification:_identify(src) by extension 'ignore_ament_install'
[1.216s] Level 1:colcon.colcon_core.package_identification:_identify(src) by extensions ['colcon_pkg']
[1.216s] Level 1:colcon.colcon_core.package_identification:_identify(src) by extension 'colcon_pkg'
[1.217s] Level 1:colcon.colcon_core.package_identification:_identify(src) by extensions ['colcon_meta']
[1.217s] Level 1:colcon.colcon_core.package_identification:_identify(src) by extension 'colcon_meta'
[1.217s] Level 1:colcon.colcon_core.package_identification:_identify(src) by extensions ['ros']
[1.217s] Level 1:colcon.colcon_core.package_identification:_identify(src) by extension 'ros'
[1.217s] Level 1:colcon.colcon_core.package_identification:_identify(src) by extensions ['cmake', 'python']
[1.217s] Level 1:colcon.colcon_core.package_identification:_identify(src) by extension 'cmake'
[1.218s] Level 1:colcon.colcon_core.package_identification:_identify(src) by extension 'python'
[1.218s] Level 1:colcon.colcon_core.package_identification:_identify(src) by extensions ['python_setup_py']
[1.218s] Level 1:colcon.colcon_core.package_identification:_identify(src) by extension 'python_setup_py'
[1.218s] Level 1:colcon.colcon_core.package_identification:_identify(src/atcan_bridge) by extensions ['ignore', 'ignore_ament_install']
[1.219s] Level 1:colcon.colcon_core.package_identification:_identify(src/atcan_bridge) by extension 'ignore'
[1.219s] Level 1:colcon.colcon_core.package_identification:_identify(src/atcan_bridge) by extension 'ignore_ament_install'
[1.219s] Level 1:colcon.colcon_core.package_identification:_identify(src/atcan_bridge) by extensions ['colcon_pkg']
[1.219s] Level 1:colcon.colcon_core.package_identification:_identify(src/atcan_bridge) by extension 'colcon_pkg'
[1.219s] Level 1:colcon.colcon_core.package_identification:_identify(src/atcan_bridge) by extensions ['colcon_meta']
[1.219s] Level 1:colcon.colcon_core.package_identification:_identify(src/atcan_bridge) by extension 'colcon_meta'
[1.220s] Level 1:colcon.colcon_core.package_identification:_identify(src/atcan_bridge) by extensions ['ros']
[1.220s] Level 1:colcon.colcon_core.package_identification:_identify(src/atcan_bridge) by extension 'ros'
[1.228s] DEBUG:colcon.colcon_core.package_identification:Package 'src/atcan_bridge' with type 'ros.ament_cmake' and name 'atcan_bridge'
[1.228s] Level 1:colcon.colcon_core.package_discovery:discover_packages(recursive) using defaults
[1.229s] Level 1:colcon.colcon_core.package_discovery:discover_packages(ignore) discover
[1.229s] Level 1:colcon.colcon_core.package_discovery:discover_packages(ignore) using defaults
[1.229s] Level 1:colcon.colcon_core.package_discovery:discover_packages(path) discover
[1.229s] Level 1:colcon.colcon_core.package_discovery:discover_packages(path) using defaults
[1.303s] Level 1:colcon.colcon_core.package_discovery:discover_packages(prefix_path) check parameters
[1.303s] Level 1:colcon.colcon_core.package_discovery:discover_packages(prefix_path) discover
[1.307s] WARNING:colcon.colcon_ros.prefix_path.ament:The path '/home/mowmow/workspace/CatchRobo-r08/install/at-can_bridge' in the environment variable AMENT_PREFIX_PATH doesn't exist
[1.308s] WARNING:colcon.colcon_ros.prefix_path.catkin:The path '/home/mowmow/workspace/CatchRobo-r08/install/at-can_bridge' in the environment variable CMAKE_PREFIX_PATH doesn't exist
[1.311s] DEBUG:colcon.colcon_installed_package_information.package_discovery:Found 0 installed packages in /home/mowmow/workspace/CatchRobo-r08/install
[1.318s] DEBUG:colcon.colcon_installed_package_information.package_discovery:Found 206 installed packages in /opt/ros/humble
[1.323s] Level 1:colcon.colcon_core.package_discovery:discover_packages(prefix_path) using defaults
[1.480s] Level 5:colcon.colcon_core.verb:set package 'atcan_bridge' build argument 'cmake_args' from command line to 'None'
[1.481s] Level 5:colcon.colcon_core.verb:set package 'atcan_bridge' build argument 'cmake_target' from command line to 'None'
[1.481s] Level 5:colcon.colcon_core.verb:set package 'atcan_bridge' build argument 'cmake_target_skip_unavailable' from command line to 'False'
[1.481s] Level 5:colcon.colcon_core.verb:set package 'atcan_bridge' build argument 'cmake_clean_cache' from command line to 'False'
[1.481s] Level 5:colcon.colcon_core.verb:set package 'atcan_bridge' build argument 'cmake_clean_first' from command line to 'False'
[1.481s] Level 5:colcon.colcon_core.verb:set package 'atcan_bridge' build argument 'cmake_force_configure' from command line to 'False'
[1.481s] Level 5:colcon.colcon_core.verb:set package 'atcan_bridge' build argument 'ament_cmake_args' from command line to 'None'
[1.481s] Level 5:colcon.colcon_core.verb:set package 'atcan_bridge' build argument 'catkin_cmake_args' from command line to 'None'
[1.481s] Level 5:colcon.colcon_core.verb:set package 'atcan_bridge' build argument 'catkin_skip_building_tests' from command line to 'False'
[1.481s] DEBUG:colcon.colcon_core.verb:Building package 'atcan_bridge' with the following arguments: {'ament_cmake_args': None, 'build_base': '/home/mowmow/workspace/CatchRobo-r08/build/atcan_bridge', 'catkin_cmake_args': None, 'catkin_skip_building_tests': False, 'cmake_args': None, 'cmake_clean_cache': False, 'cmake_clean_first': False, 'cmake_force_configure': False, 'cmake_target': None, 'cmake_target_skip_unavailable': False, 'install_base': '/home/mowmow/workspace/CatchRobo-r08/install/atcan_bridge', 'merge_install': False, 'path': '/home/mowmow/workspace/CatchRobo-r08/src/atcan_bridge', 'symlink_install': True, 'test_result_base': None}
[1.482s] INFO:colcon.colcon_core.executor:Executing jobs using 'parallel' executor
[1.485s] DEBUG:colcon.colcon_parallel_executor.executor.parallel:run_until_complete
[1.486s] INFO:colcon.colcon_ros.task.ament_cmake.build:Building ROS package in '/home/mowmow/workspace/CatchRobo-r08/src/atcan_bridge' with build type 'ament_cmake'
[1.486s] INFO:colcon.colcon_cmake.task.cmake.build:Building CMake package in '/home/mowmow/workspace/CatchRobo-r08/src/atcan_bridge'
[1.496s] INFO:colcon.colcon_core.plugin_system:Skipping extension 'colcon_core.shell.bat': Not used on non-Windows systems
[1.497s] INFO:colcon.colcon_core.shell:Skip shell extension 'powershell' for command environment: Not usable outside of PowerShell
[1.497s] DEBUG:colcon.colcon_core.shell:Skip shell extension 'dsv' for command environment
[1.529s] DEBUG:colcon.colcon_core.event_handler.log_command:Invoking command in '/home/mowmow/workspace/CatchRobo-r08/build/atcan_bridge': CMAKE_PREFIX_PATH=${CMAKE_PREFIX_PATH}:/opt/ros/humble /usr/bin/cmake /home/mowmow/workspace/CatchRobo-r08/src/atcan_bridge -DAMENT_CMAKE_SYMLINK_INSTALL=1 -DCMAKE_INSTALL_PREFIX=/home/mowmow/workspace/CatchRobo-r08/install/atcan_bridge
[7.049s] DEBUG:colcon.colcon_core.event_handler.log_command:Invoked command in '/home/mowmow/workspace/CatchRobo-r08/build/atcan_bridge' returned '0': CMAKE_PREFIX_PATH=${CMAKE_PREFIX_PATH}:/opt/ros/humble /usr/bin/cmake /home/mowmow/workspace/CatchRobo-r08/src/atcan_bridge -DAMENT_CMAKE_SYMLINK_INSTALL=1 -DCMAKE_INSTALL_PREFIX=/home/mowmow/workspace/CatchRobo-r08/install/atcan_bridge
[7.058s] DEBUG:colcon.colcon_core.event_handler.log_command:Invoking command in '/home/mowmow/workspace/CatchRobo-r08/build/atcan_bridge': CMAKE_PREFIX_PATH=${CMAKE_PREFIX_PATH}:/opt/ros/humble /usr/bin/cmake --build /home/mowmow/workspace/CatchRobo-r08/build/atcan_bridge -- -j4 -l4
[42.038s] DEBUG:colcon.colcon_core.event_handler.log_command:Invoked command in '/home/mowmow/workspace/CatchRobo-r08/build/atcan_bridge' returned '0': CMAKE_PREFIX_PATH=${CMAKE_PREFIX_PATH}:/opt/ros/humble /usr/bin/cmake --build /home/mowmow/workspace/CatchRobo-r08/build/atcan_bridge -- -j4 -l4
[42.079s] DEBUG:colcon.colcon_core.event_handler.log_command:Invoking command in '/home/mowmow/workspace/CatchRobo-r08/build/atcan_bridge': CMAKE_PREFIX_PATH=${CMAKE_PREFIX_PATH}:/opt/ros/humble /usr/bin/cmake --install /home/mowmow/workspace/CatchRobo-r08/build/atcan_bridge
[42.635s] Level 1:colcon.colcon_core.environment:create_environment_scripts_only(atcan_bridge)
[42.637s] DEBUG:colcon.colcon_core.event_handler.log_command:Invoked command in '/home/mowmow/workspace/CatchRobo-r08/build/atcan_bridge' returned '0': CMAKE_PREFIX_PATH=${CMAKE_PREFIX_PATH}:/opt/ros/humble /usr/bin/cmake --install /home/mowmow/workspace/CatchRobo-r08/build/atcan_bridge
[42.647s] Level 1:colcon.colcon_core.environment:checking '/home/mowmow/workspace/CatchRobo-r08/install/atcan_bridge' for CMake module files
[42.651s] Level 1:colcon.colcon_core.environment:checking '/home/mowmow/workspace/CatchRobo-r08/install/atcan_bridge' for CMake config files
[42.652s] Level 1:colcon.colcon_core.shell:create_environment_hook('atcan_bridge', 'cmake_prefix_path')
[42.653s] INFO:colcon.colcon_core.shell:Creating environment hook '/home/mowmow/workspace/CatchRobo-r08/install/atcan_bridge/share/atcan_bridge/hook/cmake_prefix_path.ps1'
[42.656s] INFO:colcon.colcon_core.shell:Creating environment descriptor '/home/mowmow/workspace/CatchRobo-r08/install/atcan_bridge/share/atcan_bridge/hook/cmake_prefix_path.dsv'
[42.658s] INFO:colcon.colcon_core.shell:Creating environment hook '/home/mowmow/workspace/CatchRobo-r08/install/atcan_bridge/share/atcan_bridge/hook/cmake_prefix_path.sh'
[42.661s] Level 1:colcon.colcon_core.environment:checking '/home/mowmow/workspace/CatchRobo-r08/install/atcan_bridge/lib'
[42.662s] Level 1:colcon.colcon_core.environment:checking '/home/mowmow/workspace/CatchRobo-r08/install/atcan_bridge/bin'
[42.662s] Level 1:colcon.colcon_core.environment:checking '/home/mowmow/workspace/CatchRobo-r08/install/atcan_bridge/lib/pkgconfig/atcan_bridge.pc'
[42.663s] Level 1:colcon.colcon_core.environment:checking '/home/mowmow/workspace/CatchRobo-r08/install/atcan_bridge/lib/python3.10/site-packages'
[42.664s] Level 1:colcon.colcon_core.environment:checking '/home/mowmow/workspace/CatchRobo-r08/install/atcan_bridge/bin'
[42.665s] INFO:colcon.colcon_core.shell:Creating package script '/home/mowmow/workspace/CatchRobo-r08/install/atcan_bridge/share/atcan_bridge/package.ps1'
[42.669s] INFO:colcon.colcon_core.shell:Creating package descriptor '/home/mowmow/workspace/CatchRobo-r08/install/atcan_bridge/share/atcan_bridge/package.dsv'
[42.671s] INFO:colcon.colcon_core.shell:Creating package script '/home/mowmow/workspace/CatchRobo-r08/install/atcan_bridge/share/atcan_bridge/package.sh'
[42.674s] INFO:colcon.colcon_core.shell:Creating package script '/home/mowmow/workspace/CatchRobo-r08/install/atcan_bridge/share/atcan_bridge/package.bash'
[42.677s] INFO:colcon.colcon_core.shell:Creating package script '/home/mowmow/workspace/CatchRobo-r08/install/atcan_bridge/share/atcan_bridge/package.zsh'
[42.680s] Level 1:colcon.colcon_core.environment:create_file_with_runtime_dependencies(/home/mowmow/workspace/CatchRobo-r08/install/atcan_bridge/share/colcon-core/packages/atcan_bridge)
[42.683s] Level 1:colcon.colcon_core.environment:create_environment_scripts_only(atcan_bridge)
[42.684s] Level 1:colcon.colcon_core.environment:checking '/home/mowmow/workspace/CatchRobo-r08/install/atcan_bridge' for CMake module files
[42.687s] Level 1:colcon.colcon_core.environment:checking '/home/mowmow/workspace/CatchRobo-r08/install/atcan_bridge' for CMake config files
[42.688s] Level 1:colcon.colcon_core.shell:create_environment_hook('atcan_bridge', 'cmake_prefix_path')
[42.689s] INFO:colcon.colcon_core.shell:Creating environment hook '/home/mowmow/workspace/CatchRobo-r08/install/atcan_bridge/share/atcan_bridge/hook/cmake_prefix_path.ps1'
[42.691s] INFO:colcon.colcon_core.shell:Creating environment descriptor '/home/mowmow/workspace/CatchRobo-r08/install/atcan_bridge/share/atcan_bridge/hook/cmake_prefix_path.dsv'
[42.693s] INFO:colcon.colcon_core.shell:Creating environment hook '/home/mowmow/workspace/CatchRobo-r08/install/atcan_bridge/share/atcan_bridge/hook/cmake_prefix_path.sh'
[42.695s] Level 1:colcon.colcon_core.environment:checking '/home/mowmow/workspace/CatchRobo-r08/install/atcan_bridge/lib'
[42.696s] Level 1:colcon.colcon_core.environment:checking '/home/mowmow/workspace/CatchRobo-r08/install/atcan_bridge/bin'
[42.696s] Level 1:colcon.colcon_core.environment:checking '/home/mowmow/workspace/CatchRobo-r08/install/atcan_bridge/lib/pkgconfig/atcan_bridge.pc'
[42.697s] Level 1:colcon.colcon_core.environment:checking '/home/mowmow/workspace/CatchRobo-r08/install/atcan_bridge/lib/python3.10/site-packages'
[42.699s] Level 1:colcon.colcon_core.environment:checking '/home/mowmow/workspace/CatchRobo-r08/install/atcan_bridge/bin'
[42.700s] INFO:colcon.colcon_core.shell:Creating package script '/home/mowmow/workspace/CatchRobo-r08/install/atcan_bridge/share/atcan_bridge/package.ps1'
[42.703s] INFO:colcon.colcon_core.shell:Creating package descriptor '/home/mowmow/workspace/CatchRobo-r08/install/atcan_bridge/share/atcan_bridge/package.dsv'
[42.706s] INFO:colcon.colcon_core.shell:Creating package script '/home/mowmow/workspace/CatchRobo-r08/install/atcan_bridge/share/atcan_bridge/package.sh'
[42.708s] INFO:colcon.colcon_core.shell:Creating package script '/home/mowmow/workspace/CatchRobo-r08/install/atcan_bridge/share/atcan_bridge/package.bash'
[42.711s] INFO:colcon.colcon_core.shell:Creating package script '/home/mowmow/workspace/CatchRobo-r08/install/atcan_bridge/share/atcan_bridge/package.zsh'
[42.714s] Level 1:colcon.colcon_core.environment:create_file_with_runtime_dependencies(/home/mowmow/workspace/CatchRobo-r08/install/atcan_bridge/share/colcon-core/packages/atcan_bridge)
[42.715s] DEBUG:colcon.colcon_parallel_executor.executor.parallel:closing loop
[42.716s] DEBUG:colcon.colcon_parallel_executor.executor.parallel:loop closed
[42.716s] DEBUG:colcon.colcon_parallel_executor.executor.parallel:run_until_complete finished with '0'
[42.717s] DEBUG:colcon.colcon_core.event_reactor:joining thread
[42.740s] INFO:colcon.colcon_core.plugin_system:Skipping extension 'colcon_notification.desktop_notification.notify_send': Could not find 'notify-send'
[42.740s] INFO:colcon.colcon_core.plugin_system:Skipping extension 'colcon_notification.desktop_notification.terminal_notifier': Not used on non-Darwin systems
[42.740s] INFO:colcon.colcon_core.plugin_system:Skipping extension 'colcon_notification.desktop_notification.win32': Not used on non-Windows systems
[42.741s] INFO:colcon.colcon_notification.desktop_notification:Sending desktop notification using 'notify2'
[42.743s] DEBUG:colcon.colcon_notification.desktop_notification.notify2:Failed to initialize notify2: org.freedesktop.DBus.Error.ServiceUnknown: The name org.freedesktop.Notifications was not provided by any .service files
[42.744s] DEBUG:colcon.colcon_core.event_reactor:joined thread
[42.744s] INFO:colcon.colcon_core.shell:Creating prefix script '/home/mowmow/workspace/CatchRobo-r08/install/local_setup.ps1'
[42.748s] INFO:colcon.colcon_core.shell:Creating prefix util module '/home/mowmow/workspace/CatchRobo-r08/install/_local_setup_util_ps1.py'
[42.756s] INFO:colcon.colcon_core.shell:Creating prefix chain script '/home/mowmow/workspace/CatchRobo-r08/install/setup.ps1'
[42.762s] INFO:colcon.colcon_core.shell:Creating prefix script '/home/mowmow/workspace/CatchRobo-r08/install/local_setup.sh'
[42.765s] INFO:colcon.colcon_core.shell:Creating prefix util module '/home/mowmow/workspace/CatchRobo-r08/install/_local_setup_util_sh.py'
[42.768s] INFO:colcon.colcon_core.shell:Creating prefix chain script '/home/mowmow/workspace/CatchRobo-r08/install/setup.sh'
[42.772s] INFO:colcon.colcon_core.shell:Creating prefix script '/home/mowmow/workspace/CatchRobo-r08/install/local_setup.bash'
[42.774s] INFO:colcon.colcon_core.shell:Creating prefix chain script '/home/mowmow/workspace/CatchRobo-r08/install/setup.bash'
[42.778s] INFO:colcon.colcon_core.shell:Creating prefix script '/home/mowmow/workspace/CatchRobo-r08/install/local_setup.zsh'
[42.780s] INFO:colcon.colcon_core.shell:Creating prefix chain script '/home/mowmow/workspace/CatchRobo-r08/install/setup.zsh'
