[0.925s] DEBUG:colcon:Command line arguments: ['/usr/bin/colcon', 'build', '--packages-select', 'robstride_core']
[0.925s] DEBUG:colcon:Parsed command line arguments: Namespace(log_base=None, log_level=None, verb_name='build', build_base='build', install_base='install', merge_install=False, symlink_install=False, test_result_base=None, continue_on_error=False, executor='parallel', parallel_workers=16, event_handlers=None, ignore_user_meta=False, metas=['./colcon.meta'], base_paths=['.'], packages_ignore=None, packages_ignore_regex=None, paths=None, packages_up_to=None, packages_up_to_regex=None, packages_above=None, packages_above_and_dependencies=None, packages_above_depth=None, packages_select_by_dep=None, packages_skip_by_dep=None, packages_skip_up_to=None, packages_select_build_failed=False, packages_skip_build_finished=False, packages_select_test_failures=False, packages_skip_test_passed=False, packages_select=['robstride_core'], packages_skip=None, packages_select_regex=None, packages_skip_regex=None, packages_start=None, packages_end=None, allow_overriding=[], cmake_args=None, cmake_target=None, cmake_target_skip_unavailable=False, cmake_clean_cache=False, cmake_clean_first=False, cmake_force_configure=False, ament_cmake_args=None, catkin_cmake_args=None, catkin_skip_building_tests=False, verb_parser=<colcon_defaults.argument_parser.defaults.DefaultArgumentsDecorator object at 0x7fad05fc8070>, verb_extension=<colcon_core.verb.build.BuildVerb object at 0x7fad05fc8550>, main=<bound method BuildVerb.main of <colcon_core.verb.build.BuildVerb object at 0x7fad05fc8550>>)
[0.969s] Level 1:colcon.colcon_core.package_discovery:discover_packages(colcon_meta) check parameters
[0.969s] Level 1:colcon.colcon_core.package_discovery:discover_packages(recursive) check parameters
[0.970s] Level 1:colcon.colcon_core.package_discovery:discover_packages(ignore) check parameters
[0.970s] Level 1:colcon.colcon_core.package_discovery:discover_packages(path) check parameters
[0.970s] Level 1:colcon.colcon_core.package_discovery:discover_packages(colcon_meta) discover
[0.970s] Level 1:colcon.colcon_core.package_discovery:discover_packages(recursive) discover
[0.970s] INFO:colcon.colcon_core.package_discovery:Crawling recursively for packages in '/home/ubuntu/Desktop/ros2_ws/CatchRobo-r08'
[0.970s] Level 1:colcon.colcon_core.package_identification:_identify(.) by extensions ['ignore', 'ignore_ament_install']
[0.970s] Level 1:colcon.colcon_core.package_identification:_identify(.) by extension 'ignore'
[0.970s] Level 1:colcon.colcon_core.package_identification:_identify(.) by extension 'ignore_ament_install'
[0.970s] Level 1:colcon.colcon_core.package_identification:_identify(.) by extensions ['colcon_pkg']
[0.970s] Level 1:colcon.colcon_core.package_identification:_identify(.) by extension 'colcon_pkg'
[0.970s] Level 1:colcon.colcon_core.package_identification:_identify(.) by extensions ['colcon_meta']
[0.970s] Level 1:colcon.colcon_core.package_identification:_identify(.) by extension 'colcon_meta'
[0.970s] Level 1:colcon.colcon_core.package_identification:_identify(.) by extensions ['ros']
[0.970s] Level 1:colcon.colcon_core.package_identification:_identify(.) by extension 'ros'
[0.979s] Level 1:colcon.colcon_core.package_identification:_identify(.) by extensions ['cmake', 'python']
[0.979s] Level 1:colcon.colcon_core.package_identification:_identify(.) by extension 'cmake'
[0.980s] Level 1:colcon.colcon_core.package_identification:_identify(.) by extension 'python'
[0.980s] Level 1:colcon.colcon_core.package_identification:_identify(.) by extensions ['python_setup_py']
[0.980s] Level 1:colcon.colcon_core.package_identification:_identify(.) by extension 'python_setup_py'
[0.980s] Level 1:colcon.colcon_core.package_identification:_identify(build) by extensions ['ignore', 'ignore_ament_install']
[0.980s] Level 1:colcon.colcon_core.package_identification:_identify(build) by extension 'ignore'
[0.980s] Level 1:colcon.colcon_core.package_identification:_identify(build) ignored
[0.980s] Level 1:colcon.colcon_core.package_identification:_identify(install) by extensions ['ignore', 'ignore_ament_install']
[0.980s] Level 1:colcon.colcon_core.package_identification:_identify(install) by extension 'ignore'
[0.980s] Level 1:colcon.colcon_core.package_identification:_identify(install) ignored
[0.981s] Level 1:colcon.colcon_core.package_identification:_identify(log) by extensions ['ignore', 'ignore_ament_install']
[0.981s] Level 1:colcon.colcon_core.package_identification:_identify(log) by extension 'ignore'
[0.981s] Level 1:colcon.colcon_core.package_identification:_identify(log) ignored
[0.981s] Level 1:colcon.colcon_core.package_identification:_identify(src) by extensions ['ignore', 'ignore_ament_install']
[0.981s] Level 1:colcon.colcon_core.package_identification:_identify(src) by extension 'ignore'
[0.981s] Level 1:colcon.colcon_core.package_identification:_identify(src) by extension 'ignore_ament_install'
[0.981s] Level 1:colcon.colcon_core.package_identification:_identify(src) by extensions ['colcon_pkg']
[0.981s] Level 1:colcon.colcon_core.package_identification:_identify(src) by extension 'colcon_pkg'
[0.981s] Level 1:colcon.colcon_core.package_identification:_identify(src) by extensions ['colcon_meta']
[0.981s] Level 1:colcon.colcon_core.package_identification:_identify(src) by extension 'colcon_meta'
[0.981s] Level 1:colcon.colcon_core.package_identification:_identify(src) by extensions ['ros']
[0.981s] Level 1:colcon.colcon_core.package_identification:_identify(src) by extension 'ros'
[0.982s] Level 1:colcon.colcon_core.package_identification:_identify(src) by extensions ['cmake', 'python']
[0.982s] Level 1:colcon.colcon_core.package_identification:_identify(src) by extension 'cmake'
[0.982s] Level 1:colcon.colcon_core.package_identification:_identify(src) by extension 'python'
[0.982s] Level 1:colcon.colcon_core.package_identification:_identify(src) by extensions ['python_setup_py']
[0.982s] Level 1:colcon.colcon_core.package_identification:_identify(src) by extension 'python_setup_py'
[0.982s] Level 1:colcon.colcon_core.package_identification:_identify(src/atcan_bridge) by extensions ['ignore', 'ignore_ament_install']
[0.982s] Level 1:colcon.colcon_core.package_identification:_identify(src/atcan_bridge) by extension 'ignore'
[0.982s] Level 1:colcon.colcon_core.package_identification:_identify(src/atcan_bridge) by extension 'ignore_ament_install'
[0.982s] Level 1:colcon.colcon_core.package_identification:_identify(src/atcan_bridge) by extensions ['colcon_pkg']
[0.982s] Level 1:colcon.colcon_core.package_identification:_identify(src/atcan_bridge) by extension 'colcon_pkg'
[0.982s] Level 1:colcon.colcon_core.package_identification:_identify(src/atcan_bridge) by extensions ['colcon_meta']
[0.982s] Level 1:colcon.colcon_core.package_identification:_identify(src/atcan_bridge) by extension 'colcon_meta'
[0.982s] Level 1:colcon.colcon_core.package_identification:_identify(src/atcan_bridge) by extensions ['ros']
[0.982s] Level 1:colcon.colcon_core.package_identification:_identify(src/atcan_bridge) by extension 'ros'
[0.985s] DEBUG:colcon.colcon_core.package_identification:Package 'src/atcan_bridge' with type 'ros.ament_cmake' and name 'atcan_bridge'
[0.985s] Level 1:colcon.colcon_core.package_identification:_identify(src/build) by extensions ['ignore', 'ignore_ament_install']
[0.985s] Level 1:colcon.colcon_core.package_identification:_identify(src/build) by extension 'ignore'
[0.985s] Level 1:colcon.colcon_core.package_identification:_identify(src/build) ignored
[0.985s] Level 1:colcon.colcon_core.package_identification:_identify(src/install) by extensions ['ignore', 'ignore_ament_install']
[0.985s] Level 1:colcon.colcon_core.package_identification:_identify(src/install) by extension 'ignore'
[0.985s] Level 1:colcon.colcon_core.package_identification:_identify(src/install) ignored
[0.985s] Level 1:colcon.colcon_core.package_identification:_identify(src/log) by extensions ['ignore', 'ignore_ament_install']
[0.985s] Level 1:colcon.colcon_core.package_identification:_identify(src/log) by extension 'ignore'
[0.985s] Level 1:colcon.colcon_core.package_identification:_identify(src/log) ignored
[0.986s] Level 1:colcon.colcon_core.package_identification:_identify(src/robstride_core) by extensions ['ignore', 'ignore_ament_install']
[0.986s] Level 1:colcon.colcon_core.package_identification:_identify(src/robstride_core) by extension 'ignore'
[0.986s] Level 1:colcon.colcon_core.package_identification:_identify(src/robstride_core) by extension 'ignore_ament_install'
[0.986s] Level 1:colcon.colcon_core.package_identification:_identify(src/robstride_core) by extensions ['colcon_pkg']
[0.986s] Level 1:colcon.colcon_core.package_identification:_identify(src/robstride_core) by extension 'colcon_pkg'
[0.986s] Level 1:colcon.colcon_core.package_identification:_identify(src/robstride_core) by extensions ['colcon_meta']
[0.986s] Level 1:colcon.colcon_core.package_identification:_identify(src/robstride_core) by extension 'colcon_meta'
[0.986s] Level 1:colcon.colcon_core.package_identification:_identify(src/robstride_core) by extensions ['ros']
[0.986s] Level 1:colcon.colcon_core.package_identification:_identify(src/robstride_core) by extension 'ros'
[0.987s] DEBUG:colcon.colcon_core.package_identification:Package 'src/robstride_core' with type 'ros.catkin' and name 'robstride_core'
[0.987s] Level 1:colcon.colcon_core.package_discovery:discover_packages(recursive) using defaults
[0.987s] Level 1:colcon.colcon_core.package_discovery:discover_packages(ignore) discover
[0.987s] Level 1:colcon.colcon_core.package_discovery:discover_packages(ignore) using defaults
[0.987s] Level 1:colcon.colcon_core.package_discovery:discover_packages(path) discover
[0.987s] Level 1:colcon.colcon_core.package_discovery:discover_packages(path) using defaults
[1.046s] INFO:colcon.colcon_core.package_selection:Skipping not selected package 'atcan_bridge' in 'src/atcan_bridge'
[1.073s] Level 1:colcon.colcon_core.package_discovery:discover_packages(prefix_path) check parameters
[1.073s] Level 1:colcon.colcon_core.package_discovery:discover_packages(prefix_path) discover
[1.102s] DEBUG:colcon.colcon_installed_package_information.package_discovery:Found 393 installed packages in /opt/ros/humble
[1.104s] Level 1:colcon.colcon_core.package_discovery:discover_packages(prefix_path) using defaults
[1.216s] Level 5:colcon.colcon_core.verb:set package 'robstride_core' build argument 'cmake_args' from command line to 'None'
[1.216s] Level 5:colcon.colcon_core.verb:set package 'robstride_core' build argument 'cmake_target' from command line to 'None'
[1.216s] Level 5:colcon.colcon_core.verb:set package 'robstride_core' build argument 'cmake_target_skip_unavailable' from command line to 'False'
[1.216s] Level 5:colcon.colcon_core.verb:set package 'robstride_core' build argument 'cmake_clean_cache' from command line to 'False'
[1.216s] Level 5:colcon.colcon_core.verb:set package 'robstride_core' build argument 'cmake_clean_first' from command line to 'False'
[1.216s] Level 5:colcon.colcon_core.verb:set package 'robstride_core' build argument 'cmake_force_configure' from command line to 'False'
[1.216s] Level 5:colcon.colcon_core.verb:set package 'robstride_core' build argument 'ament_cmake_args' from command line to 'None'
[1.216s] Level 5:colcon.colcon_core.verb:set package 'robstride_core' build argument 'catkin_cmake_args' from command line to 'None'
[1.216s] Level 5:colcon.colcon_core.verb:set package 'robstride_core' build argument 'catkin_skip_building_tests' from command line to 'False'
[1.216s] DEBUG:colcon.colcon_core.verb:Building package 'robstride_core' with the following arguments: {'ament_cmake_args': None, 'build_base': '/home/ubuntu/Desktop/ros2_ws/CatchRobo-r08/build/robstride_core', 'catkin_cmake_args': None, 'catkin_skip_building_tests': False, 'cmake_args': None, 'cmake_clean_cache': False, 'cmake_clean_first': False, 'cmake_force_configure': False, 'cmake_target': None, 'cmake_target_skip_unavailable': False, 'install_base': '/home/ubuntu/Desktop/ros2_ws/CatchRobo-r08/install/robstride_core', 'merge_install': False, 'path': '/home/ubuntu/Desktop/ros2_ws/CatchRobo-r08/src/robstride_core', 'symlink_install': False, 'test_result_base': None}
[1.229s] INFO:colcon.colcon_core.executor:Executing jobs using 'parallel' executor
[1.244s] DEBUG:colcon.colcon_parallel_executor.executor.parallel:run_until_complete
[1.244s] INFO:colcon.colcon_ros.task.catkin.build:Building ROS package in '/home/ubuntu/Desktop/ros2_ws/CatchRobo-r08/src/robstride_core' with build type 'catkin'
[1.245s] INFO:colcon.colcon_cmake.task.cmake.build:Building CMake package in '/home/ubuntu/Desktop/ros2_ws/CatchRobo-r08/src/robstride_core'
[1.262s] INFO:colcon.colcon_core.plugin_system:Skipping extension 'colcon_core.shell.bat': Not used on non-Windows systems
[1.263s] INFO:colcon.colcon_core.shell:Skip shell extension 'powershell' for command environment: Not usable outside of PowerShell
[1.263s] DEBUG:colcon.colcon_core.shell:Skip shell extension 'dsv' for command environment
[1.302s] DEBUG:colcon.colcon_core.event_handler.log_command:Invoking command in '/home/ubuntu/Desktop/ros2_ws/CatchRobo-r08/build/robstride_core': /usr/bin/cmake --build /home/ubuntu/Desktop/ros2_ws/CatchRobo-r08/build/robstride_core -- -j16 -l16
[6.987s] DEBUG:colcon.colcon_core.event_handler.log_command:Invoked command in '/home/ubuntu/Desktop/ros2_ws/CatchRobo-r08/build/robstride_core' returned '2': /usr/bin/cmake --build /home/ubuntu/Desktop/ros2_ws/CatchRobo-r08/build/robstride_core -- -j16 -l16
[7.080s] Level 1:colcon.colcon_core.shell:create_environment_hook('robstride_core', 'ros_package_path')
[7.096s] INFO:colcon.colcon_core.shell:Creating environment hook '/home/ubuntu/Desktop/ros2_ws/CatchRobo-r08/install/robstride_core/share/robstride_core/hook/ros_package_path.ps1'
[7.097s] INFO:colcon.colcon_core.shell:Creating environment descriptor '/home/ubuntu/Desktop/ros2_ws/CatchRobo-r08/install/robstride_core/share/robstride_core/hook/ros_package_path.dsv'
[7.098s] INFO:colcon.colcon_core.shell:Creating environment hook '/home/ubuntu/Desktop/ros2_ws/CatchRobo-r08/install/robstride_core/share/robstride_core/hook/ros_package_path.sh'
[7.098s] Level 1:colcon.colcon_ros.task.catkin:checking '/home/ubuntu/Desktop/ros2_ws/CatchRobo-r08/install/robstride_core/local/lib/python3.10/dist-packages'
[7.098s] Level 1:colcon.colcon_core.shell:create_environment_hook('robstride_core', 'pkg_config_path')
[7.112s] INFO:colcon.colcon_core.shell:Creating environment hook '/home/ubuntu/Desktop/ros2_ws/CatchRobo-r08/install/robstride_core/share/robstride_core/hook/pkg_config_path.ps1'
[7.112s] INFO:colcon.colcon_core.shell:Creating environment descriptor '/home/ubuntu/Desktop/ros2_ws/CatchRobo-r08/install/robstride_core/share/robstride_core/hook/pkg_config_path.dsv'
[7.113s] INFO:colcon.colcon_core.shell:Creating environment hook '/home/ubuntu/Desktop/ros2_ws/CatchRobo-r08/install/robstride_core/share/robstride_core/hook/pkg_config_path.sh'
[7.115s] Level 1:colcon.colcon_core.shell:create_environment_hook('robstride_core', 'pkg_config_path_multiarch')
[7.129s] INFO:colcon.colcon_core.shell:Creating environment hook '/home/ubuntu/Desktop/ros2_ws/CatchRobo-r08/install/robstride_core/share/robstride_core/hook/pkg_config_path_multiarch.ps1'
[7.129s] INFO:colcon.colcon_core.shell:Creating environment descriptor '/home/ubuntu/Desktop/ros2_ws/CatchRobo-r08/install/robstride_core/share/robstride_core/hook/pkg_config_path_multiarch.dsv'
[7.129s] INFO:colcon.colcon_core.shell:Creating environment hook '/home/ubuntu/Desktop/ros2_ws/CatchRobo-r08/install/robstride_core/share/robstride_core/hook/pkg_config_path_multiarch.sh'
[7.144s] Level 1:colcon.colcon_core.environment:create_environment_scripts_only(robstride_core)
[7.160s] Level 1:colcon.colcon_core.environment:checking '/home/ubuntu/Desktop/ros2_ws/CatchRobo-r08/install/robstride_core' for CMake module files
[7.160s] Level 1:colcon.colcon_core.environment:checking '/home/ubuntu/Desktop/ros2_ws/CatchRobo-r08/install/robstride_core' for CMake config files
[7.161s] Level 1:colcon.colcon_core.environment:checking '/home/ubuntu/Desktop/ros2_ws/CatchRobo-r08/install/robstride_core/bin'
[7.161s] Level 1:colcon.colcon_core.environment:checking '/home/ubuntu/Desktop/ros2_ws/CatchRobo-r08/install/robstride_core/lib/pkgconfig/robstride_core.pc'
[7.161s] Level 1:colcon.colcon_core.environment:checking '/home/ubuntu/Desktop/ros2_ws/CatchRobo-r08/install/robstride_core/lib/python3.10/site-packages'
[7.162s] Level 1:colcon.colcon_core.environment:checking '/home/ubuntu/Desktop/ros2_ws/CatchRobo-r08/install/robstride_core/bin'
[7.176s] INFO:colcon.colcon_core.shell:Creating package script '/home/ubuntu/Desktop/ros2_ws/CatchRobo-r08/install/robstride_core/share/robstride_core/package.ps1'
[7.177s] INFO:colcon.colcon_core.shell:Creating package descriptor '/home/ubuntu/Desktop/ros2_ws/CatchRobo-r08/install/robstride_core/share/robstride_core/package.dsv'
[7.178s] INFO:colcon.colcon_core.shell:Creating package script '/home/ubuntu/Desktop/ros2_ws/CatchRobo-r08/install/robstride_core/share/robstride_core/package.sh'
[7.179s] INFO:colcon.colcon_core.shell:Creating package script '/home/ubuntu/Desktop/ros2_ws/CatchRobo-r08/install/robstride_core/share/robstride_core/package.bash'
[7.179s] INFO:colcon.colcon_core.shell:Creating package script '/home/ubuntu/Desktop/ros2_ws/CatchRobo-r08/install/robstride_core/share/robstride_core/package.zsh'
[7.180s] Level 1:colcon.colcon_core.environment:create_file_with_runtime_dependencies(/home/ubuntu/Desktop/ros2_ws/CatchRobo-r08/install/robstride_core/share/colcon-core/packages/robstride_core)
[7.191s] DEBUG:colcon.colcon_parallel_executor.executor.parallel:closing loop
[7.191s] DEBUG:colcon.colcon_parallel_executor.executor.parallel:loop closed
[7.191s] DEBUG:colcon.colcon_parallel_executor.executor.parallel:run_until_complete finished with '2'
[7.191s] DEBUG:colcon.colcon_core.event_reactor:joining thread
[7.212s] INFO:colcon.colcon_core.plugin_system:Skipping extension 'colcon_notification.desktop_notification.terminal_notifier': Not used on non-Darwin systems
[7.212s] INFO:colcon.colcon_core.plugin_system:Skipping extension 'colcon_notification.desktop_notification.win32': Not used on non-Windows systems
[7.212s] INFO:colcon.colcon_notification.desktop_notification:Sending desktop notification using 'notify2'
[7.490s] DEBUG:colcon.colcon_core.event_reactor:joined thread
[7.505s] INFO:colcon.colcon_core.shell:Creating prefix script '/home/ubuntu/Desktop/ros2_ws/CatchRobo-r08/install/local_setup.ps1'
[7.506s] INFO:colcon.colcon_core.shell:Creating prefix util module '/home/ubuntu/Desktop/ros2_ws/CatchRobo-r08/install/_local_setup_util_ps1.py'
[7.507s] INFO:colcon.colcon_core.shell:Creating prefix chain script '/home/ubuntu/Desktop/ros2_ws/CatchRobo-r08/install/setup.ps1'
[7.522s] INFO:colcon.colcon_core.shell:Creating prefix script '/home/ubuntu/Desktop/ros2_ws/CatchRobo-r08/install/local_setup.sh'
[7.522s] INFO:colcon.colcon_core.shell:Creating prefix util module '/home/ubuntu/Desktop/ros2_ws/CatchRobo-r08/install/_local_setup_util_sh.py'
[7.523s] INFO:colcon.colcon_core.shell:Creating prefix chain script '/home/ubuntu/Desktop/ros2_ws/CatchRobo-r08/install/setup.sh'
[7.537s] INFO:colcon.colcon_core.shell:Creating prefix script '/home/ubuntu/Desktop/ros2_ws/CatchRobo-r08/install/local_setup.bash'
[7.538s] INFO:colcon.colcon_core.shell:Creating prefix chain script '/home/ubuntu/Desktop/ros2_ws/CatchRobo-r08/install/setup.bash'
[7.551s] INFO:colcon.colcon_core.shell:Creating prefix script '/home/ubuntu/Desktop/ros2_ws/CatchRobo-r08/install/local_setup.zsh'
[7.552s] INFO:colcon.colcon_core.shell:Creating prefix chain script '/home/ubuntu/Desktop/ros2_ws/CatchRobo-r08/install/setup.zsh'
