[0.064s] Invoking command in '/home/ubuntu/Desktop/ros2_ws/CatchRobo-r08/build/robstride_core': /usr/bin/cmake --build /home/ubuntu/Desktop/ros2_ws/CatchRobo-r08/build/robstride_core -- -j16 -l16
[0.083s] -- Found ament_cmake: 1.3.5 (/opt/ros/humble/share/ament_cmake/cmake)
[0.221s] -- Found rosidl_default_generators: 1.2.0 (/opt/ros/humble/share/rosidl_default_generators/cmake)
[0.224s] -- Using all available rosidl_typesupport_c: rosidl_typesupport_fastrtps_c;rosidl_typesupport_introspection_c
[0.228s] -- Found rosidl_adapter: 3.1.5 (/opt/ros/humble/share/rosidl_adapter/cmake)
[0.281s] -- Using all available rosidl_typesupport_cpp: rosidl_typesupport_fastrtps_cpp;rosidl_typesupport_introspection_cpp
[0.312s] -- Found builtin_interfaces: 1.2.1 (/opt/ros/humble/share/builtin_interfaces/cmake)
[0.332s] -- Found rclcpp: 16.0.6 (/opt/ros/humble/share/rclcpp/cmake)
[0.387s] -- Found rmw_implementation_cmake: 6.1.1 (/opt/ros/humble/share/rmw_implementation_cmake/cmake)
[0.389s] -- Found rmw_fastrtps_cpp: 6.2.4 (/opt/ros/humble/share/rmw_fastrtps_cpp/cmake)
[0.543s] -- Using RMW implementation 'rmw_fastrtps_cpp' as default
[0.687s] -- Found geometry_msgs: 4.2.3 (/opt/ros/humble/share/geometry_msgs/cmake)
[0.932s] -- Found ament_cmake_ros: 0.10.0 (/opt/ros/humble/share/ament_cmake_ros/cmake)
[1.083s] -- Using all available rosidl_typesupport_c: rosidl_typesupport_fastrtps_c;rosidl_typesupport_introspection_c
[1.278s] -- Using all available rosidl_typesupport_cpp: rosidl_typesupport_fastrtps_cpp;rosidl_typesupport_introspection_cpp
[1.297s] -- Found python_cmake_module: 0.10.0 (/opt/ros/humble/share/python_cmake_module/cmake)
[1.318s] -- Using PYTHON_EXECUTABLE: /usr/bin/python3
[1.318s] -- Using PYTHON_INCLUDE_DIRS: /usr/include/python3.10
[1.318s] -- Using PYTHON_LIBRARIES: /usr/lib/x86_64-linux-gnu/libpython3.10.so
[1.330s] [31mCMake Error at CMakeLists.txt:28 (rosidl_target_interfaces):
[1.330s]   rosidl_target_interfaces Function invoked with incorrect arguments for
[1.331s]   function named: rosidl_target_interfaces
[1.331s] 
[1.331s] [0m
[1.331s] [31mCMake Error at CMakeLists.txt:32 (rosidl_target_interfaces):
[1.331s]   rosidl_target_interfaces Function invoked with incorrect arguments for
[1.331s]   function named: rosidl_target_interfaces
[1.331s] 
[1.331s] [0m
[1.345s] -- Configuring incomplete, errors occurred!
[1.345s] See also "/home/ubuntu/Desktop/ros2_ws/CatchRobo-r08/build/robstride_core/CMakeFiles/CMakeOutput.log".
[1.352s] gmake: *** [Makefile:1045: cmake_check_build_system] Error 1
[1.355s] Invoked command in '/home/ubuntu/Desktop/ros2_ws/CatchRobo-r08/build/robstride_core' returned '2': /usr/bin/cmake --build /home/ubuntu/Desktop/ros2_ws/CatchRobo-r08/build/robstride_core -- -j16 -l16
