[0.040s] Invoking command in '/home/mowmow/workspace/CatchRobo-r08/build/atcan_bridge': CMAKE_PREFIX_PATH=${CMAKE_PREFIX_PATH}:/opt/ros/humble /usr/bin/cmake /home/mowmow/workspace/CatchRobo-r08/src/atcan_bridge -DAMENT_CMAKE_SYMLINK_INSTALL=1 -DCMAKE_INSTALL_PREFIX=/home/mowmow/workspace/CatchRobo-r08/install/atcan_bridge
[0.300s] -- The C compiler identification is GNU 11.4.0
[0.567s] -- The CXX compiler identification is GNU 11.4.0
[0.596s] -- Detecting C compiler ABI info
[0.918s] -- Detecting C compiler ABI info - done
[0.945s] -- Check for working C compiler: /usr/bin/cc - skipped
[0.946s] -- Detecting C compile features
[0.948s] -- Detecting C compile features - done
[0.961s] -- Detecting CXX compiler ABI info
[1.314s] -- Detecting CXX compiler ABI info - done
[1.341s] -- Check for working CXX compiler: /usr/bin/c++ - skipped
[1.342s] -- Detecting CXX compile features
[1.344s] -- Detecting CXX compile features - done
[1.366s] -- Found ament_cmake: 1.3.12 (/opt/ros/humble/share/ament_cmake/cmake)
[2.066s] -- Found Python3: /usr/bin/python3 (found version "3.10.12") found components: Interpreter 
[2.343s] -- Override CMake install command with custom implementation using symlinks instead of copying resources
[2.570s] -- Found rclcpp: 16.0.14 (/opt/ros/humble/share/rclcpp/cmake)
[2.837s] -- Found rosidl_generator_c: 3.1.7 (/opt/ros/humble/share/rosidl_generator_c/cmake)
[2.872s] -- Found rosidl_adapter: 3.1.7 (/opt/ros/humble/share/rosidl_adapter/cmake)
[2.921s] -- Found rosidl_generator_cpp: 3.1.7 (/opt/ros/humble/share/rosidl_generator_cpp/cmake)
[2.986s] -- Using all available rosidl_typesupport_c: rosidl_typesupport_fastrtps_c;rosidl_typesupport_introspection_c
[3.075s] -- Using all available rosidl_typesupport_cpp: rosidl_typesupport_fastrtps_cpp;rosidl_typesupport_introspection_cpp
[3.348s] -- Found rmw_implementation_cmake: 6.1.2 (/opt/ros/humble/share/rmw_implementation_cmake/cmake)
[3.368s] -- Found rmw_fastrtps_cpp: 6.2.8 (/opt/ros/humble/share/rmw_fastrtps_cpp/cmake)
[3.845s] -- Found OpenSSL: /usr/lib/aarch64-linux-gnu/libcrypto.so (found version "3.0.2")  
[3.979s] -- Found FastRTPS: /opt/ros/humble/include  
[4.202s] -- Using RMW implementation 'rmw_fastrtps_cpp' as default
[4.262s] -- Looking for pthread.h
[4.592s] -- Looking for pthread.h - found
[4.595s] -- Performing Test CMAKE_HAVE_LIBC_PTHREAD
[4.926s] -- Performing Test CMAKE_HAVE_LIBC_PTHREAD - Success
[4.930s] -- Found Threads: TRUE  
[5.461s] -- Configuring done
[5.514s] -- Generating done
[5.527s] -- Build files have been written to: /home/mowmow/workspace/CatchRobo-r08/build/atcan_bridge
[5.561s] Invoked command in '/home/mowmow/workspace/CatchRobo-r08/build/atcan_bridge' returned '0': CMAKE_PREFIX_PATH=${CMAKE_PREFIX_PATH}:/opt/ros/humble /usr/bin/cmake /home/mowmow/workspace/CatchRobo-r08/src/atcan_bridge -DAMENT_CMAKE_SYMLINK_INSTALL=1 -DCMAKE_INSTALL_PREFIX=/home/mowmow/workspace/CatchRobo-r08/install/atcan_bridge
[5.570s] Invoking command in '/home/mowmow/workspace/CatchRobo-r08/build/atcan_bridge': CMAKE_PREFIX_PATH=${CMAKE_PREFIX_PATH}:/opt/ros/humble /usr/bin/cmake --build /home/mowmow/workspace/CatchRobo-r08/build/atcan_bridge -- -j4 -l4
[5.772s] [ 50%] [32mBuilding CXX object CMakeFiles/atcan_bridge_node.dir/src/atcan_bridge.cpp.o[0m
[38.739s] [100%] [32m[1mLinking CXX executable atcan_bridge_node[0m
[40.512s] [100%] Built target atcan_bridge_node
[40.551s] Invoked command in '/home/mowmow/workspace/CatchRobo-r08/build/atcan_bridge' returned '0': CMAKE_PREFIX_PATH=${CMAKE_PREFIX_PATH}:/opt/ros/humble /usr/bin/cmake --build /home/mowmow/workspace/CatchRobo-r08/build/atcan_bridge -- -j4 -l4
[40.590s] Invoking command in '/home/mowmow/workspace/CatchRobo-r08/build/atcan_bridge': CMAKE_PREFIX_PATH=${CMAKE_PREFIX_PATH}:/opt/ros/humble /usr/bin/cmake --install /home/mowmow/workspace/CatchRobo-r08/build/atcan_bridge
[40.616s] -- Install configuration: ""
[40.618s] -- Execute custom install script
[40.620s] -- Symlinking: /home/mowmow/workspace/CatchRobo-r08/install/atcan_bridge/lib/atcan_bridge/atcan_bridge_node
[40.650s] -- Symlinking: /home/mowmow/workspace/CatchRobo-r08/install/atcan_bridge/share/atcan_bridge/launch/atcan_bridge.launch.py
[40.682s] -- Symlinking: /home/mowmow/workspace/CatchRobo-r08/install/atcan_bridge/share/ament_index/resource_index/package_run_dependencies/atcan_bridge
[40.713s] -- Symlinking: /home/mowmow/workspace/CatchRobo-r08/install/atcan_bridge/share/ament_index/resource_index/parent_prefix_path/atcan_bridge
[40.744s] -- Symlinking: /home/mowmow/workspace/CatchRobo-r08/install/atcan_bridge/share/atcan_bridge/environment/ament_prefix_path.sh
[40.775s] -- Symlinking: /home/mowmow/workspace/CatchRobo-r08/install/atcan_bridge/share/atcan_bridge/environment/ament_prefix_path.dsv
[40.806s] -- Symlinking: /home/mowmow/workspace/CatchRobo-r08/install/atcan_bridge/share/atcan_bridge/environment/path.sh
[40.836s] -- Symlinking: /home/mowmow/workspace/CatchRobo-r08/install/atcan_bridge/share/atcan_bridge/environment/path.dsv
[40.867s] -- Symlinking: /home/mowmow/workspace/CatchRobo-r08/install/atcan_bridge/share/atcan_bridge/local_setup.bash
[40.897s] -- Symlinking: /home/mowmow/workspace/CatchRobo-r08/install/atcan_bridge/share/atcan_bridge/local_setup.sh
[40.928s] -- Symlinking: /home/mowmow/workspace/CatchRobo-r08/install/atcan_bridge/share/atcan_bridge/local_setup.zsh
[40.958s] -- Symlinking: /home/mowmow/workspace/CatchRobo-r08/install/atcan_bridge/share/atcan_bridge/local_setup.dsv
[40.990s] -- Symlinking: /home/mowmow/workspace/CatchRobo-r08/install/atcan_bridge/share/atcan_bridge/package.dsv
[41.021s] -- Symlinking: /home/mowmow/workspace/CatchRobo-r08/install/atcan_bridge/share/ament_index/resource_index/packages/atcan_bridge
[41.051s] -- Symlinking: /home/mowmow/workspace/CatchRobo-r08/install/atcan_bridge/share/atcan_bridge/cmake/atcan_bridgeConfig.cmake
[41.082s] -- Symlinking: /home/mowmow/workspace/CatchRobo-r08/install/atcan_bridge/share/atcan_bridge/cmake/atcan_bridgeConfig-version.cmake
[41.112s] -- Symlinking: /home/mowmow/workspace/CatchRobo-r08/install/atcan_bridge/share/atcan_bridge/package.xml
[41.149s] Invoked command in '/home/mowmow/workspace/CatchRobo-r08/build/atcan_bridge' returned '0': CMAKE_PREFIX_PATH=${CMAKE_PREFIX_PATH}:/opt/ros/humble /usr/bin/cmake --install /home/mowmow/workspace/CatchRobo-r08/build/atcan_bridge
